<?xml version="1.0" encoding="UTF-8"?>
<robot generator="Robot 4.1 (Python 3.8.10 on linux)" generated="20220120 15:04:14.481" rpa="false" schemaversion="2">
<suite id="s1" name="Robot Interactive Console" source="/home/genericspecimen/.vscode-oss/extensions/robocorp.robotframework-lsp-0.37.0/src/robotframework_ls/vendored/robotframework_interactive/robot_interactive_console.robot">
<test id="s1-t1" name="Default Task/Test">
<kw name="Interpreter Main Loop" library="MainLoop">
<status status="PASS" starttime="20220120 15:04:14.517" endtime="20220120 15:04:16.094"/>
</kw>
<status status="PASS" starttime="20220120 15:04:14.517" endtime="20220120 15:04:16.094"/>
</test>
<status status="PASS" starttime="20220120 15:04:14.482" endtime="20220120 15:04:16.097"/>
</suite>
<statistics>
<total>
<stat pass="1" fail="0" skip="0">All Tests</stat>
</total>
<tag>
</tag>
<suite>
<stat pass="1" fail="0" skip="0" id="s1" name="Robot Interactive Console">Robot Interactive Console</stat>
</suite>
</statistics>
<errors>
</errors>
</robot>
