<?xml version="1.0" encoding="UTF-8"?>
<robot generator="Robot 4.1.3 (Python 3.9.7 on win32)" generated="20220201 21:52:03.845" rpa="false" schemaversion="2">
<suite id="s1" name="Apparel Clothing Page" source="D:\TruMinds\nopcommerce\TestSuite\apparel_clothing_page.robot">
<test id="s1-t1" name="Displaying Clothes In List View And Grid View">
<kw name="Open Webui" library="Common_Utils">
<arg>${browser}</arg>
<arg>${url}</arg>
<doc>Open demo nopcommerce WebUI</doc>
<kw name="Log" library="BuiltIn">
<arg>Browser: ${browser}</arg>
<arg>HTML</arg>
<arg>console=true</arg>
<doc>Logs the given message with the given level.</doc>
<msg timestamp="20220201 21:52:04.450" level="INFO" html="true">Browser: Chrome</msg>
<status status="PASS" starttime="20220201 21:52:04.450" endtime="20220201 21:52:04.450"/>
</kw>
<kw name="Log" library="BuiltIn">
<arg>URL: ${url}</arg>
<arg>HTML</arg>
<arg>console=true</arg>
<doc>Logs the given message with the given level.</doc>
<msg timestamp="20220201 21:52:04.451" level="INFO" html="true">URL: https://demo.nopcommerce.com/</msg>
<status status="PASS" starttime="20220201 21:52:04.451" endtime="20220201 21:52:04.451"/>
</kw>
<kw name="Wait Until Keyword Succeeds" library="BuiltIn">
<arg>3 times</arg>
<arg>5 seconds</arg>
<arg>Open Webui Repeat</arg>
<arg>${browser}</arg>
<arg>${url}</arg>
<doc>Runs the specified keyword and retries if it fails.</doc>
<kw name="Open Webui Repeat" library="Common_Utils">
<arg>${browser}</arg>
<arg>${url}</arg>
<kw name="Run Keyword If" library="BuiltIn">
<arg>'${browser}'=='Firefox'</arg>
<arg>Setup Firefox</arg>
<arg>${url}</arg>
<arg>ELSE IF</arg>
<arg>'${browser}'=='Chrome'</arg>
<arg>Setup Chrome</arg>
<arg>${url}</arg>
<arg>ELSE IF</arg>
<arg>'${browser}'=='Edge'</arg>
<arg>Setup Edge</arg>
<arg>${url}</arg>
<doc>Runs the given keyword with the given arguments, if ``condition`` is true.</doc>
<kw name="Setup Chrome" library="Common_Utils">
<arg>${url}</arg>
<kw name="Log" library="BuiltIn">
<arg>Setting up Chrome</arg>
<arg>console=${True}</arg>
<doc>Logs the given message with the given level.</doc>
<msg timestamp="20220201 21:52:04.453" level="INFO">Setting up Chrome</msg>
<status status="PASS" starttime="20220201 21:52:04.453" endtime="20220201 21:52:04.453"/>
</kw>
<kw name="Log To Console" library="BuiltIn">
<arg>Opening browser with popup blocking disabled and ignoring certificate error</arg>
<doc>Logs the given message to the console.</doc>
<status status="PASS" starttime="20220201 21:52:04.453" endtime="20220201 21:52:04.454"/>
</kw>
<kw name="Open Browser" library="SeleniumLibrary">
<arg>${url}</arg>
<arg>Chrome</arg>
<arg>options=add_argument("--disable-popup-blocking"); add_argument("--ignore-certificate-errors")</arg>
<doc>Opens a new browser instance to the optional ``url``.</doc>
<msg timestamp="20220201 21:52:04.454" level="INFO">Opening browser 'Chrome' to base url 'https://demo.nopcommerce.com/'.</msg>
<status status="PASS" starttime="20220201 21:52:04.454" endtime="20220201 21:52:08.487"/>
</kw>
<status status="PASS" starttime="20220201 21:52:04.452" endtime="20220201 21:52:08.487"/>
</kw>
<status status="PASS" starttime="20220201 21:52:04.452" endtime="20220201 21:52:08.488"/>
</kw>
<kw name="Log To Console" library="BuiltIn">
<arg>Setting window size to 1920x1000 for standard execution across displays</arg>
<doc>Logs the given message to the console.</doc>
<status status="PASS" starttime="20220201 21:52:08.488" endtime="20220201 21:52:08.489"/>
</kw>
<kw name="Set Window Size" library="SeleniumLibrary">
<arg>1920</arg>
<arg>1000</arg>
<doc>Sets current windows size to given ``width`` and ``height``.</doc>
<status status="PASS" starttime="20220201 21:52:08.489" endtime="20220201 21:52:08.621"/>
</kw>
<kw name="Get Window Size" library="SeleniumLibrary">
<var>${width}</var>
<var>${height}</var>
<doc>Returns current window width and height as integers.</doc>
<msg timestamp="20220201 21:52:08.624" level="INFO">${width} = 1386</msg>
<msg timestamp="20220201 21:52:08.624" level="INFO">${height} = 788</msg>
<status status="PASS" starttime="20220201 21:52:08.621" endtime="20220201 21:52:08.624"/>
</kw>
<kw name="Log To Console" library="BuiltIn">
<arg>Window: width: ${width} height: ${height}</arg>
<doc>Logs the given message to the console.</doc>
<status status="PASS" starttime="20220201 21:52:08.625" endtime="20220201 21:52:08.625"/>
</kw>
<kw name="Wait Until Element Is Enabled" library="SeleniumLibrary">
<arg>${home}[logo_image]</arg>
<arg>timeout=30</arg>
<doc>Waits until the element ``locator`` is enabled.</doc>
<status status="PASS" starttime="20220201 21:52:08.625" endtime="20220201 21:52:08.654"/>
</kw>
<status status="PASS" starttime="20220201 21:52:04.452" endtime="20220201 21:52:08.654"/>
</kw>
<status status="PASS" starttime="20220201 21:52:04.451" endtime="20220201 21:52:08.654"/>
</kw>
<status status="PASS" starttime="20220201 21:52:04.449" endtime="20220201 21:52:08.654"/>
</kw>
<kw name="Proceed To Apparel Page" library="Home">
<doc>Navigating to Apparel Page</doc>
<kw name="Wait Until Keyword Succeeds" library="BuiltIn">
<arg>5 times</arg>
<arg>10 seconds</arg>
<arg>Click Link</arg>
<arg>${home}[apparel]</arg>
<doc>Runs the specified keyword and retries if it fails.</doc>
<kw name="Click Link" library="SeleniumLibrary">
<arg>${home}[apparel]</arg>
<doc>Clicks a link identified by ``locator``.</doc>
<msg timestamp="20220201 21:52:08.656" level="INFO">Clicking link '//*[@class='top-menu notmobile']//a[contains(text(),'Apparel')]'.</msg>
<status status="PASS" starttime="20220201 21:52:08.656" endtime="20220201 21:52:10.480"/>
</kw>
<status status="PASS" starttime="20220201 21:52:08.655" endtime="20220201 21:52:10.480"/>
</kw>
<kw name="Wait Until Keyword Succeeds" library="BuiltIn">
<arg>5 times</arg>
<arg>10 seconds</arg>
<arg>Title Should Be</arg>
<arg>nopCommerce demo store. Apparel</arg>
<doc>Runs the specified keyword and retries if it fails.</doc>
<kw name="Title Should Be" library="SeleniumLibrary">
<arg>nopCommerce demo store. Apparel</arg>
<doc>Verifies that the current page title equals ``title``.</doc>
<msg timestamp="20220201 21:52:10.491" level="INFO">Page title is 'nopCommerce demo store. Apparel'.</msg>
<status status="PASS" starttime="20220201 21:52:10.481" endtime="20220201 21:52:10.491"/>
</kw>
<status status="PASS" starttime="20220201 21:52:10.480" endtime="20220201 21:52:10.491"/>
</kw>
<status status="PASS" starttime="20220201 21:52:08.655" endtime="20220201 21:52:10.491"/>
</kw>
<kw name="Proceed To Clothing Page" library="Apparel">
<doc>Navigating to Clothing Page</doc>
<kw name="Wait Until Keyword Succeeds" library="BuiltIn">
<arg>5 times</arg>
<arg>10 seconds</arg>
<arg>Click Element</arg>
<arg>${apparel}[clothing]</arg>
<doc>Runs the specified keyword and retries if it fails.</doc>
<kw name="Click Element" library="SeleniumLibrary">
<arg>${apparel}[clothing]</arg>
<doc>Click the element identified by ``locator``.</doc>
<msg timestamp="20220201 21:52:10.492" level="INFO">Clicking element '//div[@class='item-grid']//div[@class='item-box'][2]'.</msg>
<status status="PASS" starttime="20220201 21:52:10.492" endtime="20220201 21:52:11.181"/>
</kw>
<status status="PASS" starttime="20220201 21:52:10.492" endtime="20220201 21:52:11.181"/>
</kw>
<kw name="Wait Until Keyword Succeeds" library="BuiltIn">
<arg>5 times</arg>
<arg>10 seconds</arg>
<arg>Title Should Be</arg>
<arg>nopCommerce demo store. Clothing</arg>
<doc>Runs the specified keyword and retries if it fails.</doc>
<kw name="Title Should Be" library="SeleniumLibrary">
<arg>nopCommerce demo store. Clothing</arg>
<doc>Verifies that the current page title equals ``title``.</doc>
<msg timestamp="20220201 21:52:11.184" level="INFO">Page title is 'nopCommerce demo store. Clothing'.</msg>
<status status="PASS" starttime="20220201 21:52:11.181" endtime="20220201 21:52:11.185"/>
</kw>
<status status="PASS" starttime="20220201 21:52:11.181" endtime="20220201 21:52:11.185"/>
</kw>
<status status="PASS" starttime="20220201 21:52:10.491" endtime="20220201 21:52:11.185"/>
</kw>
<kw name="View By List" library="Clothing">
<doc>To view the records in list view</doc>
<kw name="Get Element Attribute" library="SeleniumLibrary">
<var>${class}</var>
<arg>${clothing.list}</arg>
<arg>class</arg>
<doc>Returns the value of ``attribute`` from the element ``locator``.</doc>
<msg timestamp="20220201 21:52:11.210" level="INFO">${class} = viewmode-icon list</msg>
<status status="PASS" starttime="20220201 21:52:11.185" endtime="20220201 21:52:11.210"/>
</kw>
<kw name="Should Be Equal As Strings" library="BuiltIn">
<arg>${class.strip()}</arg>
<arg>viewmode-icon list</arg>
<doc>Fails if objects are unequal after converting them to strings.</doc>
<status status="PASS" starttime="20220201 21:52:11.210" endtime="20220201 21:52:11.211"/>
</kw>
<kw name="Wait Until Keyword Succeeds" library="BuiltIn">
<arg>5 times</arg>
<arg>10 seconds</arg>
<arg>Click Element</arg>
<arg>${clothing.list}</arg>
<doc>Runs the specified keyword and retries if it fails.</doc>
<kw name="Click Element" library="SeleniumLibrary">
<arg>${clothing.list}</arg>
<doc>Click the element identified by ``locator``.</doc>
<msg timestamp="20220201 21:52:11.212" level="INFO">Clicking element '//a[contains(text(),'List')]'.</msg>
<status status="PASS" starttime="20220201 21:52:11.211" endtime="20220201 21:52:11.251"/>
</kw>
<status status="PASS" starttime="20220201 21:52:11.211" endtime="20220201 21:52:11.251"/>
</kw>
<kw name="Element Attribute Value Should Be" library="SeleniumLibrary">
<arg>${clothing.list}</arg>
<arg>class</arg>
<arg>viewmode-icon list selected</arg>
<doc>Verifies element identified by ``locator`` contains expected attribute value.</doc>
<msg timestamp="20220201 21:52:11.268" level="INFO">Element '//a[contains(text(),'List')]' attribute 'class' contains value 'viewmode-icon list selected'.</msg>
<status status="PASS" starttime="20220201 21:52:11.251" endtime="20220201 21:52:11.268"/>
</kw>
<kw name="Wait Until Keyword Succeeds" library="BuiltIn">
<arg>5 times</arg>
<arg>10 seconds</arg>
<arg>Page Should Contain Element</arg>
<arg>${clothing}[list_validate]</arg>
<doc>Runs the specified keyword and retries if it fails.</doc>
<kw name="Page Should Contain Element" library="SeleniumLibrary">
<arg>${clothing}[list_validate]</arg>
<doc>Verifies that element ``locator`` is found on the current page.</doc>
<msg timestamp="20220201 21:52:11.438" level="INFO" html="true">&lt;/td&gt;&lt;/tr&gt;&lt;tr&gt;&lt;td colspan="3"&gt;&lt;a href="selenium-screenshot-17.png"&gt;&lt;img src="selenium-screenshot-17.png" width="800px"&gt;&lt;/a&gt;</msg>
<msg timestamp="20220201 21:52:11.441" level="FAIL">Page should have contained element '//div[@class='product-list']' but did not.</msg>
<status status="FAIL" starttime="20220201 21:52:11.269" endtime="20220201 21:52:11.441"/>
</kw>
<kw name="Page Should Contain Element" library="SeleniumLibrary">
<arg>${clothing}[list_validate]</arg>
<doc>Verifies that element ``locator`` is found on the current page.</doc>
<msg timestamp="20220201 21:52:21.464" level="INFO">Current page contains element '//div[@class='product-list']'.</msg>
<status status="PASS" starttime="20220201 21:52:21.456" endtime="20220201 21:52:21.464"/>
</kw>
<status status="PASS" starttime="20220201 21:52:11.269" endtime="20220201 21:52:21.464"/>
</kw>
<status status="PASS" starttime="20220201 21:52:11.185" endtime="20220201 21:52:21.464"/>
</kw>
<kw name="Sleep" library="BuiltIn">
<arg>3</arg>
<doc>Pauses the test executed for the given time.</doc>
<msg timestamp="20220201 21:52:24.477" level="INFO">Slept 3 seconds</msg>
<status status="PASS" starttime="20220201 21:52:21.465" endtime="20220201 21:52:24.477"/>
</kw>
<kw name="View By Grid" library="Clothing">
<doc>To view the records in grid view</doc>
<kw name="Get Element Attribute" library="SeleniumLibrary">
<var>${class}</var>
<arg>${clothing.grid}</arg>
<arg>class</arg>
<doc>Returns the value of ``attribute`` from the element ``locator``.</doc>
<msg timestamp="20220201 21:52:24.497" level="INFO">${class} = viewmode-icon grid</msg>
<status status="PASS" starttime="20220201 21:52:24.478" endtime="20220201 21:52:24.497"/>
</kw>
<kw name="Should Be Equal As Strings" library="BuiltIn">
<arg>${class.strip()}</arg>
<arg>viewmode-icon grid</arg>
<doc>Fails if objects are unequal after converting them to strings.</doc>
<status status="PASS" starttime="20220201 21:52:24.497" endtime="20220201 21:52:24.498"/>
</kw>
<kw name="Wait Until Keyword Succeeds" library="BuiltIn">
<arg>5 times</arg>
<arg>10 seconds</arg>
<arg>Click Element</arg>
<arg>${clothing.grid}</arg>
<doc>Runs the specified keyword and retries if it fails.</doc>
<kw name="Click Element" library="SeleniumLibrary">
<arg>${clothing.grid}</arg>
<doc>Click the element identified by ``locator``.</doc>
<msg timestamp="20220201 21:52:24.499" level="INFO">Clicking element '//a[contains(text(),'Grid')]'.</msg>
<status status="PASS" starttime="20220201 21:52:24.499" endtime="20220201 21:52:24.542"/>
</kw>
<status status="PASS" starttime="20220201 21:52:24.498" endtime="20220201 21:52:24.542"/>
</kw>
<kw name="Element Attribute Value Should Be" library="SeleniumLibrary">
<arg>${clothing.grid}</arg>
<arg>class</arg>
<arg>viewmode-icon grid selected</arg>
<doc>Verifies element identified by ``locator`` contains expected attribute value.</doc>
<msg timestamp="20220201 21:52:24.564" level="INFO">Element '//a[contains(text(),'Grid')]' attribute 'class' contains value 'viewmode-icon grid selected'.</msg>
<status status="PASS" starttime="20220201 21:52:24.542" endtime="20220201 21:52:24.564"/>
</kw>
<kw name="Wait Until Keyword Succeeds" library="BuiltIn">
<arg>5 times</arg>
<arg>10 seconds</arg>
<arg>Page Should Contain Element</arg>
<arg>${clothing}[grid_validate]</arg>
<doc>Runs the specified keyword and retries if it fails.</doc>
<kw name="Page Should Contain Element" library="SeleniumLibrary">
<arg>${clothing}[grid_validate]</arg>
<doc>Verifies that element ``locator`` is found on the current page.</doc>
<msg timestamp="20220201 21:52:24.714" level="INFO" html="true">&lt;/td&gt;&lt;/tr&gt;&lt;tr&gt;&lt;td colspan="3"&gt;&lt;a href="selenium-screenshot-18.png"&gt;&lt;img src="selenium-screenshot-18.png" width="800px"&gt;&lt;/a&gt;</msg>
<msg timestamp="20220201 21:52:24.715" level="FAIL">Page should have contained element '//div[@class='product-grid']' but did not.</msg>
<status status="FAIL" starttime="20220201 21:52:24.565" endtime="20220201 21:52:24.715"/>
</kw>
<kw name="Page Should Contain Element" library="SeleniumLibrary">
<arg>${clothing}[grid_validate]</arg>
<doc>Verifies that element ``locator`` is found on the current page.</doc>
<msg timestamp="20220201 21:52:34.725" level="INFO">Current page contains element '//div[@class='product-grid']'.</msg>
<status status="PASS" starttime="20220201 21:52:34.718" endtime="20220201 21:52:34.725"/>
</kw>
<status status="PASS" starttime="20220201 21:52:24.564" endtime="20220201 21:52:34.725"/>
</kw>
<status status="PASS" starttime="20220201 21:52:24.478" endtime="20220201 21:52:34.725"/>
</kw>
<kw name="Sleep" library="BuiltIn">
<arg>3</arg>
<doc>Pauses the test executed for the given time.</doc>
<msg timestamp="20220201 21:52:37.739" level="INFO">Slept 3 seconds</msg>
<status status="PASS" starttime="20220201 21:52:34.726" endtime="20220201 21:52:37.739"/>
</kw>
<kw name="Close All Browsers" library="SeleniumLibrary">
<doc>Closes all open browsers and resets the browser cache.</doc>
<status status="PASS" starttime="20220201 21:52:37.740" endtime="20220201 21:52:39.916"/>
</kw>
<doc>Toggling between Displaying records as list and grid</doc>
<tag>Different_Views</tag>
<tag>WebUI_Clothing</tag>
<status status="PASS" starttime="20220201 21:52:04.446" endtime="20220201 21:52:39.917"/>
</test>
<test id="s1-t2" name="Successfully Adding Custom T-Shirt into cart">
<kw name="Open Webui" library="Common_Utils">
<arg>${browser}</arg>
<arg>${url}</arg>
<doc>Open demo nopcommerce WebUI</doc>
<kw name="Log" library="BuiltIn">
<arg>Browser: ${browser}</arg>
<arg>HTML</arg>
<arg>console=true</arg>
<doc>Logs the given message with the given level.</doc>
<msg timestamp="20220201 21:52:39.920" level="INFO" html="true">Browser: Chrome</msg>
<status status="PASS" starttime="20220201 21:52:39.920" endtime="20220201 21:52:39.920"/>
</kw>
<kw name="Log" library="BuiltIn">
<arg>URL: ${url}</arg>
<arg>HTML</arg>
<arg>console=true</arg>
<doc>Logs the given message with the given level.</doc>
<msg timestamp="20220201 21:52:39.921" level="INFO" html="true">URL: https://demo.nopcommerce.com/</msg>
<status status="PASS" starttime="20220201 21:52:39.920" endtime="20220201 21:52:39.921"/>
</kw>
<kw name="Wait Until Keyword Succeeds" library="BuiltIn">
<arg>3 times</arg>
<arg>5 seconds</arg>
<arg>Open Webui Repeat</arg>
<arg>${browser}</arg>
<arg>${url}</arg>
<doc>Runs the specified keyword and retries if it fails.</doc>
<kw name="Open Webui Repeat" library="Common_Utils">
<arg>${browser}</arg>
<arg>${url}</arg>
<kw name="Run Keyword If" library="BuiltIn">
<arg>'${browser}'=='Firefox'</arg>
<arg>Setup Firefox</arg>
<arg>${url}</arg>
<arg>ELSE IF</arg>
<arg>'${browser}'=='Chrome'</arg>
<arg>Setup Chrome</arg>
<arg>${url}</arg>
<arg>ELSE IF</arg>
<arg>'${browser}'=='Edge'</arg>
<arg>Setup Edge</arg>
<arg>${url}</arg>
<doc>Runs the given keyword with the given arguments, if ``condition`` is true.</doc>
<kw name="Setup Chrome" library="Common_Utils">
<arg>${url}</arg>
<kw name="Log" library="BuiltIn">
<arg>Setting up Chrome</arg>
<arg>console=${True}</arg>
<doc>Logs the given message with the given level.</doc>
<msg timestamp="20220201 21:52:39.923" level="INFO">Setting up Chrome</msg>
<status status="PASS" starttime="20220201 21:52:39.923" endtime="20220201 21:52:39.923"/>
</kw>
<kw name="Log To Console" library="BuiltIn">
<arg>Opening browser with popup blocking disabled and ignoring certificate error</arg>
<doc>Logs the given message to the console.</doc>
<status status="PASS" starttime="20220201 21:52:39.923" endtime="20220201 21:52:39.924"/>
</kw>
<kw name="Open Browser" library="SeleniumLibrary">
<arg>${url}</arg>
<arg>Chrome</arg>
<arg>options=add_argument("--disable-popup-blocking"); add_argument("--ignore-certificate-errors")</arg>
<doc>Opens a new browser instance to the optional ``url``.</doc>
<msg timestamp="20220201 21:52:39.924" level="INFO">Opening browser 'Chrome' to base url 'https://demo.nopcommerce.com/'.</msg>
<status status="PASS" starttime="20220201 21:52:39.924" endtime="20220201 21:52:44.971"/>
</kw>
<status status="PASS" starttime="20220201 21:52:39.922" endtime="20220201 21:52:44.971"/>
</kw>
<status status="PASS" starttime="20220201 21:52:39.922" endtime="20220201 21:52:44.971"/>
</kw>
<kw name="Log To Console" library="BuiltIn">
<arg>Setting window size to 1920x1000 for standard execution across displays</arg>
<doc>Logs the given message to the console.</doc>
<status status="PASS" starttime="20220201 21:52:44.971" endtime="20220201 21:52:44.972"/>
</kw>
<kw name="Set Window Size" library="SeleniumLibrary">
<arg>1920</arg>
<arg>1000</arg>
<doc>Sets current windows size to given ``width`` and ``height``.</doc>
<status status="PASS" starttime="20220201 21:52:44.972" endtime="20220201 21:52:45.085"/>
</kw>
<kw name="Get Window Size" library="SeleniumLibrary">
<var>${width}</var>
<var>${height}</var>
<doc>Returns current window width and height as integers.</doc>
<msg timestamp="20220201 21:52:45.087" level="INFO">${width} = 1386</msg>
<msg timestamp="20220201 21:52:45.087" level="INFO">${height} = 788</msg>
<status status="PASS" starttime="20220201 21:52:45.085" endtime="20220201 21:52:45.087"/>
</kw>
<kw name="Log To Console" library="BuiltIn">
<arg>Window: width: ${width} height: ${height}</arg>
<doc>Logs the given message to the console.</doc>
<status status="PASS" starttime="20220201 21:52:45.087" endtime="20220201 21:52:45.088"/>
</kw>
<kw name="Wait Until Element Is Enabled" library="SeleniumLibrary">
<arg>${home}[logo_image]</arg>
<arg>timeout=30</arg>
<doc>Waits until the element ``locator`` is enabled.</doc>
<status status="PASS" starttime="20220201 21:52:45.088" endtime="20220201 21:52:45.120"/>
</kw>
<status status="PASS" starttime="20220201 21:52:39.922" endtime="20220201 21:52:45.120"/>
</kw>
<status status="PASS" starttime="20220201 21:52:39.921" endtime="20220201 21:52:45.120"/>
</kw>
<status status="PASS" starttime="20220201 21:52:39.919" endtime="20220201 21:52:45.120"/>
</kw>
<kw name="Proceed To Apparel Page" library="Home">
<doc>Navigating to Apparel Page</doc>
<kw name="Wait Until Keyword Succeeds" library="BuiltIn">
<arg>5 times</arg>
<arg>10 seconds</arg>
<arg>Click Link</arg>
<arg>${home}[apparel]</arg>
<doc>Runs the specified keyword and retries if it fails.</doc>
<kw name="Click Link" library="SeleniumLibrary">
<arg>${home}[apparel]</arg>
<doc>Clicks a link identified by ``locator``.</doc>
<msg timestamp="20220201 21:52:45.121" level="INFO">Clicking link '//*[@class='top-menu notmobile']//a[contains(text(),'Apparel')]'.</msg>
<status status="PASS" starttime="20220201 21:52:45.121" endtime="20220201 21:52:47.170"/>
</kw>
<status status="PASS" starttime="20220201 21:52:45.121" endtime="20220201 21:52:47.170"/>
</kw>
<kw name="Wait Until Keyword Succeeds" library="BuiltIn">
<arg>5 times</arg>
<arg>10 seconds</arg>
<arg>Title Should Be</arg>
<arg>nopCommerce demo store. Apparel</arg>
<doc>Runs the specified keyword and retries if it fails.</doc>
<kw name="Title Should Be" library="SeleniumLibrary">
<arg>nopCommerce demo store. Apparel</arg>
<doc>Verifies that the current page title equals ``title``.</doc>
<msg timestamp="20220201 21:52:47.198" level="INFO">Page title is 'nopCommerce demo store. Apparel'.</msg>
<status status="PASS" starttime="20220201 21:52:47.171" endtime="20220201 21:52:47.198"/>
</kw>
<status status="PASS" starttime="20220201 21:52:47.170" endtime="20220201 21:52:47.199"/>
</kw>
<status status="PASS" starttime="20220201 21:52:45.121" endtime="20220201 21:52:47.199"/>
</kw>
<kw name="Proceed To Clothing Page" library="Apparel">
<doc>Navigating to Clothing Page</doc>
<kw name="Wait Until Keyword Succeeds" library="BuiltIn">
<arg>5 times</arg>
<arg>10 seconds</arg>
<arg>Click Element</arg>
<arg>${apparel}[clothing]</arg>
<doc>Runs the specified keyword and retries if it fails.</doc>
<kw name="Click Element" library="SeleniumLibrary">
<arg>${apparel}[clothing]</arg>
<doc>Click the element identified by ``locator``.</doc>
<msg timestamp="20220201 21:52:47.201" level="INFO">Clicking element '//div[@class='item-grid']//div[@class='item-box'][2]'.</msg>
<status status="PASS" starttime="20220201 21:52:47.201" endtime="20220201 21:52:49.065"/>
</kw>
<status status="PASS" starttime="20220201 21:52:47.200" endtime="20220201 21:52:49.065"/>
</kw>
<kw name="Wait Until Keyword Succeeds" library="BuiltIn">
<arg>5 times</arg>
<arg>10 seconds</arg>
<arg>Title Should Be</arg>
<arg>nopCommerce demo store. Clothing</arg>
<doc>Runs the specified keyword and retries if it fails.</doc>
<kw name="Title Should Be" library="SeleniumLibrary">
<arg>nopCommerce demo store. Clothing</arg>
<doc>Verifies that the current page title equals ``title``.</doc>
<msg timestamp="20220201 21:52:49.069" level="INFO">Page title is 'nopCommerce demo store. Clothing'.</msg>
<status status="PASS" starttime="20220201 21:52:49.066" endtime="20220201 21:52:49.069"/>
</kw>
<status status="PASS" starttime="20220201 21:52:49.065" endtime="20220201 21:52:49.069"/>
</kw>
<status status="PASS" starttime="20220201 21:52:47.199" endtime="20220201 21:52:49.069"/>
</kw>
<kw name="Add Clothes" library="Clothing">
<arg>Custom T-Shirt</arg>
<arg>custom_text=My New Shirt</arg>
<doc>Add Clothes according to the product name</doc>
<if>
<branch type="IF" condition="&quot;${title}&quot; == &quot;Custom T-Shirt&quot;">
<kw name="Add Custom Tshirt" library="Clothing">
<arg>${custom_text}</arg>
<arg>${count}</arg>
<doc>Adding Custom tshirt into the cart</doc>
<kw name="Select Item" library="Clothing">
<arg>Custom T-Shirt</arg>
<doc>To select an item with given product id</doc>
<kw name="Wait Until Element Is Visible" library="SeleniumLibrary">
<arg>//a[contains(text(),"${text}")]</arg>
<arg>timeout=10</arg>
<doc>Waits until the element ``locator`` is visible.</doc>
<status status="PASS" starttime="20220201 21:52:49.072" endtime="20220201 21:52:49.094"/>
</kw>
<kw name="Click Element" library="SeleniumLibrary">
<arg>//a[contains(text(),"${text}")]</arg>
<doc>Click the element identified by ``locator``.</doc>
<msg timestamp="20220201 21:52:49.094" level="INFO">Clicking element '//a[contains(text(),"Custom T-Shirt")]'.</msg>
<status status="PASS" starttime="20220201 21:52:49.094" endtime="20220201 21:52:51.801"/>
</kw>
<status status="PASS" starttime="20220201 21:52:49.071" endtime="20220201 21:52:51.801"/>
</kw>
<kw name="Wait Until Keyword Succeeds" library="BuiltIn">
<arg>5 times</arg>
<arg>10seconds</arg>
<arg>Page Should Contain</arg>
<arg>Custom T-Shirt</arg>
<doc>Runs the specified keyword and retries if it fails.</doc>
<kw name="Page Should Contain" library="SeleniumLibrary">
<arg>Custom T-Shirt</arg>
<doc>Verifies that current page contains ``text``.</doc>
<msg timestamp="20220201 21:52:51.816" level="INFO">Current page contains text 'Custom T-Shirt'.</msg>
<status status="PASS" starttime="20220201 21:52:51.802" endtime="20220201 21:52:51.817"/>
</kw>
<status status="PASS" starttime="20220201 21:52:51.802" endtime="20220201 21:52:51.817"/>
</kw>
<if>
<branch type="IF" condition="&quot;${custom_text}&quot; != &quot;None&quot;">
<kw name="Wait Until Element Is Visible" library="SeleniumLibrary">
<arg>${clothing}[custom_tshirt][text]</arg>
<arg>timeout=10</arg>
<doc>Waits until the element ``locator`` is visible.</doc>
<status status="PASS" starttime="20220201 21:52:51.818" endtime="20220201 21:52:51.840"/>
</kw>
<kw name="Input Text" library="SeleniumLibrary">
<arg>${clothing}[custom_tshirt][text]</arg>
<arg>${custom_text}</arg>
<doc>Types the given ``text`` into the text field identified by ``locator``.</doc>
<msg timestamp="20220201 21:52:51.841" level="INFO">Typing text 'My New Shirt' into text field '//div[@class="attributes"]//input[@class="textbox"]'.</msg>
<status status="PASS" starttime="20220201 21:52:51.840" endtime="20220201 21:52:51.942"/>
</kw>
<status status="PASS" starttime="20220201 21:52:51.817" endtime="20220201 21:52:51.942"/>
</branch>
<status status="PASS" starttime="20220201 21:52:51.817" endtime="20220201 21:52:51.942"/>
</if>
<kw name="Enter Quantity" library="Clothing">
<arg>${count}</arg>
<doc>Enter number of items to be added to cart</doc>
<kw name="Wait Until Element Is Visible" library="SeleniumLibrary">
<arg>${clothing}[quantity_box]</arg>
<arg>timeout=10</arg>
<doc>Waits until the element ``locator`` is visible.</doc>
<status status="PASS" starttime="20220201 21:52:51.942" endtime="20220201 21:52:51.961"/>
</kw>
<kw name="Input Text" library="SeleniumLibrary">
<arg>${clothing}[quantity_box]</arg>
<arg>${count}</arg>
<doc>Types the given ``text`` into the text field identified by ``locator``.</doc>
<msg timestamp="20220201 21:52:51.962" level="INFO">Typing text '1' into text field '//div[@class="add-to-cart"]//input'.</msg>
<status status="PASS" starttime="20220201 21:52:51.962" endtime="20220201 21:52:52.054"/>
</kw>
<status status="PASS" starttime="20220201 21:52:51.942" endtime="20220201 21:52:52.055"/>
</kw>
<kw name="Sleep" library="BuiltIn">
<arg>3</arg>
<doc>Pauses the test executed for the given time.</doc>
<msg timestamp="20220201 21:52:55.070" level="INFO">Slept 3 seconds</msg>
<status status="PASS" starttime="20220201 21:52:52.055" endtime="20220201 21:52:55.070"/>
</kw>
<kw name="Click Add To Cart Button" library="Clothing">
<doc>Clicking Add To cart button</doc>
<kw name="Wait Until Element Is Visible" library="SeleniumLibrary">
<arg>${clothing}[add_to_cart_btn]</arg>
<arg>timeout=10</arg>
<doc>Waits until the element ``locator`` is visible.</doc>
<status status="PASS" starttime="20220201 21:52:55.071" endtime="20220201 21:52:55.092"/>
</kw>
<kw name="Click Button" library="SeleniumLibrary">
<arg>${clothing}[add_to_cart_btn]</arg>
<doc>Clicks the button identified by ``locator``.</doc>
<msg timestamp="20220201 21:52:55.092" level="INFO">Clicking button '//div[@class="add-to-cart"]//button'.</msg>
<status status="PASS" starttime="20220201 21:52:55.092" endtime="20220201 21:52:55.158"/>
</kw>
<kw name="Sleep" library="BuiltIn">
<arg>3</arg>
<doc>Pauses the test executed for the given time.</doc>
<msg timestamp="20220201 21:52:58.162" level="INFO">Slept 3 seconds</msg>
<status status="PASS" starttime="20220201 21:52:55.158" endtime="20220201 21:52:58.162"/>
</kw>
<status status="PASS" starttime="20220201 21:52:55.070" endtime="20220201 21:52:58.162"/>
</kw>
<status status="PASS" starttime="20220201 21:52:49.071" endtime="20220201 21:52:58.162"/>
</kw>
<status status="PASS" starttime="20220201 21:52:49.071" endtime="20220201 21:52:58.162"/>
</branch>
<branch type="ELSE IF" condition="&quot;${title}&quot; == &quot;Nike Tailwind Loose Short-Sleeve Running Shirt&quot;">
<kw name="Add Nike Shirt" library="Clothing">
<arg>${size}</arg>
<arg>${count}</arg>
<doc>Adding Nike Tailwind Loose Short-Sleeve Running Shirt into the Cart</doc>
<status status="NOT RUN" starttime="20220201 21:52:58.163" endtime="20220201 21:52:58.163"/>
</kw>
<status status="NOT RUN" starttime="20220201 21:52:58.162" endtime="20220201 21:52:58.163"/>
</branch>
<status status="PASS" starttime="20220201 21:52:49.070" endtime="20220201 21:52:58.163"/>
</if>
<status status="PASS" starttime="20220201 21:52:49.070" endtime="20220201 21:52:58.163"/>
</kw>
<kw name="Verify Successful Addition" library="Clothing">
<doc>Verifying that item is successfully added to cart</doc>
<kw name="Wait Until Keyword Succeeds" library="BuiltIn">
<arg>3 times</arg>
<arg>10 seconds</arg>
<arg>Page Should Contain Element</arg>
<arg>${clothing}[success_message]</arg>
<doc>Runs the specified keyword and retries if it fails.</doc>
<kw name="Page Should Contain Element" library="SeleniumLibrary">
<arg>${clothing}[success_message]</arg>
<doc>Verifies that element ``locator`` is found on the current page.</doc>
<msg timestamp="20220201 21:52:58.175" level="INFO">Current page contains element '//div[@class='bar-notification success']//p[contains(text(),'The product has been added to your ')]'.</msg>
<status status="PASS" starttime="20220201 21:52:58.164" endtime="20220201 21:52:58.175"/>
</kw>
<status status="PASS" starttime="20220201 21:52:58.164" endtime="20220201 21:52:58.175"/>
</kw>
<status status="PASS" starttime="20220201 21:52:58.163" endtime="20220201 21:52:58.175"/>
</kw>
<kw name="Proceed To Shopping Cart" library="Home">
<doc>Navigating to Shopping Cart Page</doc>
<kw name="Wait Until Keyword Succeeds" library="BuiltIn">
<arg>5 times</arg>
<arg>5 seconds</arg>
<arg>Click Link</arg>
<arg>${home}[cart]</arg>
<doc>Runs the specified keyword and retries if it fails.</doc>
<kw name="Click Link" library="SeleniumLibrary">
<arg>${home}[cart]</arg>
<doc>Clicks a link identified by ``locator``.</doc>
<msg timestamp="20220201 21:52:58.176" level="INFO">Clicking link '//*[@id="topcartlink"]/a'.</msg>
<msg timestamp="20220201 21:52:59.445" level="INFO" html="true">&lt;/td&gt;&lt;/tr&gt;&lt;tr&gt;&lt;td colspan="3"&gt;&lt;a href="selenium-screenshot-19.png"&gt;&lt;img src="selenium-screenshot-19.png" width="800px"&gt;&lt;/a&gt;</msg>
<msg timestamp="20220201 21:52:59.452" level="FAIL">ElementClickInterceptedException: Message: element click intercepted: Element &lt;a href="/cart" class="ico-cart"&gt;...&lt;/a&gt; is not clickable at point (1202, 22). Other element would receive the click: &lt;p class="content"&gt;...&lt;/p&gt;
  (Session info: chrome=97.0.4692.99)
Stacktrace:
Backtrace:
	Ordinal0 [0x008DFDC3+2555331]
	Ordinal0 [0x008777F1+2127857]
	Ordinal0 [0x00772E08+1060360]
	Ordinal0 [0x007A48CF+1263823]
	Ordinal0 [0x007A2B10+1256208]
	Ordinal0 [0x007A076B+1247083]
	Ordinal0 [0x0079F559+1242457]
	Ordinal0 [0x00794FB3+1200051]
	Ordinal0 [0x007B7B0C+1342220]
	Ordinal0 [0x00794984+1198468]
	Ordinal0 [0x007B7C14+1342484]
	Ordinal0 [0x007C75FA+1406458]
	Ordinal0 [0x007B7976+1341814]
	Ordinal0 [0x007936B6+1193654]
	Ordinal0 [0x00794546+1197382]
	GetHandleVerifier [0x00A79622+1619522]
	GetHandleVerifier [0x00B2882C+2336844]
	GetHandleVerifier [0x009723E1+541697]
	GetHandleVerifier [0x00971443+537699]
	Ordinal0 [0x0087D18E+2150798]
	Ordinal0 [0x00881518+2168088]
	Ordinal0 [0x00881660+2168416]
	Ordinal0 [0x0088B330+2208560]
	BaseThreadInitThunk [0x7582FA29+25]
	RtlGetAppContainerNamedObjectPath [0x77A47A9E+286]
	RtlGetAppContainerNamedObjectPath [0x77A47A6E+238]
</msg>
<status status="FAIL" starttime="20220201 21:52:58.176" endtime="20220201 21:52:59.453"/>
</kw>
<kw name="Click Link" library="SeleniumLibrary">
<arg>${home}[cart]</arg>
<doc>Clicks a link identified by ``locator``.</doc>
<msg timestamp="20220201 21:53:04.456" level="INFO">Clicking link '//*[@id="topcartlink"]/a'.</msg>
<status status="PASS" starttime="20220201 21:53:04.456" endtime="20220201 21:53:06.633"/>
</kw>
<status status="PASS" starttime="20220201 21:52:58.176" endtime="20220201 21:53:06.633"/>
</kw>
<kw name="Wait Until Keyword Succeeds" library="BuiltIn">
<arg>5 times</arg>
<arg>10 seconds</arg>
<arg>Title Should Be</arg>
<arg>nopCommerce demo store. Shopping Cart</arg>
<doc>Runs the specified keyword and retries if it fails.</doc>
<kw name="Title Should Be" library="SeleniumLibrary">
<arg>nopCommerce demo store. Shopping Cart</arg>
<doc>Verifies that the current page title equals ``title``.</doc>
<msg timestamp="20220201 21:53:06.637" level="INFO">Page title is 'nopCommerce demo store. Shopping Cart'.</msg>
<status status="PASS" starttime="20220201 21:53:06.633" endtime="20220201 21:53:06.637"/>
</kw>
<status status="PASS" starttime="20220201 21:53:06.633" endtime="20220201 21:53:06.637"/>
</kw>
<status status="PASS" starttime="20220201 21:52:58.176" endtime="20220201 21:53:06.637"/>
</kw>
<kw name="Check Item In Cart" library="Cart">
<arg>Custom T-Shirt</arg>
<arg>custom_text=My New Shirt</arg>
<doc>Checks if item is present in the cart.${expected_item} is the name of the product seen in the cart.
${count} is the count of ${expected_item} in the cart.${custom text} is the custom text if custom shirt is ${expected_item}
${size} is the size of ${expected_item}. ${color} is the color of ${expected_item}
${print} is the print if Nike Floral Shoes is the ${expected_item}</doc>
<kw name="Page Should Contain" library="SeleniumLibrary">
<arg>Shopping cart</arg>
<doc>Verifies that current page contains ``text``.</doc>
<msg timestamp="20220201 21:53:06.666" level="INFO">Current page contains text 'Shopping cart'.</msg>
<status status="PASS" starttime="20220201 21:53:06.651" endtime="20220201 21:53:06.666"/>
</kw>
<if>
<branch type="IF" condition="&quot;${size}&quot; != &quot;Size:&quot;">
<kw name="Catenate" library="BuiltIn">
<var>${size}</var>
<arg>Size:</arg>
<arg>${size}</arg>
<doc>Catenates the given items together and returns the resulted string.</doc>
<status status="NOT RUN" starttime="20220201 21:53:06.666" endtime="20220201 21:53:06.666"/>
</kw>
<kw name="Table Column Should Contain" library="SeleniumLibrary">
<arg>${shopping_cart}[cart_table]</arg>
<arg>3</arg>
<arg>${size}</arg>
<doc>Verifies table column contains text ``expected``.</doc>
<status status="NOT RUN" starttime="20220201 21:53:06.666" endtime="20220201 21:53:06.666"/>
</kw>
<status status="NOT RUN" starttime="20220201 21:53:06.666" endtime="20220201 21:53:06.666"/>
</branch>
<status status="PASS" starttime="20220201 21:53:06.666" endtime="20220201 21:53:06.666"/>
</if>
<if>
<branch type="IF" condition="&quot;${color}&quot; != &quot;Color:&quot;">
<kw name="Catenate" library="BuiltIn">
<var>${color}</var>
<arg>Color:</arg>
<arg>${color}</arg>
<doc>Catenates the given items together and returns the resulted string.</doc>
<status status="NOT RUN" starttime="20220201 21:53:06.667" endtime="20220201 21:53:06.667"/>
</kw>
<kw name="Table Column Should Contain" library="SeleniumLibrary">
<arg>${shopping_cart}[cart_table]</arg>
<arg>3</arg>
<arg>${color}</arg>
<doc>Verifies table column contains text ``expected``.</doc>
<status status="NOT RUN" starttime="20220201 21:53:06.667" endtime="20220201 21:53:06.667"/>
</kw>
<status status="NOT RUN" starttime="20220201 21:53:06.667" endtime="20220201 21:53:06.667"/>
</branch>
<status status="PASS" starttime="20220201 21:53:06.667" endtime="20220201 21:53:06.667"/>
</if>
<if>
<branch type="IF" condition="&quot;${print}&quot; != &quot;Print:&quot;">
<kw name="Catenate" library="BuiltIn">
<var>${print}</var>
<arg>Print:</arg>
<arg>${print}</arg>
<doc>Catenates the given items together and returns the resulted string.</doc>
<status status="NOT RUN" starttime="20220201 21:53:06.667" endtime="20220201 21:53:06.667"/>
</kw>
<kw name="Table Column Should Contain" library="SeleniumLibrary">
<arg>${shopping_cart}[cart_table]</arg>
<arg>3</arg>
<arg>${print}</arg>
<doc>Verifies table column contains text ``expected``.</doc>
<status status="NOT RUN" starttime="20220201 21:53:06.667" endtime="20220201 21:53:06.667"/>
</kw>
<status status="NOT RUN" starttime="20220201 21:53:06.667" endtime="20220201 21:53:06.667"/>
</branch>
<status status="PASS" starttime="20220201 21:53:06.667" endtime="20220201 21:53:06.667"/>
</if>
<if>
<branch type="IF" condition="&quot;${custom_text}&quot; != &quot;Custom text:&quot;">
<kw name="Catenate" library="BuiltIn">
<var>${custom_text}</var>
<arg>Custom Text:</arg>
<arg>${custom_text}</arg>
<doc>Catenates the given items together and returns the resulted string.</doc>
<msg timestamp="20220201 21:53:06.668" level="INFO">${custom_text} = Custom Text: My New Shirt</msg>
<status status="PASS" starttime="20220201 21:53:06.668" endtime="20220201 21:53:06.668"/>
</kw>
<kw name="Table Column Should Contain" library="SeleniumLibrary">
<arg>${shopping_cart}[cart_table]</arg>
<arg>3</arg>
<arg>${custom_text}</arg>
<doc>Verifies table column contains text ``expected``.</doc>
<status status="PASS" starttime="20220201 21:53:06.668" endtime="20220201 21:53:06.725"/>
</kw>
<status status="PASS" starttime="20220201 21:53:06.668" endtime="20220201 21:53:06.725"/>
</branch>
<status status="PASS" starttime="20220201 21:53:06.667" endtime="20220201 21:53:06.725"/>
</if>
<kw name="Wait Until Element Is Visible" library="SeleniumLibrary">
<arg>${shopping_cart}[cart_table]</arg>
<doc>Waits until the element ``locator`` is visible.</doc>
<status status="PASS" starttime="20220201 21:53:06.725" endtime="20220201 21:53:06.744"/>
</kw>
<kw name="Table Column Should Contain" library="SeleniumLibrary">
<arg>${shopping_cart}[cart_table]</arg>
<arg>3</arg>
<arg>${expected_item}</arg>
<doc>Verifies table column contains text ``expected``.</doc>
<status status="PASS" starttime="20220201 21:53:06.744" endtime="20220201 21:53:06.783"/>
</kw>
<if>
<branch type="IF" condition="${count}!=0">
<kw name="Replace String" library="String">
<var>${count_input}</var>
<arg>${shopping_cart}[count_input]</arg>
<arg>PLACEHOLDER_REPLACE_ME</arg>
<arg>${expected_item}</arg>
<doc>Replaces ``search_for`` in the given ``string`` with ``replace_with``.</doc>
<status status="NOT RUN" starttime="20220201 21:53:06.784" endtime="20220201 21:53:06.784"/>
</kw>
<kw name="Wait Until Keyword Succeeds" library="BuiltIn">
<arg>2</arg>
<arg>10 seconds</arg>
<arg>Element Should Be Enabled</arg>
<arg>${count_input}</arg>
<doc>Runs the specified keyword and retries if it fails.</doc>
<status status="NOT RUN" starttime="20220201 21:53:06.784" endtime="20220201 21:53:06.784"/>
</kw>
<kw name="Get Value" library="SeleniumLibrary">
<var>${displayed_count}</var>
<arg>${count_input}</arg>
<doc>Returns the value attribute of the element identified by ``locator``.</doc>
<status status="NOT RUN" starttime="20220201 21:53:06.784" endtime="20220201 21:53:06.784"/>
</kw>
<kw name="Log To Console" library="BuiltIn">
<arg>${displayed_count}</arg>
<doc>Logs the given message to the console.</doc>
<status status="NOT RUN" starttime="20220201 21:53:06.784" endtime="20220201 21:53:06.784"/>
</kw>
<kw name="Should Be Equal" library="BuiltIn">
<arg>${count}</arg>
<arg>${displayed_count}</arg>
<doc>Fails if the given objects are unequal.</doc>
<status status="NOT RUN" starttime="20220201 21:53:06.784" endtime="20220201 21:53:06.784"/>
</kw>
<status status="NOT RUN" starttime="20220201 21:53:06.783" endtime="20220201 21:53:06.784"/>
</branch>
<status status="PASS" starttime="20220201 21:53:06.783" endtime="20220201 21:53:06.784"/>
</if>
<status status="PASS" starttime="20220201 21:53:06.651" endtime="20220201 21:53:06.784"/>
</kw>
<kw name="Close All Browsers" library="SeleniumLibrary">
<doc>Closes all open browsers and resets the browser cache.</doc>
<status status="PASS" starttime="20220201 21:53:06.785" endtime="20220201 21:53:08.971"/>
</kw>
<doc>Successfully adding Custom T-shirt into the Cart</doc>
<tag>Successful_Addition</tag>
<tag>WebUI_Clothing</tag>
<status status="PASS" starttime="20220201 21:52:39.919" endtime="20220201 21:53:08.972"/>
</test>
<test id="s1-t3" name="Successfully Adding Nike T-Shirt into cart">
<kw name="Open Webui" library="Common_Utils">
<arg>${browser}</arg>
<arg>${url}</arg>
<doc>Open demo nopcommerce WebUI</doc>
<kw name="Log" library="BuiltIn">
<arg>Browser: ${browser}</arg>
<arg>HTML</arg>
<arg>console=true</arg>
<doc>Logs the given message with the given level.</doc>
<msg timestamp="20220201 21:53:08.975" level="INFO" html="true">Browser: Chrome</msg>
<status status="PASS" starttime="20220201 21:53:08.974" endtime="20220201 21:53:08.975"/>
</kw>
<kw name="Log" library="BuiltIn">
<arg>URL: ${url}</arg>
<arg>HTML</arg>
<arg>console=true</arg>
<doc>Logs the given message with the given level.</doc>
<msg timestamp="20220201 21:53:08.975" level="INFO" html="true">URL: https://demo.nopcommerce.com/</msg>
<status status="PASS" starttime="20220201 21:53:08.975" endtime="20220201 21:53:08.976"/>
</kw>
<kw name="Wait Until Keyword Succeeds" library="BuiltIn">
<arg>3 times</arg>
<arg>5 seconds</arg>
<arg>Open Webui Repeat</arg>
<arg>${browser}</arg>
<arg>${url}</arg>
<doc>Runs the specified keyword and retries if it fails.</doc>
<kw name="Open Webui Repeat" library="Common_Utils">
<arg>${browser}</arg>
<arg>${url}</arg>
<kw name="Run Keyword If" library="BuiltIn">
<arg>'${browser}'=='Firefox'</arg>
<arg>Setup Firefox</arg>
<arg>${url}</arg>
<arg>ELSE IF</arg>
<arg>'${browser}'=='Chrome'</arg>
<arg>Setup Chrome</arg>
<arg>${url}</arg>
<arg>ELSE IF</arg>
<arg>'${browser}'=='Edge'</arg>
<arg>Setup Edge</arg>
<arg>${url}</arg>
<doc>Runs the given keyword with the given arguments, if ``condition`` is true.</doc>
<kw name="Setup Chrome" library="Common_Utils">
<arg>${url}</arg>
<kw name="Log" library="BuiltIn">
<arg>Setting up Chrome</arg>
<arg>console=${True}</arg>
<doc>Logs the given message with the given level.</doc>
<msg timestamp="20220201 21:53:08.978" level="INFO">Setting up Chrome</msg>
<status status="PASS" starttime="20220201 21:53:08.977" endtime="20220201 21:53:08.978"/>
</kw>
<kw name="Log To Console" library="BuiltIn">
<arg>Opening browser with popup blocking disabled and ignoring certificate error</arg>
<doc>Logs the given message to the console.</doc>
<status status="PASS" starttime="20220201 21:53:08.978" endtime="20220201 21:53:08.978"/>
</kw>
<kw name="Open Browser" library="SeleniumLibrary">
<arg>${url}</arg>
<arg>Chrome</arg>
<arg>options=add_argument("--disable-popup-blocking"); add_argument("--ignore-certificate-errors")</arg>
<doc>Opens a new browser instance to the optional ``url``.</doc>
<msg timestamp="20220201 21:53:08.979" level="INFO">Opening browser 'Chrome' to base url 'https://demo.nopcommerce.com/'.</msg>
<status status="PASS" starttime="20220201 21:53:08.979" endtime="20220201 21:53:12.782"/>
</kw>
<status status="PASS" starttime="20220201 21:53:08.977" endtime="20220201 21:53:12.782"/>
</kw>
<status status="PASS" starttime="20220201 21:53:08.977" endtime="20220201 21:53:12.782"/>
</kw>
<kw name="Log To Console" library="BuiltIn">
<arg>Setting window size to 1920x1000 for standard execution across displays</arg>
<doc>Logs the given message to the console.</doc>
<status status="PASS" starttime="20220201 21:53:12.782" endtime="20220201 21:53:12.783"/>
</kw>
<kw name="Set Window Size" library="SeleniumLibrary">
<arg>1920</arg>
<arg>1000</arg>
<doc>Sets current windows size to given ``width`` and ``height``.</doc>
<status status="PASS" starttime="20220201 21:53:12.783" endtime="20220201 21:53:12.908"/>
</kw>
<kw name="Get Window Size" library="SeleniumLibrary">
<var>${width}</var>
<var>${height}</var>
<doc>Returns current window width and height as integers.</doc>
<msg timestamp="20220201 21:53:12.911" level="INFO">${width} = 1386</msg>
<msg timestamp="20220201 21:53:12.911" level="INFO">${height} = 788</msg>
<status status="PASS" starttime="20220201 21:53:12.908" endtime="20220201 21:53:12.911"/>
</kw>
<kw name="Log To Console" library="BuiltIn">
<arg>Window: width: ${width} height: ${height}</arg>
<doc>Logs the given message to the console.</doc>
<status status="PASS" starttime="20220201 21:53:12.912" endtime="20220201 21:53:12.912"/>
</kw>
<kw name="Wait Until Element Is Enabled" library="SeleniumLibrary">
<arg>${home}[logo_image]</arg>
<arg>timeout=30</arg>
<doc>Waits until the element ``locator`` is enabled.</doc>
<status status="PASS" starttime="20220201 21:53:12.913" endtime="20220201 21:53:12.943"/>
</kw>
<status status="PASS" starttime="20220201 21:53:08.976" endtime="20220201 21:53:12.943"/>
</kw>
<status status="PASS" starttime="20220201 21:53:08.976" endtime="20220201 21:53:12.943"/>
</kw>
<status status="PASS" starttime="20220201 21:53:08.974" endtime="20220201 21:53:12.943"/>
</kw>
<kw name="Proceed To Apparel Page" library="Home">
<doc>Navigating to Apparel Page</doc>
<kw name="Wait Until Keyword Succeeds" library="BuiltIn">
<arg>5 times</arg>
<arg>10 seconds</arg>
<arg>Click Link</arg>
<arg>${home}[apparel]</arg>
<doc>Runs the specified keyword and retries if it fails.</doc>
<kw name="Click Link" library="SeleniumLibrary">
<arg>${home}[apparel]</arg>
<doc>Clicks a link identified by ``locator``.</doc>
<msg timestamp="20220201 21:53:12.945" level="INFO">Clicking link '//*[@class='top-menu notmobile']//a[contains(text(),'Apparel')]'.</msg>
<status status="PASS" starttime="20220201 21:53:12.944" endtime="20220201 21:53:13.582"/>
</kw>
<status status="PASS" starttime="20220201 21:53:12.944" endtime="20220201 21:53:13.582"/>
</kw>
<kw name="Wait Until Keyword Succeeds" library="BuiltIn">
<arg>5 times</arg>
<arg>10 seconds</arg>
<arg>Title Should Be</arg>
<arg>nopCommerce demo store. Apparel</arg>
<doc>Runs the specified keyword and retries if it fails.</doc>
<kw name="Title Should Be" library="SeleniumLibrary">
<arg>nopCommerce demo store. Apparel</arg>
<doc>Verifies that the current page title equals ``title``.</doc>
<msg timestamp="20220201 21:53:13.589" level="INFO">Page title is 'nopCommerce demo store. Apparel'.</msg>
<status status="PASS" starttime="20220201 21:53:13.583" endtime="20220201 21:53:13.590"/>
</kw>
<status status="PASS" starttime="20220201 21:53:13.582" endtime="20220201 21:53:13.590"/>
</kw>
<status status="PASS" starttime="20220201 21:53:12.944" endtime="20220201 21:53:13.590"/>
</kw>
<kw name="Proceed To Clothing Page" library="Apparel">
<doc>Navigating to Clothing Page</doc>
<kw name="Wait Until Keyword Succeeds" library="BuiltIn">
<arg>5 times</arg>
<arg>10 seconds</arg>
<arg>Click Element</arg>
<arg>${apparel}[clothing]</arg>
<doc>Runs the specified keyword and retries if it fails.</doc>
<kw name="Click Element" library="SeleniumLibrary">
<arg>${apparel}[clothing]</arg>
<doc>Click the element identified by ``locator``.</doc>
<msg timestamp="20220201 21:53:13.593" level="INFO">Clicking element '//div[@class='item-grid']//div[@class='item-box'][2]'.</msg>
<status status="PASS" starttime="20220201 21:53:13.592" endtime="20220201 21:53:14.320"/>
</kw>
<status status="PASS" starttime="20220201 21:53:13.591" endtime="20220201 21:53:14.320"/>
</kw>
<kw name="Wait Until Keyword Succeeds" library="BuiltIn">
<arg>5 times</arg>
<arg>10 seconds</arg>
<arg>Title Should Be</arg>
<arg>nopCommerce demo store. Clothing</arg>
<doc>Runs the specified keyword and retries if it fails.</doc>
<kw name="Title Should Be" library="SeleniumLibrary">
<arg>nopCommerce demo store. Clothing</arg>
<doc>Verifies that the current page title equals ``title``.</doc>
<msg timestamp="20220201 21:53:14.324" level="INFO">Page title is 'nopCommerce demo store. Clothing'.</msg>
<status status="PASS" starttime="20220201 21:53:14.321" endtime="20220201 21:53:14.324"/>
</kw>
<status status="PASS" starttime="20220201 21:53:14.320" endtime="20220201 21:53:14.324"/>
</kw>
<status status="PASS" starttime="20220201 21:53:13.591" endtime="20220201 21:53:14.325"/>
</kw>
<kw name="Add Clothes" library="Clothing">
<arg>Nike Tailwind Loose Short-Sleeve Running Shirt</arg>
<arg>size=1X</arg>
<doc>Add Clothes according to the product name</doc>
<if>
<branch type="IF" condition="&quot;${title}&quot; == &quot;Custom T-Shirt&quot;">
<kw name="Add Custom Tshirt" library="Clothing">
<arg>${custom_text}</arg>
<arg>${count}</arg>
<doc>Adding Custom tshirt into the cart</doc>
<status status="NOT RUN" starttime="20220201 21:53:14.327" endtime="20220201 21:53:14.327"/>
</kw>
<status status="NOT RUN" starttime="20220201 21:53:14.326" endtime="20220201 21:53:14.327"/>
</branch>
<branch type="ELSE IF" condition="&quot;${title}&quot; == &quot;Nike Tailwind Loose Short-Sleeve Running Shirt&quot;">
<kw name="Add Nike Shirt" library="Clothing">
<arg>${size}</arg>
<arg>${count}</arg>
<doc>Adding Nike Tailwind Loose Short-Sleeve Running Shirt into the Cart</doc>
<kw name="Select Item" library="Clothing">
<arg>Nike Tailwind Loose Short-Sleeve Running Shirt</arg>
<doc>To select an item with given product id</doc>
<kw name="Wait Until Element Is Visible" library="SeleniumLibrary">
<arg>//a[contains(text(),"${text}")]</arg>
<arg>timeout=10</arg>
<doc>Waits until the element ``locator`` is visible.</doc>
<status status="PASS" starttime="20220201 21:53:14.329" endtime="20220201 21:53:14.355"/>
</kw>
<kw name="Click Element" library="SeleniumLibrary">
<arg>//a[contains(text(),"${text}")]</arg>
<doc>Click the element identified by ``locator``.</doc>
<msg timestamp="20220201 21:53:14.355" level="INFO">Clicking element '//a[contains(text(),"Nike Tailwind Loose Short-Sleeve Running Shirt")]'.</msg>
<status status="PASS" starttime="20220201 21:53:14.355" endtime="20220201 21:53:18.067"/>
</kw>
<status status="PASS" starttime="20220201 21:53:14.328" endtime="20220201 21:53:18.067"/>
</kw>
<kw name="Wait Until Keyword Succeeds" library="BuiltIn">
<arg>5 times</arg>
<arg>10 seconds</arg>
<arg>Page Should Contain</arg>
<arg>Nike Tailwind Loose Short-Sleeve Running Shirt</arg>
<doc>Runs the specified keyword and retries if it fails.</doc>
<kw name="Page Should Contain" library="SeleniumLibrary">
<arg>Nike Tailwind Loose Short-Sleeve Running Shirt</arg>
<doc>Verifies that current page contains ``text``.</doc>
<msg timestamp="20220201 21:53:18.081" level="INFO">Current page contains text 'Nike Tailwind Loose Short-Sleeve Running Shirt'.</msg>
<status status="PASS" starttime="20220201 21:53:18.068" endtime="20220201 21:53:18.082"/>
</kw>
<status status="PASS" starttime="20220201 21:53:18.068" endtime="20220201 21:53:18.082"/>
</kw>
<if>
<branch type="IF" condition="&quot;${size}&quot; != &quot;None&quot;">
<kw name="Select Size Option" library="Clothing">
<arg>${size}</arg>
<arg>${clothing}[nike_shirt][size_selector]</arg>
<doc>Select size from dropdown list</doc>
<kw name="Wait Until Keyword Succeeds" library="BuiltIn">
<arg>5times</arg>
<arg>10seconds</arg>
<arg>Select From List By Label</arg>
<arg>name:${name}</arg>
<arg>${size}</arg>
<doc>Runs the specified keyword and retries if it fails.</doc>
<kw name="Select From List By Label" library="SeleniumLibrary">
<arg>name:${name}</arg>
<arg>${size}</arg>
<doc>Selects options from selection list ``locator`` by ``labels``.</doc>
<msg timestamp="20220201 21:53:18.083" level="INFO">Selecting options from selection list 'name:product_attribute_11' by label 1X.</msg>
<status status="PASS" starttime="20220201 21:53:18.083" endtime="20220201 21:53:18.145"/>
</kw>
<status status="PASS" starttime="20220201 21:53:18.083" endtime="20220201 21:53:18.145"/>
</kw>
<kw name="Wait Until Keyword Succeeds" library="BuiltIn">
<arg>2times</arg>
<arg>10seconds</arg>
<arg>Element Should Contain</arg>
<arg>${name}</arg>
<arg>${size}</arg>
<doc>Runs the specified keyword and retries if it fails.</doc>
<kw name="Element Should Contain" library="SeleniumLibrary">
<arg>${name}</arg>
<arg>${size}</arg>
<doc>Verifies that element ``locator`` contains text ``expected``.</doc>
<msg timestamp="20220201 21:53:18.171" level="INFO">Element 'product_attribute_11' contains text '1X'.</msg>
<status status="PASS" starttime="20220201 21:53:18.146" endtime="20220201 21:53:18.172"/>
</kw>
<status status="PASS" starttime="20220201 21:53:18.146" endtime="20220201 21:53:18.172"/>
</kw>
<status status="PASS" starttime="20220201 21:53:18.082" endtime="20220201 21:53:18.172"/>
</kw>
<status status="PASS" starttime="20220201 21:53:18.082" endtime="20220201 21:53:18.172"/>
</branch>
<status status="PASS" starttime="20220201 21:53:18.082" endtime="20220201 21:53:18.172"/>
</if>
<kw name="Enter Quantity" library="Clothing">
<arg>${count}</arg>
<doc>Enter number of items to be added to cart</doc>
<kw name="Wait Until Element Is Visible" library="SeleniumLibrary">
<arg>${clothing}[quantity_box]</arg>
<arg>timeout=10</arg>
<doc>Waits until the element ``locator`` is visible.</doc>
<status status="PASS" starttime="20220201 21:53:18.172" endtime="20220201 21:53:18.194"/>
</kw>
<kw name="Input Text" library="SeleniumLibrary">
<arg>${clothing}[quantity_box]</arg>
<arg>${count}</arg>
<doc>Types the given ``text`` into the text field identified by ``locator``.</doc>
<msg timestamp="20220201 21:53:18.194" level="INFO">Typing text '1' into text field '//div[@class="add-to-cart"]//input'.</msg>
<status status="PASS" starttime="20220201 21:53:18.194" endtime="20220201 21:53:18.284"/>
</kw>
<status status="PASS" starttime="20220201 21:53:18.172" endtime="20220201 21:53:18.285"/>
</kw>
<kw name="Sleep" library="BuiltIn">
<arg>3</arg>
<doc>Pauses the test executed for the given time.</doc>
<msg timestamp="20220201 21:53:21.287" level="INFO">Slept 3 seconds</msg>
<status status="PASS" starttime="20220201 21:53:18.285" endtime="20220201 21:53:21.287"/>
</kw>
<kw name="Click Add To Cart Button" library="Clothing">
<doc>Clicking Add To cart button</doc>
<kw name="Wait Until Element Is Visible" library="SeleniumLibrary">
<arg>${clothing}[add_to_cart_btn]</arg>
<arg>timeout=10</arg>
<doc>Waits until the element ``locator`` is visible.</doc>
<status status="PASS" starttime="20220201 21:53:21.288" endtime="20220201 21:53:21.310"/>
</kw>
<kw name="Click Button" library="SeleniumLibrary">
<arg>${clothing}[add_to_cart_btn]</arg>
<doc>Clicks the button identified by ``locator``.</doc>
<msg timestamp="20220201 21:53:21.310" level="INFO">Clicking button '//div[@class="add-to-cart"]//button'.</msg>
<status status="PASS" starttime="20220201 21:53:21.310" endtime="20220201 21:53:21.374"/>
</kw>
<kw name="Sleep" library="BuiltIn">
<arg>3</arg>
<doc>Pauses the test executed for the given time.</doc>
<msg timestamp="20220201 21:53:24.375" level="INFO">Slept 3 seconds</msg>
<status status="PASS" starttime="20220201 21:53:21.374" endtime="20220201 21:53:24.375"/>
</kw>
<status status="PASS" starttime="20220201 21:53:21.287" endtime="20220201 21:53:24.375"/>
</kw>
<status status="PASS" starttime="20220201 21:53:14.327" endtime="20220201 21:53:24.376"/>
</kw>
<status status="PASS" starttime="20220201 21:53:14.327" endtime="20220201 21:53:24.376"/>
</branch>
<status status="PASS" starttime="20220201 21:53:14.326" endtime="20220201 21:53:24.376"/>
</if>
<status status="PASS" starttime="20220201 21:53:14.325" endtime="20220201 21:53:24.376"/>
</kw>
<kw name="Verify Successful Addition" library="Clothing">
<doc>Verifying that item is successfully added to cart</doc>
<kw name="Wait Until Keyword Succeeds" library="BuiltIn">
<arg>3 times</arg>
<arg>10 seconds</arg>
<arg>Page Should Contain Element</arg>
<arg>${clothing}[success_message]</arg>
<doc>Runs the specified keyword and retries if it fails.</doc>
<kw name="Page Should Contain Element" library="SeleniumLibrary">
<arg>${clothing}[success_message]</arg>
<doc>Verifies that element ``locator`` is found on the current page.</doc>
<msg timestamp="20220201 21:53:24.390" level="INFO">Current page contains element '//div[@class='bar-notification success']//p[contains(text(),'The product has been added to your ')]'.</msg>
<status status="PASS" starttime="20220201 21:53:24.378" endtime="20220201 21:53:24.391"/>
</kw>
<status status="PASS" starttime="20220201 21:53:24.377" endtime="20220201 21:53:24.391"/>
</kw>
<status status="PASS" starttime="20220201 21:53:24.377" endtime="20220201 21:53:24.391"/>
</kw>
<kw name="Proceed To Shopping Cart" library="Home">
<doc>Navigating to Shopping Cart Page</doc>
<kw name="Wait Until Keyword Succeeds" library="BuiltIn">
<arg>5 times</arg>
<arg>5 seconds</arg>
<arg>Click Link</arg>
<arg>${home}[cart]</arg>
<doc>Runs the specified keyword and retries if it fails.</doc>
<kw name="Click Link" library="SeleniumLibrary">
<arg>${home}[cart]</arg>
<doc>Clicks a link identified by ``locator``.</doc>
<msg timestamp="20220201 21:53:24.393" level="INFO">Clicking link '//*[@id="topcartlink"]/a'.</msg>
<msg timestamp="20220201 21:53:25.623" level="INFO" html="true">&lt;/td&gt;&lt;/tr&gt;&lt;tr&gt;&lt;td colspan="3"&gt;&lt;a href="selenium-screenshot-20.png"&gt;&lt;img src="selenium-screenshot-20.png" width="800px"&gt;&lt;/a&gt;</msg>
<msg timestamp="20220201 21:53:25.625" level="FAIL">ElementClickInterceptedException: Message: element click intercepted: Element &lt;a href="/cart" class="ico-cart"&gt;...&lt;/a&gt; is not clickable at point (1202, 22). Other element would receive the click: &lt;p class="content"&gt;...&lt;/p&gt;
  (Session info: chrome=97.0.4692.99)
Stacktrace:
Backtrace:
	Ordinal0 [0x008DFDC3+2555331]
	Ordinal0 [0x008777F1+2127857]
	Ordinal0 [0x00772E08+1060360]
	Ordinal0 [0x007A48CF+1263823]
	Ordinal0 [0x007A2B10+1256208]
	Ordinal0 [0x007A076B+1247083]
	Ordinal0 [0x0079F559+1242457]
	Ordinal0 [0x00794FB3+1200051]
	Ordinal0 [0x007B7B0C+1342220]
	Ordinal0 [0x00794984+1198468]
	Ordinal0 [0x007B7C14+1342484]
	Ordinal0 [0x007C75FA+1406458]
	Ordinal0 [0x007B7976+1341814]
	Ordinal0 [0x007936B6+1193654]
	Ordinal0 [0x00794546+1197382]
	GetHandleVerifier [0x00A79622+1619522]
	GetHandleVerifier [0x00B2882C+2336844]
	GetHandleVerifier [0x009723E1+541697]
	GetHandleVerifier [0x00971443+537699]
	Ordinal0 [0x0087D18E+2150798]
	Ordinal0 [0x00881518+2168088]
	Ordinal0 [0x00881660+2168416]
	Ordinal0 [0x0088B330+2208560]
	BaseThreadInitThunk [0x7582FA29+25]
	RtlGetAppContainerNamedObjectPath [0x77A47A9E+286]
	RtlGetAppContainerNamedObjectPath [0x77A47A6E+238]
</msg>
<status status="FAIL" starttime="20220201 21:53:24.392" endtime="20220201 21:53:25.625"/>
</kw>
<kw name="Click Link" library="SeleniumLibrary">
<arg>${home}[cart]</arg>
<doc>Clicks a link identified by ``locator``.</doc>
<msg timestamp="20220201 21:53:30.640" level="INFO">Clicking link '//*[@id="topcartlink"]/a'.</msg>
<status status="PASS" starttime="20220201 21:53:30.640" endtime="20220201 21:53:31.362"/>
</kw>
<status status="PASS" starttime="20220201 21:53:24.392" endtime="20220201 21:53:31.362"/>
</kw>
<kw name="Wait Until Keyword Succeeds" library="BuiltIn">
<arg>5 times</arg>
<arg>10 seconds</arg>
<arg>Title Should Be</arg>
<arg>nopCommerce demo store. Shopping Cart</arg>
<doc>Runs the specified keyword and retries if it fails.</doc>
<kw name="Title Should Be" library="SeleniumLibrary">
<arg>nopCommerce demo store. Shopping Cart</arg>
<doc>Verifies that the current page title equals ``title``.</doc>
<msg timestamp="20220201 21:53:31.382" level="INFO">Page title is 'nopCommerce demo store. Shopping Cart'.</msg>
<status status="PASS" starttime="20220201 21:53:31.363" endtime="20220201 21:53:31.382"/>
</kw>
<status status="PASS" starttime="20220201 21:53:31.362" endtime="20220201 21:53:31.382"/>
</kw>
<status status="PASS" starttime="20220201 21:53:24.391" endtime="20220201 21:53:31.382"/>
</kw>
<kw name="Check Item In Cart" library="Cart">
<arg>Nike Tailwind Loose Short-Sleeve Running Shirt</arg>
<arg>size=1X</arg>
<doc>Checks if item is present in the cart.${expected_item} is the name of the product seen in the cart.
${count} is the count of ${expected_item} in the cart.${custom text} is the custom text if custom shirt is ${expected_item}
${size} is the size of ${expected_item}. ${color} is the color of ${expected_item}
${print} is the print if Nike Floral Shoes is the ${expected_item}</doc>
<kw name="Page Should Contain" library="SeleniumLibrary">
<arg>Shopping cart</arg>
<doc>Verifies that current page contains ``text``.</doc>
<msg timestamp="20220201 21:53:31.407" level="INFO">Current page contains text 'Shopping cart'.</msg>
<status status="PASS" starttime="20220201 21:53:31.394" endtime="20220201 21:53:31.407"/>
</kw>
<if>
<branch type="IF" condition="&quot;${size}&quot; != &quot;Size:&quot;">
<kw name="Catenate" library="BuiltIn">
<var>${size}</var>
<arg>Size:</arg>
<arg>${size}</arg>
<doc>Catenates the given items together and returns the resulted string.</doc>
<msg timestamp="20220201 21:53:31.407" level="INFO">${size} = Size: 1X</msg>
<status status="PASS" starttime="20220201 21:53:31.407" endtime="20220201 21:53:31.407"/>
</kw>
<kw name="Table Column Should Contain" library="SeleniumLibrary">
<arg>${shopping_cart}[cart_table]</arg>
<arg>3</arg>
<arg>${size}</arg>
<doc>Verifies table column contains text ``expected``.</doc>
<status status="PASS" starttime="20220201 21:53:31.408" endtime="20220201 21:53:31.461"/>
</kw>
<status status="PASS" starttime="20220201 21:53:31.407" endtime="20220201 21:53:31.461"/>
</branch>
<status status="PASS" starttime="20220201 21:53:31.407" endtime="20220201 21:53:31.461"/>
</if>
<if>
<branch type="IF" condition="&quot;${color}&quot; != &quot;Color:&quot;">
<kw name="Catenate" library="BuiltIn">
<var>${color}</var>
<arg>Color:</arg>
<arg>${color}</arg>
<doc>Catenates the given items together and returns the resulted string.</doc>
<status status="NOT RUN" starttime="20220201 21:53:31.462" endtime="20220201 21:53:31.462"/>
</kw>
<kw name="Table Column Should Contain" library="SeleniumLibrary">
<arg>${shopping_cart}[cart_table]</arg>
<arg>3</arg>
<arg>${color}</arg>
<doc>Verifies table column contains text ``expected``.</doc>
<status status="NOT RUN" starttime="20220201 21:53:31.462" endtime="20220201 21:53:31.463"/>
</kw>
<status status="NOT RUN" starttime="20220201 21:53:31.462" endtime="20220201 21:53:31.463"/>
</branch>
<status status="PASS" starttime="20220201 21:53:31.462" endtime="20220201 21:53:31.463"/>
</if>
<if>
<branch type="IF" condition="&quot;${print}&quot; != &quot;Print:&quot;">
<kw name="Catenate" library="BuiltIn">
<var>${print}</var>
<arg>Print:</arg>
<arg>${print}</arg>
<doc>Catenates the given items together and returns the resulted string.</doc>
<status status="NOT RUN" starttime="20220201 21:53:31.463" endtime="20220201 21:53:31.463"/>
</kw>
<kw name="Table Column Should Contain" library="SeleniumLibrary">
<arg>${shopping_cart}[cart_table]</arg>
<arg>3</arg>
<arg>${print}</arg>
<doc>Verifies table column contains text ``expected``.</doc>
<status status="NOT RUN" starttime="20220201 21:53:31.464" endtime="20220201 21:53:31.464"/>
</kw>
<status status="NOT RUN" starttime="20220201 21:53:31.463" endtime="20220201 21:53:31.464"/>
</branch>
<status status="PASS" starttime="20220201 21:53:31.463" endtime="20220201 21:53:31.464"/>
</if>
<if>
<branch type="IF" condition="&quot;${custom_text}&quot; != &quot;Custom text:&quot;">
<kw name="Catenate" library="BuiltIn">
<var>${custom_text}</var>
<arg>Custom Text:</arg>
<arg>${custom_text}</arg>
<doc>Catenates the given items together and returns the resulted string.</doc>
<status status="NOT RUN" starttime="20220201 21:53:31.464" endtime="20220201 21:53:31.464"/>
</kw>
<kw name="Table Column Should Contain" library="SeleniumLibrary">
<arg>${shopping_cart}[cart_table]</arg>
<arg>3</arg>
<arg>${custom_text}</arg>
<doc>Verifies table column contains text ``expected``.</doc>
<status status="NOT RUN" starttime="20220201 21:53:31.465" endtime="20220201 21:53:31.465"/>
</kw>
<status status="NOT RUN" starttime="20220201 21:53:31.464" endtime="20220201 21:53:31.465"/>
</branch>
<status status="PASS" starttime="20220201 21:53:31.464" endtime="20220201 21:53:31.465"/>
</if>
<kw name="Wait Until Element Is Visible" library="SeleniumLibrary">
<arg>${shopping_cart}[cart_table]</arg>
<doc>Waits until the element ``locator`` is visible.</doc>
<status status="PASS" starttime="20220201 21:53:31.465" endtime="20220201 21:53:31.485"/>
</kw>
<kw name="Table Column Should Contain" library="SeleniumLibrary">
<arg>${shopping_cart}[cart_table]</arg>
<arg>3</arg>
<arg>${expected_item}</arg>
<doc>Verifies table column contains text ``expected``.</doc>
<status status="PASS" starttime="20220201 21:53:31.485" endtime="20220201 21:53:31.523"/>
</kw>
<if>
<branch type="IF" condition="${count}!=0">
<kw name="Replace String" library="String">
<var>${count_input}</var>
<arg>${shopping_cart}[count_input]</arg>
<arg>PLACEHOLDER_REPLACE_ME</arg>
<arg>${expected_item}</arg>
<doc>Replaces ``search_for`` in the given ``string`` with ``replace_with``.</doc>
<status status="NOT RUN" starttime="20220201 21:53:31.523" endtime="20220201 21:53:31.523"/>
</kw>
<kw name="Wait Until Keyword Succeeds" library="BuiltIn">
<arg>2</arg>
<arg>10 seconds</arg>
<arg>Element Should Be Enabled</arg>
<arg>${count_input}</arg>
<doc>Runs the specified keyword and retries if it fails.</doc>
<status status="NOT RUN" starttime="20220201 21:53:31.523" endtime="20220201 21:53:31.523"/>
</kw>
<kw name="Get Value" library="SeleniumLibrary">
<var>${displayed_count}</var>
<arg>${count_input}</arg>
<doc>Returns the value attribute of the element identified by ``locator``.</doc>
<status status="NOT RUN" starttime="20220201 21:53:31.524" endtime="20220201 21:53:31.524"/>
</kw>
<kw name="Log To Console" library="BuiltIn">
<arg>${displayed_count}</arg>
<doc>Logs the given message to the console.</doc>
<status status="NOT RUN" starttime="20220201 21:53:31.524" endtime="20220201 21:53:31.524"/>
</kw>
<kw name="Should Be Equal" library="BuiltIn">
<arg>${count}</arg>
<arg>${displayed_count}</arg>
<doc>Fails if the given objects are unequal.</doc>
<status status="NOT RUN" starttime="20220201 21:53:31.524" endtime="20220201 21:53:31.524"/>
</kw>
<status status="NOT RUN" starttime="20220201 21:53:31.523" endtime="20220201 21:53:31.524"/>
</branch>
<status status="PASS" starttime="20220201 21:53:31.523" endtime="20220201 21:53:31.524"/>
</if>
<status status="PASS" starttime="20220201 21:53:31.393" endtime="20220201 21:53:31.524"/>
</kw>
<kw name="Close All Browsers" library="SeleniumLibrary">
<doc>Closes all open browsers and resets the browser cache.</doc>
<status status="PASS" starttime="20220201 21:53:31.524" endtime="20220201 21:53:33.701"/>
</kw>
<doc>Successfully adding Nike T-shirt into the Cart</doc>
<tag>Successful_Addition</tag>
<tag>WebUI_Clothing</tag>
<status status="PASS" starttime="20220201 21:53:08.973" endtime="20220201 21:53:33.702"/>
</test>
<test id="s1-t4" name="Successfully Adding Many Clothes into cart">
<kw name="Open Webui" library="Common_Utils">
<arg>${browser}</arg>
<arg>${url}</arg>
<doc>Open demo nopcommerce WebUI</doc>
<kw name="Log" library="BuiltIn">
<arg>Browser: ${browser}</arg>
<arg>HTML</arg>
<arg>console=true</arg>
<doc>Logs the given message with the given level.</doc>
<msg timestamp="20220201 21:53:33.705" level="INFO" html="true">Browser: Chrome</msg>
<status status="PASS" starttime="20220201 21:53:33.705" endtime="20220201 21:53:33.705"/>
</kw>
<kw name="Log" library="BuiltIn">
<arg>URL: ${url}</arg>
<arg>HTML</arg>
<arg>console=true</arg>
<doc>Logs the given message with the given level.</doc>
<msg timestamp="20220201 21:53:33.706" level="INFO" html="true">URL: https://demo.nopcommerce.com/</msg>
<status status="PASS" starttime="20220201 21:53:33.706" endtime="20220201 21:53:33.706"/>
</kw>
<kw name="Wait Until Keyword Succeeds" library="BuiltIn">
<arg>3 times</arg>
<arg>5 seconds</arg>
<arg>Open Webui Repeat</arg>
<arg>${browser}</arg>
<arg>${url}</arg>
<doc>Runs the specified keyword and retries if it fails.</doc>
<kw name="Open Webui Repeat" library="Common_Utils">
<arg>${browser}</arg>
<arg>${url}</arg>
<kw name="Run Keyword If" library="BuiltIn">
<arg>'${browser}'=='Firefox'</arg>
<arg>Setup Firefox</arg>
<arg>${url}</arg>
<arg>ELSE IF</arg>
<arg>'${browser}'=='Chrome'</arg>
<arg>Setup Chrome</arg>
<arg>${url}</arg>
<arg>ELSE IF</arg>
<arg>'${browser}'=='Edge'</arg>
<arg>Setup Edge</arg>
<arg>${url}</arg>
<doc>Runs the given keyword with the given arguments, if ``condition`` is true.</doc>
<kw name="Setup Chrome" library="Common_Utils">
<arg>${url}</arg>
<kw name="Log" library="BuiltIn">
<arg>Setting up Chrome</arg>
<arg>console=${True}</arg>
<doc>Logs the given message with the given level.</doc>
<msg timestamp="20220201 21:53:33.709" level="INFO">Setting up Chrome</msg>
<status status="PASS" starttime="20220201 21:53:33.708" endtime="20220201 21:53:33.709"/>
</kw>
<kw name="Log To Console" library="BuiltIn">
<arg>Opening browser with popup blocking disabled and ignoring certificate error</arg>
<doc>Logs the given message to the console.</doc>
<status status="PASS" starttime="20220201 21:53:33.709" endtime="20220201 21:53:33.709"/>
</kw>
<kw name="Open Browser" library="SeleniumLibrary">
<arg>${url}</arg>
<arg>Chrome</arg>
<arg>options=add_argument("--disable-popup-blocking"); add_argument("--ignore-certificate-errors")</arg>
<doc>Opens a new browser instance to the optional ``url``.</doc>
<msg timestamp="20220201 21:53:33.710" level="INFO">Opening browser 'Chrome' to base url 'https://demo.nopcommerce.com/'.</msg>
<status status="PASS" starttime="20220201 21:53:33.710" endtime="20220201 21:53:39.137"/>
</kw>
<status status="PASS" starttime="20220201 21:53:33.708" endtime="20220201 21:53:39.137"/>
</kw>
<status status="PASS" starttime="20220201 21:53:33.708" endtime="20220201 21:53:39.138"/>
</kw>
<kw name="Log To Console" library="BuiltIn">
<arg>Setting window size to 1920x1000 for standard execution across displays</arg>
<doc>Logs the given message to the console.</doc>
<status status="PASS" starttime="20220201 21:53:39.138" endtime="20220201 21:53:39.138"/>
</kw>
<kw name="Set Window Size" library="SeleniumLibrary">
<arg>1920</arg>
<arg>1000</arg>
<doc>Sets current windows size to given ``width`` and ``height``.</doc>
<status status="PASS" starttime="20220201 21:53:39.139" endtime="20220201 21:53:39.271"/>
</kw>
<kw name="Get Window Size" library="SeleniumLibrary">
<var>${width}</var>
<var>${height}</var>
<doc>Returns current window width and height as integers.</doc>
<msg timestamp="20220201 21:53:39.273" level="INFO">${width} = 1386</msg>
<msg timestamp="20220201 21:53:39.273" level="INFO">${height} = 788</msg>
<status status="PASS" starttime="20220201 21:53:39.271" endtime="20220201 21:53:39.273"/>
</kw>
<kw name="Log To Console" library="BuiltIn">
<arg>Window: width: ${width} height: ${height}</arg>
<doc>Logs the given message to the console.</doc>
<status status="PASS" starttime="20220201 21:53:39.273" endtime="20220201 21:53:39.274"/>
</kw>
<kw name="Wait Until Element Is Enabled" library="SeleniumLibrary">
<arg>${home}[logo_image]</arg>
<arg>timeout=30</arg>
<doc>Waits until the element ``locator`` is enabled.</doc>
<status status="PASS" starttime="20220201 21:53:39.274" endtime="20220201 21:53:39.305"/>
</kw>
<status status="PASS" starttime="20220201 21:53:33.707" endtime="20220201 21:53:39.305"/>
</kw>
<status status="PASS" starttime="20220201 21:53:33.707" endtime="20220201 21:53:39.305"/>
</kw>
<status status="PASS" starttime="20220201 21:53:33.704" endtime="20220201 21:53:39.305"/>
</kw>
<kw name="Proceed To Apparel Page" library="Home">
<doc>Navigating to Apparel Page</doc>
<kw name="Wait Until Keyword Succeeds" library="BuiltIn">
<arg>5 times</arg>
<arg>10 seconds</arg>
<arg>Click Link</arg>
<arg>${home}[apparel]</arg>
<doc>Runs the specified keyword and retries if it fails.</doc>
<kw name="Click Link" library="SeleniumLibrary">
<arg>${home}[apparel]</arg>
<doc>Clicks a link identified by ``locator``.</doc>
<msg timestamp="20220201 21:53:39.306" level="INFO">Clicking link '//*[@class='top-menu notmobile']//a[contains(text(),'Apparel')]'.</msg>
<status status="PASS" starttime="20220201 21:53:39.306" endtime="20220201 21:53:41.070"/>
</kw>
<status status="PASS" starttime="20220201 21:53:39.306" endtime="20220201 21:53:41.070"/>
</kw>
<kw name="Wait Until Keyword Succeeds" library="BuiltIn">
<arg>5 times</arg>
<arg>10 seconds</arg>
<arg>Title Should Be</arg>
<arg>nopCommerce demo store. Apparel</arg>
<doc>Runs the specified keyword and retries if it fails.</doc>
<kw name="Title Should Be" library="SeleniumLibrary">
<arg>nopCommerce demo store. Apparel</arg>
<doc>Verifies that the current page title equals ``title``.</doc>
<msg timestamp="20220201 21:53:41.075" level="INFO">Page title is 'nopCommerce demo store. Apparel'.</msg>
<status status="PASS" starttime="20220201 21:53:41.071" endtime="20220201 21:53:41.075"/>
</kw>
<status status="PASS" starttime="20220201 21:53:41.071" endtime="20220201 21:53:41.076"/>
</kw>
<status status="PASS" starttime="20220201 21:53:39.306" endtime="20220201 21:53:41.076"/>
</kw>
<kw name="Proceed To Clothing Page" library="Apparel">
<doc>Navigating to Clothing Page</doc>
<kw name="Wait Until Keyword Succeeds" library="BuiltIn">
<arg>5 times</arg>
<arg>10 seconds</arg>
<arg>Click Element</arg>
<arg>${apparel}[clothing]</arg>
<doc>Runs the specified keyword and retries if it fails.</doc>
<kw name="Click Element" library="SeleniumLibrary">
<arg>${apparel}[clothing]</arg>
<doc>Click the element identified by ``locator``.</doc>
<msg timestamp="20220201 21:53:41.079" level="INFO">Clicking element '//div[@class='item-grid']//div[@class='item-box'][2]'.</msg>
<status status="PASS" starttime="20220201 21:53:41.078" endtime="20220201 21:53:42.947"/>
</kw>
<status status="PASS" starttime="20220201 21:53:41.077" endtime="20220201 21:53:42.947"/>
</kw>
<kw name="Wait Until Keyword Succeeds" library="BuiltIn">
<arg>5 times</arg>
<arg>10 seconds</arg>
<arg>Title Should Be</arg>
<arg>nopCommerce demo store. Clothing</arg>
<doc>Runs the specified keyword and retries if it fails.</doc>
<kw name="Title Should Be" library="SeleniumLibrary">
<arg>nopCommerce demo store. Clothing</arg>
<doc>Verifies that the current page title equals ``title``.</doc>
<msg timestamp="20220201 21:53:42.950" level="INFO">Page title is 'nopCommerce demo store. Clothing'.</msg>
<status status="PASS" starttime="20220201 21:53:42.947" endtime="20220201 21:53:42.950"/>
</kw>
<status status="PASS" starttime="20220201 21:53:42.947" endtime="20220201 21:53:42.951"/>
</kw>
<status status="PASS" starttime="20220201 21:53:41.077" endtime="20220201 21:53:42.951"/>
</kw>
<kw name="Add Clothes" library="Clothing">
<arg>Nike Tailwind Loose Short-Sleeve Running Shirt</arg>
<arg>size=1X</arg>
<doc>Add Clothes according to the product name</doc>
<if>
<branch type="IF" condition="&quot;${title}&quot; == &quot;Custom T-Shirt&quot;">
<kw name="Add Custom Tshirt" library="Clothing">
<arg>${custom_text}</arg>
<arg>${count}</arg>
<doc>Adding Custom tshirt into the cart</doc>
<status status="NOT RUN" starttime="20220201 21:53:42.952" endtime="20220201 21:53:42.952"/>
</kw>
<status status="NOT RUN" starttime="20220201 21:53:42.952" endtime="20220201 21:53:42.952"/>
</branch>
<branch type="ELSE IF" condition="&quot;${title}&quot; == &quot;Nike Tailwind Loose Short-Sleeve Running Shirt&quot;">
<kw name="Add Nike Shirt" library="Clothing">
<arg>${size}</arg>
<arg>${count}</arg>
<doc>Adding Nike Tailwind Loose Short-Sleeve Running Shirt into the Cart</doc>
<kw name="Select Item" library="Clothing">
<arg>Nike Tailwind Loose Short-Sleeve Running Shirt</arg>
<doc>To select an item with given product id</doc>
<kw name="Wait Until Element Is Visible" library="SeleniumLibrary">
<arg>//a[contains(text(),"${text}")]</arg>
<arg>timeout=10</arg>
<doc>Waits until the element ``locator`` is visible.</doc>
<status status="PASS" starttime="20220201 21:53:42.953" endtime="20220201 21:53:42.976"/>
</kw>
<kw name="Click Element" library="SeleniumLibrary">
<arg>//a[contains(text(),"${text}")]</arg>
<doc>Click the element identified by ``locator``.</doc>
<msg timestamp="20220201 21:53:42.977" level="INFO">Clicking element '//a[contains(text(),"Nike Tailwind Loose Short-Sleeve Running Shirt")]'.</msg>
<status status="PASS" starttime="20220201 21:53:42.977" endtime="20220201 21:53:45.493"/>
</kw>
<status status="PASS" starttime="20220201 21:53:42.952" endtime="20220201 21:53:45.493"/>
</kw>
<kw name="Wait Until Keyword Succeeds" library="BuiltIn">
<arg>5 times</arg>
<arg>10 seconds</arg>
<arg>Page Should Contain</arg>
<arg>Nike Tailwind Loose Short-Sleeve Running Shirt</arg>
<doc>Runs the specified keyword and retries if it fails.</doc>
<kw name="Page Should Contain" library="SeleniumLibrary">
<arg>Nike Tailwind Loose Short-Sleeve Running Shirt</arg>
<doc>Verifies that current page contains ``text``.</doc>
<msg timestamp="20220201 21:53:45.506" level="INFO">Current page contains text 'Nike Tailwind Loose Short-Sleeve Running Shirt'.</msg>
<status status="PASS" starttime="20220201 21:53:45.493" endtime="20220201 21:53:45.506"/>
</kw>
<status status="PASS" starttime="20220201 21:53:45.493" endtime="20220201 21:53:45.506"/>
</kw>
<if>
<branch type="IF" condition="&quot;${size}&quot; != &quot;None&quot;">
<kw name="Select Size Option" library="Clothing">
<arg>${size}</arg>
<arg>${clothing}[nike_shirt][size_selector]</arg>
<doc>Select size from dropdown list</doc>
<kw name="Wait Until Keyword Succeeds" library="BuiltIn">
<arg>5times</arg>
<arg>10seconds</arg>
<arg>Select From List By Label</arg>
<arg>name:${name}</arg>
<arg>${size}</arg>
<doc>Runs the specified keyword and retries if it fails.</doc>
<kw name="Select From List By Label" library="SeleniumLibrary">
<arg>name:${name}</arg>
<arg>${size}</arg>
<doc>Selects options from selection list ``locator`` by ``labels``.</doc>
<msg timestamp="20220201 21:53:45.507" level="INFO">Selecting options from selection list 'name:product_attribute_11' by label 1X.</msg>
<status status="PASS" starttime="20220201 21:53:45.507" endtime="20220201 21:53:45.572"/>
</kw>
<status status="PASS" starttime="20220201 21:53:45.507" endtime="20220201 21:53:45.572"/>
</kw>
<kw name="Wait Until Keyword Succeeds" library="BuiltIn">
<arg>2times</arg>
<arg>10seconds</arg>
<arg>Element Should Contain</arg>
<arg>${name}</arg>
<arg>${size}</arg>
<doc>Runs the specified keyword and retries if it fails.</doc>
<kw name="Element Should Contain" library="SeleniumLibrary">
<arg>${name}</arg>
<arg>${size}</arg>
<doc>Verifies that element ``locator`` contains text ``expected``.</doc>
<msg timestamp="20220201 21:53:45.597" level="INFO">Element 'product_attribute_11' contains text '1X'.</msg>
<status status="PASS" starttime="20220201 21:53:45.573" endtime="20220201 21:53:45.597"/>
</kw>
<status status="PASS" starttime="20220201 21:53:45.573" endtime="20220201 21:53:45.597"/>
</kw>
<status status="PASS" starttime="20220201 21:53:45.506" endtime="20220201 21:53:45.598"/>
</kw>
<status status="PASS" starttime="20220201 21:53:45.506" endtime="20220201 21:53:45.598"/>
[...]
<kw name="Click Link" library="SeleniumLibrary">
<arg>${home}[apparel]</arg>
<doc>Clicks a link identified by ``locator``.</doc>
<msg timestamp="20220201 21:54:54.577" level="INFO">Clicking link '//*[@class='top-menu notmobile']//a[contains(text(),'Apparel')]'.</msg>
<status status="PASS" starttime="20220201 21:54:54.577" endtime="20220201 21:54:55.592"/>
</kw>
<status status="PASS" starttime="20220201 21:54:54.577" endtime="20220201 21:54:55.592"/>
</kw>
<kw name="Wait Until Keyword Succeeds" library="BuiltIn">
<arg>5 times</arg>
<arg>10 seconds</arg>
<arg>Title Should Be</arg>
<arg>nopCommerce demo store. Apparel</arg>
<doc>Runs the specified keyword and retries if it fails.</doc>
<kw name="Title Should Be" library="SeleniumLibrary">
<arg>nopCommerce demo store. Apparel</arg>
<doc>Verifies that the current page title equals ``title``.</doc>
<msg timestamp="20220201 21:54:55.596" level="INFO">Page title is 'nopCommerce demo store. Apparel'.</msg>
<status status="PASS" starttime="20220201 21:54:55.592" endtime="20220201 21:54:55.597"/>
</kw>
<status status="PASS" starttime="20220201 21:54:55.592" endtime="20220201 21:54:55.597"/>
</kw>
<status status="PASS" starttime="20220201 21:54:54.577" endtime="20220201 21:54:55.597"/>
</kw>
<kw name="Proceed To Clothing Page" library="Apparel">
<doc>Navigating to Clothing Page</doc>
<kw name="Wait Until Keyword Succeeds" library="BuiltIn">
<arg>5 times</arg>
<arg>10 seconds</arg>
<arg>Click Element</arg>
<arg>${apparel}[clothing]</arg>
<doc>Runs the specified keyword and retries if it fails.</doc>
<kw name="Click Element" library="SeleniumLibrary">
<arg>${apparel}[clothing]</arg>
<doc>Click the element identified by ``locator``.</doc>
<msg timestamp="20220201 21:54:55.600" level="INFO">Clicking element '//div[@class='item-grid']//div[@class='item-box'][2]'.</msg>
<status status="PASS" starttime="20220201 21:54:55.599" endtime="20220201 21:54:57.414"/>
</kw>
<status status="PASS" starttime="20220201 21:54:55.598" endtime="20220201 21:54:57.414"/>
</kw>
<kw name="Wait Until Keyword Succeeds" library="BuiltIn">
<arg>5 times</arg>
<arg>10 seconds</arg>
<arg>Title Should Be</arg>
<arg>nopCommerce demo store. Clothing</arg>
<doc>Runs the specified keyword and retries if it fails.</doc>
<kw name="Title Should Be" library="SeleniumLibrary">
<arg>nopCommerce demo store. Clothing</arg>
<doc>Verifies that the current page title equals ``title``.</doc>
<msg timestamp="20220201 21:54:57.418" level="INFO">Page title is 'nopCommerce demo store. Clothing'.</msg>
<status status="PASS" starttime="20220201 21:54:57.414" endtime="20220201 21:54:57.418"/>
</kw>
<status status="PASS" starttime="20220201 21:54:57.414" endtime="20220201 21:54:57.418"/>
</kw>
<status status="PASS" starttime="20220201 21:54:55.597" endtime="20220201 21:54:57.418"/>
</kw>
<kw name="Add Clothes" library="Clothing">
<arg>Nike Tailwind Loose Short-Sleeve Running Shirt</arg>
<arg>count=0</arg>
<arg>size=Small</arg>
<doc>Add Clothes according to the product name</doc>
<if>
<branch type="IF" condition="&quot;${title}&quot; == &quot;Custom T-Shirt&quot;">
<kw name="Add Custom Tshirt" library="Clothing">
<arg>${custom_text}</arg>
<arg>${count}</arg>
<doc>Adding Custom tshirt into the cart</doc>
<status status="NOT RUN" starttime="20220201 21:54:57.419" endtime="20220201 21:54:57.419"/>
</kw>
<status status="NOT RUN" starttime="20220201 21:54:57.419" endtime="20220201 21:54:57.419"/>
</branch>
<branch type="ELSE IF" condition="&quot;${title}&quot; == &quot;Nike Tailwind Loose Short-Sleeve Running Shirt&quot;">
<kw name="Add Nike Shirt" library="Clothing">
<arg>${size}</arg>
<arg>${count}</arg>
<doc>Adding Nike Tailwind Loose Short-Sleeve Running Shirt into the Cart</doc>
<kw name="Select Item" library="Clothing">
<arg>Nike Tailwind Loose Short-Sleeve Running Shirt</arg>
<doc>To select an item with given product id</doc>
<kw name="Wait Until Element Is Visible" library="SeleniumLibrary">
<arg>//a[contains(text(),"${text}")]</arg>
<arg>timeout=10</arg>
<doc>Waits until the element ``locator`` is visible.</doc>
<status status="PASS" starttime="20220201 21:54:57.420" endtime="20220201 21:54:57.445"/>
</kw>
<kw name="Click Element" library="SeleniumLibrary">
<arg>//a[contains(text(),"${text}")]</arg>
<doc>Click the element identified by ``locator``.</doc>
<msg timestamp="20220201 21:54:57.445" level="INFO">Clicking element '//a[contains(text(),"Nike Tailwind Loose Short-Sleeve Running Shirt")]'.</msg>
<status status="PASS" starttime="20220201 21:54:57.445" endtime="20220201 21:55:00.646"/>
</kw>
<status status="PASS" starttime="20220201 21:54:57.420" endtime="20220201 21:55:00.646"/>
</kw>
<kw name="Wait Until Keyword Succeeds" library="BuiltIn">
<arg>5 times</arg>
<arg>10 seconds</arg>
<arg>Page Should Contain</arg>
<arg>Nike Tailwind Loose Short-Sleeve Running Shirt</arg>
<doc>Runs the specified keyword and retries if it fails.</doc>
<kw name="Page Should Contain" library="SeleniumLibrary">
<arg>Nike Tailwind Loose Short-Sleeve Running Shirt</arg>
<doc>Verifies that current page contains ``text``.</doc>
<msg timestamp="20220201 21:55:00.660" level="INFO">Current page contains text 'Nike Tailwind Loose Short-Sleeve Running Shirt'.</msg>
<status status="PASS" starttime="20220201 21:55:00.646" endtime="20220201 21:55:00.660"/>
</kw>
<status status="PASS" starttime="20220201 21:55:00.646" endtime="20220201 21:55:00.660"/>
</kw>
<if>
<branch type="IF" condition="&quot;${size}&quot; != &quot;None&quot;">
<kw name="Select Size Option" library="Clothing">
<arg>${size}</arg>
<arg>${clothing}[nike_shirt][size_selector]</arg>
<doc>Select size from dropdown list</doc>
<kw name="Wait Until Keyword Succeeds" library="BuiltIn">
<arg>5times</arg>
<arg>10seconds</arg>
<arg>Select From List By Label</arg>
<arg>name:${name}</arg>
<arg>${size}</arg>
<doc>Runs the specified keyword and retries if it fails.</doc>
<kw name="Select From List By Label" library="SeleniumLibrary">
<arg>name:${name}</arg>
<arg>${size}</arg>
<doc>Selects options from selection list ``locator`` by ``labels``.</doc>
<msg timestamp="20220201 21:55:00.662" level="INFO">Selecting options from selection list 'name:product_attribute_11' by label Small.</msg>
<status status="PASS" starttime="20220201 21:55:00.661" endtime="20220201 21:55:00.722"/>
</kw>
<status status="PASS" starttime="20220201 21:55:00.661" endtime="20220201 21:55:00.722"/>
</kw>
<kw name="Wait Until Keyword Succeeds" library="BuiltIn">
<arg>2times</arg>
<arg>10seconds</arg>
<arg>Element Should Contain</arg>
<arg>${name}</arg>
<arg>${size}</arg>
<doc>Runs the specified keyword and retries if it fails.</doc>
<kw name="Element Should Contain" library="SeleniumLibrary">
<arg>${name}</arg>
<arg>${size}</arg>
<doc>Verifies that element ``locator`` contains text ``expected``.</doc>
<msg timestamp="20220201 21:55:00.748" level="INFO">Element 'product_attribute_11' contains text 'Small'.</msg>
<status status="PASS" starttime="20220201 21:55:00.723" endtime="20220201 21:55:00.748"/>
</kw>
<status status="PASS" starttime="20220201 21:55:00.723" endtime="20220201 21:55:00.748"/>
</kw>
<status status="PASS" starttime="20220201 21:55:00.661" endtime="20220201 21:55:00.748"/>
</kw>
<status status="PASS" starttime="20220201 21:55:00.661" endtime="20220201 21:55:00.748"/>
</branch>
<status status="PASS" starttime="20220201 21:55:00.660" endtime="20220201 21:55:00.748"/>
</if>
<kw name="Enter Quantity" library="Clothing">
<arg>${count}</arg>
<doc>Enter number of items to be added to cart</doc>
<kw name="Wait Until Element Is Visible" library="SeleniumLibrary">
<arg>${clothing}[quantity_box]</arg>
<arg>timeout=10</arg>
<doc>Waits until the element ``locator`` is visible.</doc>
<status status="PASS" starttime="20220201 21:55:00.748" endtime="20220201 21:55:00.770"/>
</kw>
<kw name="Input Text" library="SeleniumLibrary">
<arg>${clothing}[quantity_box]</arg>
<arg>${count}</arg>
<doc>Types the given ``text`` into the text field identified by ``locator``.</doc>
<msg timestamp="20220201 21:55:00.771" level="INFO">Typing text '0' into text field '//div[@class="add-to-cart"]//input'.</msg>
<status status="PASS" starttime="20220201 21:55:00.771" endtime="20220201 21:55:00.858"/>
</kw>
<status status="PASS" starttime="20220201 21:55:00.748" endtime="20220201 21:55:00.858"/>
</kw>
<kw name="Sleep" library="BuiltIn">
<arg>3</arg>
<doc>Pauses the test executed for the given time.</doc>
<msg timestamp="20220201 21:55:03.875" level="INFO">Slept 3 seconds</msg>
<status status="PASS" starttime="20220201 21:55:00.858" endtime="20220201 21:55:03.875"/>
</kw>
<kw name="Click Add To Cart Button" library="Clothing">
<doc>Clicking Add To cart button</doc>
<kw name="Wait Until Element Is Visible" library="SeleniumLibrary">
<arg>${clothing}[add_to_cart_btn]</arg>
<arg>timeout=10</arg>
<doc>Waits until the element ``locator`` is visible.</doc>
<status status="PASS" starttime="20220201 21:55:03.876" endtime="20220201 21:55:03.897"/>
</kw>
<kw name="Click Button" library="SeleniumLibrary">
<arg>${clothing}[add_to_cart_btn]</arg>
<doc>Clicks the button identified by ``locator``.</doc>
<msg timestamp="20220201 21:55:03.898" level="INFO">Clicking button '//div[@class="add-to-cart"]//button'.</msg>
<status status="PASS" starttime="20220201 21:55:03.898" endtime="20220201 21:55:03.960"/>
</kw>
<kw name="Sleep" library="BuiltIn">
<arg>3</arg>
<doc>Pauses the test executed for the given time.</doc>
<msg timestamp="20220201 21:55:06.965" level="INFO">Slept 3 seconds</msg>
<status status="PASS" starttime="20220201 21:55:03.960" endtime="20220201 21:55:06.965"/>
</kw>
<status status="PASS" starttime="20220201 21:55:03.875" endtime="20220201 21:55:06.965"/>
</kw>
<status status="PASS" starttime="20220201 21:54:57.419" endtime="20220201 21:55:06.965"/>
</kw>
<status status="PASS" starttime="20220201 21:54:57.419" endtime="20220201 21:55:06.966"/>
</branch>
<status status="PASS" starttime="20220201 21:54:57.419" endtime="20220201 21:55:06.966"/>
</if>
<status status="PASS" starttime="20220201 21:54:57.418" endtime="20220201 21:55:06.966"/>
</kw>
<kw name="Verify Positive Quantity Error" library="Clothing">
<doc>Verifying that "Positive Quantity" Error message is Visible</doc>
<kw name="Wait Until Keyword Succeeds" library="BuiltIn">
<arg>3 times</arg>
<arg>10 seconds</arg>
<arg>Page Should Contain Element</arg>
<arg>${clothing}[postive_quantity_error]</arg>
<doc>Runs the specified keyword and retries if it fails.</doc>
<kw name="Page Should Contain Element" library="SeleniumLibrary">
<arg>${clothing}[postive_quantity_error]</arg>
<doc>Verifies that element ``locator`` is found on the current page.</doc>
<msg timestamp="20220201 21:55:06.980" level="INFO">Current page contains element '//div[@class='bar-notification error']//p[contains(text(),'Quantity should be positive')]'.</msg>
<status status="PASS" starttime="20220201 21:55:06.967" endtime="20220201 21:55:06.980"/>
</kw>
<status status="PASS" starttime="20220201 21:55:06.967" endtime="20220201 21:55:06.980"/>
</kw>
<status status="PASS" starttime="20220201 21:55:06.966" endtime="20220201 21:55:06.981"/>
</kw>
<kw name="Go Back" library="SeleniumLibrary">
<doc>Simulates the user clicking the back button on their browser.</doc>
<status status="PASS" starttime="20220201 21:55:06.981" endtime="20220201 21:55:07.558"/>
</kw>
<kw name="Add Clothes" library="Clothing">
<arg>Custom T-Shirt</arg>
<arg>custom_text=Hie</arg>
<arg>count=-1</arg>
<doc>Add Clothes according to the product name</doc>
<if>
<branch type="IF" condition="&quot;${title}&quot; == &quot;Custom T-Shirt&quot;">
<kw name="Add Custom Tshirt" library="Clothing">
<arg>${custom_text}</arg>
<arg>${count}</arg>
<doc>Adding Custom tshirt into the cart</doc>
<kw name="Select Item" library="Clothing">
<arg>Custom T-Shirt</arg>
<doc>To select an item with given product id</doc>
<kw name="Wait Until Element Is Visible" library="SeleniumLibrary">
<arg>//a[contains(text(),"${text}")]</arg>
<arg>timeout=10</arg>
<doc>Waits until the element ``locator`` is visible.</doc>
<status status="PASS" starttime="20220201 21:55:07.565" endtime="20220201 21:55:07.596"/>
</kw>
<kw name="Click Element" library="SeleniumLibrary">
<arg>//a[contains(text(),"${text}")]</arg>
<doc>Click the element identified by ``locator``.</doc>
<msg timestamp="20220201 21:55:07.596" level="INFO">Clicking element '//a[contains(text(),"Custom T-Shirt")]'.</msg>
<status status="PASS" starttime="20220201 21:55:07.596" endtime="20220201 21:55:08.645"/>
</kw>
<status status="PASS" starttime="20220201 21:55:07.565" endtime="20220201 21:55:08.646"/>
</kw>
<kw name="Wait Until Keyword Succeeds" library="BuiltIn">
<arg>5 times</arg>
<arg>10seconds</arg>
<arg>Page Should Contain</arg>
<arg>Custom T-Shirt</arg>
<doc>Runs the specified keyword and retries if it fails.</doc>
<kw name="Page Should Contain" library="SeleniumLibrary">
<arg>Custom T-Shirt</arg>
<doc>Verifies that current page contains ``text``.</doc>
<msg timestamp="20220201 21:55:08.669" level="INFO">Current page contains text 'Custom T-Shirt'.</msg>
<status status="PASS" starttime="20220201 21:55:08.646" endtime="20220201 21:55:08.669"/>
</kw>
<status status="PASS" starttime="20220201 21:55:08.646" endtime="20220201 21:55:08.669"/>
</kw>
<if>
<branch type="IF" condition="&quot;${custom_text}&quot; != &quot;None&quot;">
<kw name="Wait Until Element Is Visible" library="SeleniumLibrary">
<arg>${clothing}[custom_tshirt][text]</arg>
<arg>timeout=10</arg>
<doc>Waits until the element ``locator`` is visible.</doc>
<status status="PASS" starttime="20220201 21:55:08.670" endtime="20220201 21:55:08.696"/>
</kw>
<kw name="Input Text" library="SeleniumLibrary">
<arg>${clothing}[custom_tshirt][text]</arg>
<arg>${custom_text}</arg>
<doc>Types the given ``text`` into the text field identified by ``locator``.</doc>
<msg timestamp="20220201 21:55:08.697" level="INFO">Typing text 'Hie' into text field '//div[@class="attributes"]//input[@class="textbox"]'.</msg>
<status status="PASS" starttime="20220201 21:55:08.696" endtime="20220201 21:55:08.784"/>
</kw>
<status status="PASS" starttime="20220201 21:55:08.669" endtime="20220201 21:55:08.784"/>
</branch>
<status status="PASS" starttime="20220201 21:55:08.669" endtime="20220201 21:55:08.784"/>
</if>
<kw name="Enter Quantity" library="Clothing">
<arg>${count}</arg>
<doc>Enter number of items to be added to cart</doc>
<kw name="Wait Until Element Is Visible" library="SeleniumLibrary">
<arg>${clothing}[quantity_box]</arg>
<arg>timeout=10</arg>
<doc>Waits until the element ``locator`` is visible.</doc>
<status status="PASS" starttime="20220201 21:55:08.785" endtime="20220201 21:55:08.801"/>
</kw>
<kw name="Input Text" library="SeleniumLibrary">
<arg>${clothing}[quantity_box]</arg>
<arg>${count}</arg>
<doc>Types the given ``text`` into the text field identified by ``locator``.</doc>
<msg timestamp="20220201 21:55:08.801" level="INFO">Typing text '-1' into text field '//div[@class="add-to-cart"]//input'.</msg>
<status status="PASS" starttime="20220201 21:55:08.801" endtime="20220201 21:55:08.895"/>
</kw>
<status status="PASS" starttime="20220201 21:55:08.784" endtime="20220201 21:55:08.896"/>
</kw>
<kw name="Sleep" library="BuiltIn">
<arg>3</arg>
<doc>Pauses the test executed for the given time.</doc>
<msg timestamp="20220201 21:55:11.900" level="INFO">Slept 3 seconds</msg>
<status status="PASS" starttime="20220201 21:55:08.896" endtime="20220201 21:55:11.900"/>
</kw>
<kw name="Click Add To Cart Button" library="Clothing">
<doc>Clicking Add To cart button</doc>
<kw name="Wait Until Element Is Visible" library="SeleniumLibrary">
<arg>${clothing}[add_to_cart_btn]</arg>
<arg>timeout=10</arg>
<doc>Waits until the element ``locator`` is visible.</doc>
<status status="PASS" starttime="20220201 21:55:11.900" endtime="20220201 21:55:11.920"/>
</kw>
<kw name="Click Button" library="SeleniumLibrary">
<arg>${clothing}[add_to_cart_btn]</arg>
<doc>Clicks the button identified by ``locator``.</doc>
<msg timestamp="20220201 21:55:11.920" level="INFO">Clicking button '//div[@class="add-to-cart"]//button'.</msg>
<status status="PASS" starttime="20220201 21:55:11.920" endtime="20220201 21:55:11.972"/>
</kw>
<kw name="Sleep" library="BuiltIn">
<arg>3</arg>
<doc>Pauses the test executed for the given time.</doc>
<msg timestamp="20220201 21:55:14.981" level="INFO">Slept 3 seconds</msg>
<status status="PASS" starttime="20220201 21:55:11.973" endtime="20220201 21:55:14.981"/>
</kw>
<status status="PASS" starttime="20220201 21:55:11.900" endtime="20220201 21:55:14.981"/>
</kw>
<status status="PASS" starttime="20220201 21:55:07.564" endtime="20220201 21:55:14.981"/>
</kw>
<status status="PASS" starttime="20220201 21:55:07.563" endtime="20220201 21:55:14.981"/>
</branch>
<branch type="ELSE IF" condition="&quot;${title}&quot; == &quot;Nike Tailwind Loose Short-Sleeve Running Shirt&quot;">
<kw name="Add Nike Shirt" library="Clothing">
<arg>${size}</arg>
<arg>${count}</arg>
<doc>Adding Nike Tailwind Loose Short-Sleeve Running Shirt into the Cart</doc>
<status status="NOT RUN" starttime="20220201 21:55:14.982" endtime="20220201 21:55:14.982"/>
</kw>
<status status="NOT RUN" starttime="20220201 21:55:14.982" endtime="20220201 21:55:14.982"/>
</branch>
<status status="PASS" starttime="20220201 21:55:07.563" endtime="20220201 21:55:14.982"/>
</if>
<status status="PASS" starttime="20220201 21:55:07.561" endtime="20220201 21:55:14.982"/>
</kw>
<kw name="Verify Positive Quantity Error" library="Clothing">
<doc>Verifying that "Positive Quantity" Error message is Visible</doc>
<kw name="Wait Until Keyword Succeeds" library="BuiltIn">
<arg>3 times</arg>
<arg>10 seconds</arg>
<arg>Page Should Contain Element</arg>
<arg>${clothing}[postive_quantity_error]</arg>
<doc>Runs the specified keyword and retries if it fails.</doc>
<kw name="Page Should Contain Element" library="SeleniumLibrary">
<arg>${clothing}[postive_quantity_error]</arg>
<doc>Verifies that element ``locator`` is found on the current page.</doc>
<msg timestamp="20220201 21:55:14.989" level="INFO">Current page contains element '//div[@class='bar-notification error']//p[contains(text(),'Quantity should be positive')]'.</msg>
<status status="PASS" starttime="20220201 21:55:14.983" endtime="20220201 21:55:14.990"/>
</kw>
<status status="PASS" starttime="20220201 21:55:14.983" endtime="20220201 21:55:14.990"/>
</kw>
<status status="PASS" starttime="20220201 21:55:14.983" endtime="20220201 21:55:14.990"/>
</kw>
<kw name="Sleep" library="BuiltIn">
<arg>3</arg>
<doc>Pauses the test executed for the given time.</doc>
<msg timestamp="20220201 21:55:18.002" level="INFO">Slept 3 seconds</msg>
<status status="PASS" starttime="20220201 21:55:14.990" endtime="20220201 21:55:18.002"/>
</kw>
<kw name="Close All Browsers" library="SeleniumLibrary">
<doc>Closes all open browsers and resets the browser cache.</doc>
<status status="PASS" starttime="20220201 21:55:18.003" endtime="20220201 21:55:20.190"/>
</kw>
<doc>Unsuccessful in adding clothes into the Cart due to negative or zero count of items</doc>
<tag>NegativeCountError</tag>
<tag>Unsuccessful_Addition</tag>
<tag>WebUI_Clothing</tag>
<status status="PASS" starttime="20220201 21:54:50.200" endtime="20220201 21:55:20.191"/>
</test>
<status status="PASS" starttime="20220201 21:52:03.847" endtime="20220201 21:55:20.193"/>
</suite>
<statistics>
<total>
<stat pass="7" fail="0" skip="0">All Tests</stat>
</total>
<tag>
<stat pass="1" fail="0" skip="0">Different_Views</stat>
<stat pass="1" fail="0" skip="0">EmptyCustomTextbox</stat>
<stat pass="1" fail="0" skip="0">EmptySize</stat>
<stat pass="1" fail="0" skip="0">NegativeCountError</stat>
<stat pass="3" fail="0" skip="0">Successful_Addition</stat>
<stat pass="3" fail="0" skip="0">Unsuccessful_Addition</stat>
<stat pass="7" fail="0" skip="0">WebUI_Clothing</stat>
</tag>
<suite>
<stat pass="7" fail="0" skip="0" id="s1" name="Apparel Clothing Page">Apparel Clothing Page</stat>
</suite>
</statistics>
<errors>
</errors>
</robot>
