<?xml version="1.0" encoding="UTF-8"?>
<robot generator="Robot 4.1.3 (Python 3.9.7 on win32)" generated="20220203 00:29:31.712" rpa="false" schemaversion="2">
<suite id="s1" name="Apparel Clothing Page" source="D:\TruMinds\nopcommerce\TestSuite\apparel_clothing_page.robot">
<test id="s1-t1" name="Displaying Clothes In List View And Grid View">
<kw name="Open Webui" library="Common_Utils">
<arg>${browser}</arg>
<arg>${url}</arg>
<doc>Open demo nopcommerce WebUI</doc>
<kw name="Log" library="BuiltIn">
<arg>Browser: ${browser}</arg>
<arg>HTML</arg>
<arg>console=true</arg>
<doc>Logs the given message with the given level.</doc>
<msg timestamp="20220203 00:29:32.615" level="INFO" html="true">Browser: Chrome</msg>
<status status="PASS" starttime="20220203 00:29:32.615" endtime="20220203 00:29:32.615"/>
</kw>
<kw name="Log" library="BuiltIn">
<arg>URL: ${url}</arg>
<arg>HTML</arg>
<arg>console=true</arg>
<doc>Logs the given message with the given level.</doc>
<msg timestamp="20220203 00:29:32.615" level="INFO" html="true">URL: https://demo.nopcommerce.com/</msg>
<status status="PASS" starttime="20220203 00:29:32.615" endtime="20220203 00:29:32.615"/>
</kw>
<kw name="Wait Until Keyword Succeeds" library="BuiltIn">
<arg>3 times</arg>
<arg>5 seconds</arg>
<arg>Open Webui Repeat</arg>
<arg>${browser}</arg>
<arg>${url}</arg>
<doc>Runs the specified keyword and retries if it fails.</doc>
<kw name="Open Webui Repeat" library="Common_Utils">
<arg>${browser}</arg>
<arg>${url}</arg>
<kw name="Run Keyword If" library="BuiltIn">
<arg>'${browser}'=='Firefox'</arg>
<arg>Setup Firefox</arg>
<arg>${url}</arg>
<arg>ELSE IF</arg>
<arg>'${browser}'=='Chrome'</arg>
<arg>Setup Chrome</arg>
<arg>${url}</arg>
<arg>ELSE IF</arg>
<arg>'${browser}'=='Edge'</arg>
<arg>Setup Edge</arg>
<arg>${url}</arg>
<doc>Runs the given keyword with the given arguments, if ``condition`` is true.</doc>
<kw name="Setup Chrome" library="Common_Utils">
<arg>${url}</arg>
<kw name="Log" library="BuiltIn">
<arg>Setting up Chrome</arg>
<arg>console=${True}</arg>
<doc>Logs the given message with the given level.</doc>
<msg timestamp="20220203 00:29:32.619" level="INFO">Setting up Chrome</msg>
<status status="PASS" starttime="20220203 00:29:32.619" endtime="20220203 00:29:32.619"/>
</kw>
<kw name="Log To Console" library="BuiltIn">
<arg>Opening browser with popup blocking disabled and ignoring certificate error</arg>
<doc>Logs the given message to the console.</doc>
<status status="PASS" starttime="20220203 00:29:32.623" endtime="20220203 00:29:32.623"/>
</kw>
<kw name="Open Browser" library="SeleniumLibrary">
<arg>${url}</arg>
<arg>Chrome</arg>
<arg>options=add_argument("--disable-popup-blocking"); add_argument("--ignore-certificate-errors")</arg>
<doc>Opens a new browser instance to the optional ``url``.</doc>
<msg timestamp="20220203 00:29:32.623" level="INFO">Opening browser 'Chrome' to base url 'https://demo.nopcommerce.com/'.</msg>
<status status="PASS" starttime="20220203 00:29:32.623" endtime="20220203 00:29:39.221"/>
</kw>
<status status="PASS" starttime="20220203 00:29:32.619" endtime="20220203 00:29:39.221"/>
</kw>
<status status="PASS" starttime="20220203 00:29:32.619" endtime="20220203 00:29:39.221"/>
</kw>
<kw name="Log To Console" library="BuiltIn">
<arg>Setting window size to 1920x1000 for standard execution across displays</arg>
<doc>Logs the given message to the console.</doc>
<status status="PASS" starttime="20220203 00:29:39.225" endtime="20220203 00:29:39.225"/>
</kw>
<kw name="Set Window Size" library="SeleniumLibrary">
<arg>1920</arg>
<arg>1000</arg>
<doc>Sets current windows size to given ``width`` and ``height``.</doc>
<status status="PASS" starttime="20220203 00:29:39.225" endtime="20220203 00:29:39.353"/>
</kw>
<kw name="Get Window Size" library="SeleniumLibrary">
<var>${width}</var>
<var>${height}</var>
<doc>Returns current window width and height as integers.</doc>
<msg timestamp="20220203 00:29:39.357" level="INFO">${width} = 1386</msg>
<msg timestamp="20220203 00:29:39.357" level="INFO">${height} = 788</msg>
<status status="PASS" starttime="20220203 00:29:39.353" endtime="20220203 00:29:39.357"/>
</kw>
<kw name="Log To Console" library="BuiltIn">
<arg>Window: width: ${width} height: ${height}</arg>
<doc>Logs the given message to the console.</doc>
<status status="PASS" starttime="20220203 00:29:39.357" endtime="20220203 00:29:39.357"/>
</kw>
<kw name="Wait Until Element Is Enabled" library="SeleniumLibrary">
<arg>${home}[logo_image]</arg>
<arg>timeout=30</arg>
<doc>Waits until the element ``locator`` is enabled.</doc>
<status status="PASS" starttime="20220203 00:29:39.357" endtime="20220203 00:29:39.441"/>
</kw>
<status status="PASS" starttime="20220203 00:29:32.619" endtime="20220203 00:29:39.441"/>
</kw>
<status status="PASS" starttime="20220203 00:29:32.619" endtime="20220203 00:29:39.441"/>
</kw>
<status status="PASS" starttime="20220203 00:29:32.615" endtime="20220203 00:29:39.441"/>
</kw>
<kw name="Proceed To Apparel Page" library="Home">
<doc>Navigating to Apparel Page</doc>
<kw name="Wait Until Keyword Succeeds" library="BuiltIn">
<arg>5 times</arg>
<arg>10 seconds</arg>
<arg>Click Link</arg>
<arg>${home}[apparel]</arg>
<doc>Runs the specified keyword and retries if it fails.</doc>
<kw name="Click Link" library="SeleniumLibrary">
<arg>${home}[apparel]</arg>
<doc>Clicks a link identified by ``locator``.</doc>
<msg timestamp="20220203 00:29:39.445" level="INFO">Clicking link '//*[@class='top-menu notmobile']//a[contains(text(),'Apparel')]'.</msg>
<status status="PASS" starttime="20220203 00:29:39.445" endtime="20220203 00:29:41.580"/>
</kw>
<status status="PASS" starttime="20220203 00:29:39.445" endtime="20220203 00:29:41.580"/>
</kw>
<kw name="Wait Until Keyword Succeeds" library="BuiltIn">
<arg>5 times</arg>
<arg>10 seconds</arg>
<arg>Title Should Be</arg>
<arg>nopCommerce demo store. Apparel</arg>
<doc>Runs the specified keyword and retries if it fails.</doc>
<kw name="Title Should Be" library="SeleniumLibrary">
<arg>nopCommerce demo store. Apparel</arg>
<doc>Verifies that the current page title equals ``title``.</doc>
<msg timestamp="20220203 00:29:41.584" level="INFO">Page title is 'nopCommerce demo store. Apparel'.</msg>
<status status="PASS" starttime="20220203 00:29:41.580" endtime="20220203 00:29:41.584"/>
</kw>
<status status="PASS" starttime="20220203 00:29:41.580" endtime="20220203 00:29:41.584"/>
</kw>
<status status="PASS" starttime="20220203 00:29:39.445" endtime="20220203 00:29:41.584"/>
</kw>
<kw name="Proceed To Clothing Page" library="Apparel">
<doc>Navigating to Clothing Page</doc>
<kw name="Wait Until Keyword Succeeds" library="BuiltIn">
<arg>5 times</arg>
<arg>10 seconds</arg>
<arg>Click Element</arg>
<arg>${apparel}[clothing]</arg>
<doc>Runs the specified keyword and retries if it fails.</doc>
<kw name="Click Element" library="SeleniumLibrary">
<arg>${apparel}[clothing]</arg>
<doc>Click the element identified by ``locator``.</doc>
<msg timestamp="20220203 00:29:41.592" level="INFO">Clicking element '//div[@class='item-grid']//div[@class='item-box'][2]'.</msg>
<status status="PASS" starttime="20220203 00:29:41.588" endtime="20220203 00:29:43.395"/>
</kw>
<status status="PASS" starttime="20220203 00:29:41.588" endtime="20220203 00:29:43.395"/>
</kw>
<kw name="Wait Until Keyword Succeeds" library="BuiltIn">
<arg>5 times</arg>
<arg>10 seconds</arg>
<arg>Title Should Be</arg>
<arg>nopCommerce demo store. Clothing</arg>
<doc>Runs the specified keyword and retries if it fails.</doc>
<kw name="Title Should Be" library="SeleniumLibrary">
<arg>nopCommerce demo store. Clothing</arg>
<doc>Verifies that the current page title equals ``title``.</doc>
<msg timestamp="20220203 00:29:43.411" level="INFO">Page title is 'nopCommerce demo store. Clothing'.</msg>
<status status="PASS" starttime="20220203 00:29:43.399" endtime="20220203 00:29:43.411"/>
</kw>
<status status="PASS" starttime="20220203 00:29:43.395" endtime="20220203 00:29:43.411"/>
</kw>
<status status="PASS" starttime="20220203 00:29:41.588" endtime="20220203 00:29:43.415"/>
</kw>
<kw name="View By List" library="Clothing">
<doc>To view the records in list view</doc>
<kw name="Get Element Attribute" library="SeleniumLibrary">
<var>${class}</var>
<arg>${clothing.list}</arg>
<arg>class</arg>
<doc>Returns the value of ``attribute`` from the element ``locator``.</doc>
<msg timestamp="20220203 00:29:43.504" level="INFO">${class} = viewmode-icon list</msg>
<status status="PASS" starttime="20220203 00:29:43.419" endtime="20220203 00:29:43.508"/>
</kw>
<kw name="Should Be Equal As Strings" library="BuiltIn">
<arg>${class.strip()}</arg>
<arg>viewmode-icon list</arg>
<doc>Fails if objects are unequal after converting them to strings.</doc>
<status status="PASS" starttime="20220203 00:29:43.508" endtime="20220203 00:29:43.508"/>
</kw>
<kw name="Wait Until Keyword Succeeds" library="BuiltIn">
<arg>5 times</arg>
<arg>10 seconds</arg>
<arg>Click Element</arg>
<arg>${clothing.list}</arg>
<doc>Runs the specified keyword and retries if it fails.</doc>
<kw name="Click Element" library="SeleniumLibrary">
<arg>${clothing.list}</arg>
<doc>Click the element identified by ``locator``.</doc>
<msg timestamp="20220203 00:29:43.512" level="INFO">Clicking element '//a[contains(text(),'List')]'.</msg>
<status status="PASS" starttime="20220203 00:29:43.512" endtime="20220203 00:29:43.689"/>
</kw>
<status status="PASS" starttime="20220203 00:29:43.508" endtime="20220203 00:29:43.689"/>
</kw>
<kw name="Element Attribute Value Should Be" library="SeleniumLibrary">
<arg>${clothing.list}</arg>
<arg>class</arg>
<arg>viewmode-icon list selected</arg>
<doc>Verifies element identified by ``locator`` contains expected attribute value.</doc>
<msg timestamp="20220203 00:29:43.737" level="INFO">Element '//a[contains(text(),'List')]' attribute 'class' contains value 'viewmode-icon list selected'.</msg>
<status status="PASS" starttime="20220203 00:29:43.693" endtime="20220203 00:29:43.737"/>
</kw>
<kw name="Wait Until Keyword Succeeds" library="BuiltIn">
<arg>5 times</arg>
<arg>10 seconds</arg>
<arg>Page Should Contain Element</arg>
<arg>${clothing}[list_validate]</arg>
<doc>Runs the specified keyword and retries if it fails.</doc>
<kw name="Page Should Contain Element" library="SeleniumLibrary">
<arg>${clothing}[list_validate]</arg>
<doc>Verifies that element ``locator`` is found on the current page.</doc>
<msg timestamp="20220203 00:29:43.965" level="INFO" html="true">&lt;/td&gt;&lt;/tr&gt;&lt;tr&gt;&lt;td colspan="3"&gt;&lt;a href="selenium-screenshot-21.png"&gt;&lt;img src="selenium-screenshot-21.png" width="800px"&gt;&lt;/a&gt;</msg>
<msg timestamp="20220203 00:29:43.969" level="FAIL">Page should have contained element '//div[@class='product-list']' but did not.</msg>
<status status="FAIL" starttime="20220203 00:29:43.737" endtime="20220203 00:29:43.969"/>
</kw>
<kw name="Page Should Contain Element" library="SeleniumLibrary">
<arg>${clothing}[list_validate]</arg>
<doc>Verifies that element ``locator`` is found on the current page.</doc>
<msg timestamp="20220203 00:29:54.013" level="INFO">Current page contains element '//div[@class='product-list']'.</msg>
<status status="PASS" starttime="20220203 00:29:53.977" endtime="20220203 00:29:54.013"/>
</kw>
<status status="PASS" starttime="20220203 00:29:43.737" endtime="20220203 00:29:54.013"/>
</kw>
<status status="PASS" starttime="20220203 00:29:43.415" endtime="20220203 00:29:54.013"/>
</kw>
<kw name="Sleep" library="BuiltIn">
<arg>3</arg>
<doc>Pauses the test executed for the given time.</doc>
<msg timestamp="20220203 00:29:57.025" level="INFO">Slept 3 seconds</msg>
<status status="PASS" starttime="20220203 00:29:54.013" endtime="20220203 00:29:57.025"/>
</kw>
<kw name="View By Grid" library="Clothing">
<doc>To view the records in grid view</doc>
<kw name="Get Element Attribute" library="SeleniumLibrary">
<var>${class}</var>
<arg>${clothing.grid}</arg>
<arg>class</arg>
<doc>Returns the value of ``attribute`` from the element ``locator``.</doc>
<msg timestamp="20220203 00:29:57.106" level="INFO">${class} = viewmode-icon grid</msg>
<status status="PASS" starttime="20220203 00:29:57.029" endtime="20220203 00:29:57.106"/>
</kw>
<kw name="Should Be Equal As Strings" library="BuiltIn">
<arg>${class.strip()}</arg>
<arg>viewmode-icon grid</arg>
<doc>Fails if objects are unequal after converting them to strings.</doc>
<status status="PASS" starttime="20220203 00:29:57.106" endtime="20220203 00:29:57.110"/>
</kw>
<kw name="Wait Until Keyword Succeeds" library="BuiltIn">
<arg>5 times</arg>
<arg>10 seconds</arg>
<arg>Click Element</arg>
<arg>${clothing.grid}</arg>
<doc>Runs the specified keyword and retries if it fails.</doc>
<kw name="Click Element" library="SeleniumLibrary">
<arg>${clothing.grid}</arg>
<doc>Click the element identified by ``locator``.</doc>
<msg timestamp="20220203 00:29:57.114" level="INFO">Clicking element '//a[contains(text(),'Grid')]'.</msg>
<status status="PASS" starttime="20220203 00:29:57.110" endtime="20220203 00:29:57.270"/>
</kw>
<status status="PASS" starttime="20220203 00:29:57.110" endtime="20220203 00:29:57.270"/>
</kw>
<kw name="Element Attribute Value Should Be" library="SeleniumLibrary">
<arg>${clothing.grid}</arg>
<arg>class</arg>
<arg>viewmode-icon grid selected</arg>
<doc>Verifies element identified by ``locator`` contains expected attribute value.</doc>
<msg timestamp="20220203 00:29:57.314" level="INFO">Element '//a[contains(text(),'Grid')]' attribute 'class' contains value 'viewmode-icon grid selected'.</msg>
<status status="PASS" starttime="20220203 00:29:57.270" endtime="20220203 00:29:57.314"/>
</kw>
<kw name="Wait Until Keyword Succeeds" library="BuiltIn">
<arg>5 times</arg>
<arg>10 seconds</arg>
<arg>Page Should Contain Element</arg>
<arg>${clothing}[grid_validate]</arg>
<doc>Runs the specified keyword and retries if it fails.</doc>
<kw name="Page Should Contain Element" library="SeleniumLibrary">
<arg>${clothing}[grid_validate]</arg>
<doc>Verifies that element ``locator`` is found on the current page.</doc>
<msg timestamp="20220203 00:29:57.502" level="INFO" html="true">&lt;/td&gt;&lt;/tr&gt;&lt;tr&gt;&lt;td colspan="3"&gt;&lt;a href="selenium-screenshot-22.png"&gt;&lt;img src="selenium-screenshot-22.png" width="800px"&gt;&lt;/a&gt;</msg>
<msg timestamp="20220203 00:29:57.505" level="FAIL">Page should have contained element '//div[@class='product-grid']' but did not.</msg>
<status status="FAIL" starttime="20220203 00:29:57.318" endtime="20220203 00:29:57.505"/>
</kw>
<kw name="Page Should Contain Element" library="SeleniumLibrary">
<arg>${clothing}[grid_validate]</arg>
<doc>Verifies that element ``locator`` is found on the current page.</doc>
<msg timestamp="20220203 00:30:07.521" level="INFO">Current page contains element '//div[@class='product-grid']'.</msg>
<status status="PASS" starttime="20220203 00:30:07.509" endtime="20220203 00:30:07.521"/>
</kw>
<status status="PASS" starttime="20220203 00:29:57.318" endtime="20220203 00:30:07.525"/>
</kw>
<status status="PASS" starttime="20220203 00:29:57.025" endtime="20220203 00:30:07.525"/>
</kw>
<kw name="Sleep" library="BuiltIn">
<arg>3</arg>
<doc>Pauses the test executed for the given time.</doc>
<msg timestamp="20220203 00:30:10.535" level="INFO">Slept 3 seconds</msg>
<status status="PASS" starttime="20220203 00:30:07.529" endtime="20220203 00:30:10.535"/>
</kw>
<kw name="Close All Browsers" library="SeleniumLibrary">
<doc>Closes all open browsers and resets the browser cache.</doc>
<status status="PASS" starttime="20220203 00:30:10.539" endtime="20220203 00:30:12.830"/>
</kw>
<doc>Toggling between Displaying records as list and grid</doc>
<tag>Different_Views</tag>
<tag>TC1</tag>
<tag>WebUI_Clothing</tag>
<status status="PASS" starttime="20220203 00:29:32.615" endtime="20220203 00:30:12.830"/>
</test>
<test id="s1-t2" name="Successfully Adding Custom T-Shirt into cart">
<kw name="Open Webui" library="Common_Utils">
<arg>${browser}</arg>
<arg>${url}</arg>
<doc>Open demo nopcommerce WebUI</doc>
<kw name="Log" library="BuiltIn">
<arg>Browser: ${browser}</arg>
<arg>HTML</arg>
<arg>console=true</arg>
<doc>Logs the given message with the given level.</doc>
<msg timestamp="20220203 00:30:12.840" level="INFO" html="true">Browser: Chrome</msg>
<status status="PASS" starttime="20220203 00:30:12.840" endtime="20220203 00:30:12.844"/>
</kw>
<kw name="Log" library="BuiltIn">
<arg>URL: ${url}</arg>
<arg>HTML</arg>
<arg>console=true</arg>
<doc>Logs the given message with the given level.</doc>
<msg timestamp="20220203 00:30:12.844" level="INFO" html="true">URL: https://demo.nopcommerce.com/</msg>
<status status="PASS" starttime="20220203 00:30:12.844" endtime="20220203 00:30:12.844"/>
</kw>
<kw name="Wait Until Keyword Succeeds" library="BuiltIn">
<arg>3 times</arg>
<arg>5 seconds</arg>
<arg>Open Webui Repeat</arg>
<arg>${browser}</arg>
<arg>${url}</arg>
<doc>Runs the specified keyword and retries if it fails.</doc>
<kw name="Open Webui Repeat" library="Common_Utils">
<arg>${browser}</arg>
<arg>${url}</arg>
<kw name="Run Keyword If" library="BuiltIn">
<arg>'${browser}'=='Firefox'</arg>
<arg>Setup Firefox</arg>
<arg>${url}</arg>
<arg>ELSE IF</arg>
<arg>'${browser}'=='Chrome'</arg>
<arg>Setup Chrome</arg>
<arg>${url}</arg>
<arg>ELSE IF</arg>
<arg>'${browser}'=='Edge'</arg>
<arg>Setup Edge</arg>
<arg>${url}</arg>
<doc>Runs the given keyword with the given arguments, if ``condition`` is true.</doc>
<kw name="Setup Chrome" library="Common_Utils">
<arg>${url}</arg>
<kw name="Log" library="BuiltIn">
<arg>Setting up Chrome</arg>
<arg>console=${True}</arg>
<doc>Logs the given message with the given level.</doc>
<msg timestamp="20220203 00:30:12.852" level="INFO">Setting up Chrome</msg>
<status status="PASS" starttime="20220203 00:30:12.852" endtime="20220203 00:30:12.856"/>
</kw>
<kw name="Log To Console" library="BuiltIn">
<arg>Opening browser with popup blocking disabled and ignoring certificate error</arg>
<doc>Logs the given message to the console.</doc>
<status status="PASS" starttime="20220203 00:30:12.856" endtime="20220203 00:30:12.856"/>
</kw>
<kw name="Open Browser" library="SeleniumLibrary">
<arg>${url}</arg>
<arg>Chrome</arg>
<arg>options=add_argument("--disable-popup-blocking"); add_argument("--ignore-certificate-errors")</arg>
<doc>Opens a new browser instance to the optional ``url``.</doc>
<msg timestamp="20220203 00:30:12.860" level="INFO">Opening browser 'Chrome' to base url 'https://demo.nopcommerce.com/'.</msg>
<status status="PASS" starttime="20220203 00:30:12.856" endtime="20220203 00:30:16.586"/>
</kw>
<status status="PASS" starttime="20220203 00:30:12.852" endtime="20220203 00:30:16.590"/>
</kw>
<status status="PASS" starttime="20220203 00:30:12.848" endtime="20220203 00:30:16.590"/>
</kw>
<kw name="Log To Console" library="BuiltIn">
<arg>Setting window size to 1920x1000 for standard execution across displays</arg>
<doc>Logs the given message to the console.</doc>
<status status="PASS" starttime="20220203 00:30:16.590" endtime="20220203 00:30:16.590"/>
</kw>
<kw name="Set Window Size" library="SeleniumLibrary">
<arg>1920</arg>
<arg>1000</arg>
<doc>Sets current windows size to given ``width`` and ``height``.</doc>
<status status="PASS" starttime="20220203 00:30:16.590" endtime="20220203 00:30:16.712"/>
</kw>
<kw name="Get Window Size" library="SeleniumLibrary">
<var>${width}</var>
<var>${height}</var>
<doc>Returns current window width and height as integers.</doc>
<msg timestamp="20220203 00:30:16.716" level="INFO">${width} = 1386</msg>
<msg timestamp="20220203 00:30:16.720" level="INFO">${height} = 788</msg>
<status status="PASS" starttime="20220203 00:30:16.712" endtime="20220203 00:30:16.720"/>
</kw>
<kw name="Log To Console" library="BuiltIn">
<arg>Window: width: ${width} height: ${height}</arg>
<doc>Logs the given message to the console.</doc>
<status status="PASS" starttime="20220203 00:30:16.720" endtime="20220203 00:30:16.720"/>
</kw>
<kw name="Wait Until Element Is Enabled" library="SeleniumLibrary">
<arg>${home}[logo_image]</arg>
<arg>timeout=30</arg>
<doc>Waits until the element ``locator`` is enabled.</doc>
<status status="PASS" starttime="20220203 00:30:16.720" endtime="20220203 00:30:16.847"/>
</kw>
<status status="PASS" starttime="20220203 00:30:12.848" endtime="20220203 00:30:16.851"/>
</kw>
<status status="PASS" starttime="20220203 00:30:12.848" endtime="20220203 00:30:16.851"/>
</kw>
<status status="PASS" starttime="20220203 00:30:12.840" endtime="20220203 00:30:16.851"/>
</kw>
<kw name="Proceed To Apparel Page" library="Home">
<doc>Navigating to Apparel Page</doc>
<kw name="Wait Until Keyword Succeeds" library="BuiltIn">
<arg>5 times</arg>
<arg>10 seconds</arg>
<arg>Click Link</arg>
<arg>${home}[apparel]</arg>
<doc>Runs the specified keyword and retries if it fails.</doc>
<kw name="Click Link" library="SeleniumLibrary">
<arg>${home}[apparel]</arg>
<doc>Clicks a link identified by ``locator``.</doc>
<msg timestamp="20220203 00:30:16.855" level="INFO">Clicking link '//*[@class='top-menu notmobile']//a[contains(text(),'Apparel')]'.</msg>
<status status="PASS" starttime="20220203 00:30:16.855" endtime="20220203 00:30:17.828"/>
</kw>
<status status="PASS" starttime="20220203 00:30:16.851" endtime="20220203 00:30:17.828"/>
</kw>
<kw name="Wait Until Keyword Succeeds" library="BuiltIn">
<arg>5 times</arg>
<arg>10 seconds</arg>
<arg>Title Should Be</arg>
<arg>nopCommerce demo store. Apparel</arg>
<doc>Runs the specified keyword and retries if it fails.</doc>
<kw name="Title Should Be" library="SeleniumLibrary">
<arg>nopCommerce demo store. Apparel</arg>
<doc>Verifies that the current page title equals ``title``.</doc>
<msg timestamp="20220203 00:30:17.836" level="INFO">Page title is 'nopCommerce demo store. Apparel'.</msg>
<status status="PASS" starttime="20220203 00:30:17.828" endtime="20220203 00:30:17.836"/>
</kw>
<status status="PASS" starttime="20220203 00:30:17.828" endtime="20220203 00:30:17.836"/>
</kw>
<status status="PASS" starttime="20220203 00:30:16.851" endtime="20220203 00:30:17.836"/>
</kw>
<kw name="Proceed To Clothing Page" library="Apparel">
<doc>Navigating to Clothing Page</doc>
<kw name="Wait Until Keyword Succeeds" library="BuiltIn">
<arg>5 times</arg>
<arg>10 seconds</arg>
<arg>Click Element</arg>
<arg>${apparel}[clothing]</arg>
<doc>Runs the specified keyword and retries if it fails.</doc>
<kw name="Click Element" library="SeleniumLibrary">
<arg>${apparel}[clothing]</arg>
<doc>Click the element identified by ``locator``.</doc>
<msg timestamp="20220203 00:30:17.836" level="INFO">Clicking element '//div[@class='item-grid']//div[@class='item-box'][2]'.</msg>
<status status="PASS" starttime="20220203 00:30:17.836" endtime="20220203 00:30:18.494"/>
</kw>
<status status="PASS" starttime="20220203 00:30:17.836" endtime="20220203 00:30:18.498"/>
</kw>
<kw name="Wait Until Keyword Succeeds" library="BuiltIn">
<arg>5 times</arg>
<arg>10 seconds</arg>
<arg>Title Should Be</arg>
<arg>nopCommerce demo store. Clothing</arg>
<doc>Runs the specified keyword and retries if it fails.</doc>
<kw name="Title Should Be" library="SeleniumLibrary">
<arg>nopCommerce demo store. Clothing</arg>
<doc>Verifies that the current page title equals ``title``.</doc>
<msg timestamp="20220203 00:30:18.502" level="INFO">Page title is 'nopCommerce demo store. Clothing'.</msg>
<status status="PASS" starttime="20220203 00:30:18.498" endtime="20220203 00:30:18.502"/>
</kw>
<status status="PASS" starttime="20220203 00:30:18.498" endtime="20220203 00:30:18.502"/>
</kw>
<status status="PASS" starttime="20220203 00:30:17.836" endtime="20220203 00:30:18.502"/>
</kw>
<kw name="Add Clothes" library="Clothing">
<var>${price}</var>
<arg>Custom T-Shirt</arg>
<arg>custom_text=My New Shirt</arg>
<arg>count=3</arg>
<doc>Add Clothes according to the product name</doc>
<if>
<branch type="IF" condition="&quot;${title}&quot; == &quot;Custom T-Shirt&quot;">
<kw name="Add Custom Tshirt" library="Clothing">
<var>${price}</var>
<arg>${custom_text}</arg>
<arg>${count}</arg>
<doc>Adding Custom tshirt into the cart</doc>
<kw name="Select Item" library="Clothing">
<arg>Custom T-Shirt</arg>
<doc>To select an item with given product id</doc>
<kw name="Wait Until Element Is Visible" library="SeleniumLibrary">
<arg>//a[contains(text(),"${text}")]</arg>
<arg>timeout=10</arg>
<doc>Waits until the element ``locator`` is visible.</doc>
<status status="PASS" starttime="20220203 00:30:18.506" endtime="20220203 00:30:18.538"/>
</kw>
<kw name="Click Element" library="SeleniumLibrary">
<arg>//a[contains(text(),"${text}")]</arg>
<doc>Click the element identified by ``locator``.</doc>
<msg timestamp="20220203 00:30:18.538" level="INFO">Clicking element '//a[contains(text(),"Custom T-Shirt")]'.</msg>
<status status="PASS" starttime="20220203 00:30:18.538" endtime="20220203 00:30:19.881"/>
</kw>
<status status="PASS" starttime="20220203 00:30:18.506" endtime="20220203 00:30:19.881"/>
</kw>
<kw name="Wait Until Keyword Succeeds" library="BuiltIn">
<arg>5 times</arg>
<arg>10seconds</arg>
<arg>Page Should Contain</arg>
<arg>Custom T-Shirt</arg>
<doc>Runs the specified keyword and retries if it fails.</doc>
<kw name="Page Should Contain" library="SeleniumLibrary">
<arg>Custom T-Shirt</arg>
<doc>Verifies that current page contains ``text``.</doc>
<msg timestamp="20220203 00:30:19.941" level="INFO">Current page contains text 'Custom T-Shirt'.</msg>
<status status="PASS" starttime="20220203 00:30:19.881" endtime="20220203 00:30:19.941"/>
</kw>
<status status="PASS" starttime="20220203 00:30:19.881" endtime="20220203 00:30:19.941"/>
</kw>
<if>
<branch type="IF" condition="&quot;${custom_text}&quot; != &quot;None&quot;">
<kw name="Wait Until Element Is Visible" library="SeleniumLibrary">
<arg>${clothing}[custom_tshirt][text]</arg>
<arg>timeout=10</arg>
<doc>Waits until the element ``locator`` is visible.</doc>
<status status="PASS" starttime="20220203 00:30:19.941" endtime="20220203 00:30:20.069"/>
</kw>
<kw name="Input Text" library="SeleniumLibrary">
<arg>${clothing}[custom_tshirt][text]</arg>
<arg>${custom_text}</arg>
<doc>Types the given ``text`` into the text field identified by ``locator``.</doc>
<msg timestamp="20220203 00:30:20.073" level="INFO">Typing text 'My New Shirt' into text field '//div[@class="attributes"]//input[@class="textbox"]'.</msg>
<status status="PASS" starttime="20220203 00:30:20.073" endtime="20220203 00:30:20.200"/>
</kw>
<status status="PASS" starttime="20220203 00:30:19.941" endtime="20220203 00:30:20.200"/>
</branch>
<status status="PASS" starttime="20220203 00:30:19.941" endtime="20220203 00:30:20.200"/>
</if>
<kw name="Enter Quantity" library="Clothing">
<arg>${count}</arg>
<doc>Enter number of items to be added to cart</doc>
<kw name="Wait Until Element Is Visible" library="SeleniumLibrary">
<arg>${clothing}[quantity_box]</arg>
<arg>timeout=10</arg>
<doc>Waits until the element ``locator`` is visible.</doc>
<status status="PASS" starttime="20220203 00:30:20.200" endtime="20220203 00:30:20.222"/>
</kw>
<kw name="Input Text" library="SeleniumLibrary">
<arg>${clothing}[quantity_box]</arg>
<arg>${count}</arg>
<doc>Types the given ``text`` into the text field identified by ``locator``.</doc>
<msg timestamp="20220203 00:30:20.226" level="INFO">Typing text '3' into text field '//div[@class="add-to-cart"]//input'.</msg>
<status status="PASS" starttime="20220203 00:30:20.222" endtime="20220203 00:30:20.310"/>
</kw>
<status status="PASS" starttime="20220203 00:30:20.200" endtime="20220203 00:30:20.314"/>
</kw>
<kw name="Sleep" library="BuiltIn">
<arg>3</arg>
<doc>Pauses the test executed for the given time.</doc>
<msg timestamp="20220203 00:30:23.324" level="INFO">Slept 3 seconds</msg>
<status status="PASS" starttime="20220203 00:30:20.314" endtime="20220203 00:30:23.324"/>
</kw>
<kw name="Find Price" library="Clothing">
<var>${price}</var>
<arg>${count}</arg>
<doc>Finding price of the item</doc>
<kw name="Get Text" library="SeleniumLibrary">
<var>${price_str}</var>
<arg>//div[@class="product-price"]//span</arg>
<doc>Returns the text value of the element identified by ``locator``.</doc>
<msg timestamp="20220203 00:30:23.360" level="INFO">${price_str} = $15.00</msg>
<status status="PASS" starttime="20220203 00:30:23.324" endtime="20220203 00:30:23.360"/>
</kw>
<kw name="Get Substring" library="String">
<var>${price}</var>
<arg>${price_str}</arg>
<arg>1</arg>
<doc>Returns a substring from ``start`` index to ``end`` index.</doc>
<msg timestamp="20220203 00:30:23.360" level="INFO">${price} = 15.00</msg>
<status status="PASS" starttime="20220203 00:30:23.360" endtime="20220203 00:30:23.360"/>
</kw>
<kw name="Convert To Number" library="BuiltIn">
<arg>${price}</arg>
<doc>Converts the given item to a floating point number.</doc>
<status status="PASS" starttime="20220203 00:30:23.360" endtime="20220203 00:30:23.360"/>
</kw>
<kw name="Evaluate" library="BuiltIn">
<var>${total}</var>
<arg>${price} * ${count}</arg>
<doc>Evaluates the given expression in Python and returns the result.</doc>
<msg timestamp="20220203 00:30:23.360" level="INFO">${total} = 45.0</msg>
<status status="PASS" starttime="20220203 00:30:23.360" endtime="20220203 00:30:23.364"/>
</kw>
<msg timestamp="20220203 00:30:23.364" level="INFO">${price} = 45.0</msg>
<status status="PASS" starttime="20220203 00:30:23.324" endtime="20220203 00:30:23.364"/>
</kw>
<kw name="Click Add To Cart Button" library="Clothing">
<doc>Clicking Add To cart button</doc>
<kw name="Wait Until Element Is Visible" library="SeleniumLibrary">
<arg>${clothing}[add_to_cart_btn]</arg>
<arg>timeout=10</arg>
<doc>Waits until the element ``locator`` is visible.</doc>
<status status="PASS" starttime="20220203 00:30:23.364" endtime="20220203 00:30:23.388"/>
</kw>
<kw name="Click Button" library="SeleniumLibrary">
<arg>${clothing}[add_to_cart_btn]</arg>
<doc>Clicks the button identified by ``locator``.</doc>
<msg timestamp="20220203 00:30:23.392" level="INFO">Clicking button '//div[@class="add-to-cart"]//button'.</msg>
<status status="PASS" starttime="20220203 00:30:23.388" endtime="20220203 00:30:23.448"/>
</kw>
<kw name="Sleep" library="BuiltIn">
<arg>3</arg>
<doc>Pauses the test executed for the given time.</doc>
<msg timestamp="20220203 00:30:26.452" level="INFO">Slept 3 seconds</msg>
<status status="PASS" starttime="20220203 00:30:23.448" endtime="20220203 00:30:26.452"/>
</kw>
<status status="PASS" starttime="20220203 00:30:23.364" endtime="20220203 00:30:26.452"/>
</kw>
<msg timestamp="20220203 00:30:26.452" level="INFO">${price} = 45.0</msg>
<status status="PASS" starttime="20220203 00:30:18.502" endtime="20220203 00:30:26.452"/>
</kw>
<status status="PASS" starttime="20220203 00:30:18.502" endtime="20220203 00:30:26.452"/>
</branch>
<branch type="ELSE IF" condition="&quot;${title}&quot; == &quot;Nike Tailwind Loose Short-Sleeve Running Shirt&quot;">
<kw name="Add Nike Shirt" library="Clothing">
<var>${price}</var>
<arg>${size}</arg>
<arg>${count}</arg>
<doc>Adding Nike Tailwind Loose Short-Sleeve Running Shirt into the Cart</doc>
<status status="NOT RUN" starttime="20220203 00:30:26.452" endtime="20220203 00:30:26.452"/>
</kw>
<status status="NOT RUN" starttime="20220203 00:30:26.452" endtime="20220203 00:30:26.452"/>
</branch>
<status status="PASS" starttime="20220203 00:30:18.502" endtime="20220203 00:30:26.452"/>
</if>
<msg timestamp="20220203 00:30:26.452" level="INFO">${price} = 45.0</msg>
<status status="PASS" starttime="20220203 00:30:18.502" endtime="20220203 00:30:26.452"/>
</kw>
<kw name="Verify Successful Addition" library="Clothing">
<doc>Verifying that item is successfully added to cart</doc>
<kw name="Wait Until Keyword Succeeds" library="BuiltIn">
<arg>3 times</arg>
<arg>10 seconds</arg>
<arg>Page Should Contain Element</arg>
<arg>${clothing}[success_message]</arg>
<doc>Runs the specified keyword and retries if it fails.</doc>
<kw name="Page Should Contain Element" library="SeleniumLibrary">
<arg>${clothing}[success_message]</arg>
<doc>Verifies that element ``locator`` is found on the current page.</doc>
<msg timestamp="20220203 00:30:26.464" level="INFO">Current page contains element '//div[@class='bar-notification success']//p[contains(text(),'The product has been added to your ')]'.</msg>
<status status="PASS" starttime="20220203 00:30:26.452" endtime="20220203 00:30:26.464"/>
</kw>
<status status="PASS" starttime="20220203 00:30:26.452" endtime="20220203 00:30:26.464"/>
</kw>
<status status="PASS" starttime="20220203 00:30:26.452" endtime="20220203 00:30:26.464"/>
</kw>
<kw name="Proceed To Shopping Cart" library="Home">
<doc>Navigating to Shopping Cart Page</doc>
<kw name="Wait Until Keyword Succeeds" library="BuiltIn">
<arg>5 times</arg>
<arg>5 seconds</arg>
<arg>Click Link</arg>
<arg>${home}[cart]</arg>
<doc>Runs the specified keyword and retries if it fails.</doc>
<kw name="Click Link" library="SeleniumLibrary">
<arg>${home}[cart]</arg>
<doc>Clicks a link identified by ``locator``.</doc>
<msg timestamp="20220203 00:30:26.464" level="INFO">Clicking link '//*[@id="topcartlink"]/a'.</msg>
<msg timestamp="20220203 00:30:27.773" level="INFO" html="true">&lt;/td&gt;&lt;/tr&gt;&lt;tr&gt;&lt;td colspan="3"&gt;&lt;a href="selenium-screenshot-23.png"&gt;&lt;img src="selenium-screenshot-23.png" width="800px"&gt;&lt;/a&gt;</msg>
<msg timestamp="20220203 00:30:27.777" level="FAIL">ElementClickInterceptedException: Message: element click intercepted: Element &lt;a href="/cart" class="ico-cart"&gt;...&lt;/a&gt; is not clickable at point (1202, 22). Other element would receive the click: &lt;p class="content"&gt;...&lt;/p&gt;
  (Session info: chrome=97.0.4692.99)
Stacktrace:
Backtrace:
	Ordinal0 [0x009BFDC3+2555331]
	Ordinal0 [0x009577F1+2127857]
	Ordinal0 [0x00852E08+1060360]
	Ordinal0 [0x008848CF+1263823]
	Ordinal0 [0x00882B10+1256208]
	Ordinal0 [0x0088076B+1247083]
	Ordinal0 [0x0087F559+1242457]
	Ordinal0 [0x00874FB3+1200051]
	Ordinal0 [0x00897B0C+1342220]
	Ordinal0 [0x00874984+1198468]
	Ordinal0 [0x00897C14+1342484]
	Ordinal0 [0x008A75FA+1406458]
	Ordinal0 [0x00897976+1341814]
	Ordinal0 [0x008736B6+1193654]
	Ordinal0 [0x00874546+1197382]
	GetHandleVerifier [0x00B59622+1619522]
	GetHandleVerifier [0x00C0882C+2336844]
	GetHandleVerifier [0x00A523E1+541697]
	GetHandleVerifier [0x00A51443+537699]
	Ordinal0 [0x0095D18E+2150798]
	Ordinal0 [0x00961518+2168088]
	Ordinal0 [0x00961660+2168416]
	Ordinal0 [0x0096B330+2208560]
	BaseThreadInitThunk [0x7582FA29+25]
	RtlGetAppContainerNamedObjectPath [0x77A47A9E+286]
	RtlGetAppContainerNamedObjectPath [0x77A47A6E+238]
</msg>
<status status="FAIL" starttime="20220203 00:30:26.464" endtime="20220203 00:30:27.777"/>
</kw>
<kw name="Click Link" library="SeleniumLibrary">
<arg>${home}[cart]</arg>
<doc>Clicks a link identified by ``locator``.</doc>
<msg timestamp="20220203 00:30:32.791" level="INFO">Clicking link '//*[@id="topcartlink"]/a'.</msg>
<status status="PASS" starttime="20220203 00:30:32.787" endtime="20220203 00:30:34.893"/>
</kw>
<status status="PASS" starttime="20220203 00:30:26.464" endtime="20220203 00:30:34.897"/>
</kw>
<kw name="Wait Until Keyword Succeeds" library="BuiltIn">
<arg>5 times</arg>
<arg>10 seconds</arg>
<arg>Title Should Be</arg>
<arg>nopCommerce demo store. Shopping Cart</arg>
<doc>Runs the specified keyword and retries if it fails.</doc>
<kw name="Title Should Be" library="SeleniumLibrary">
<arg>nopCommerce demo store. Shopping Cart</arg>
<doc>Verifies that the current page title equals ``title``.</doc>
<msg timestamp="20220203 00:30:34.905" level="INFO">Page title is 'nopCommerce demo store. Shopping Cart'.</msg>
<status status="PASS" starttime="20220203 00:30:34.897" endtime="20220203 00:30:34.905"/>
</kw>
<status status="PASS" starttime="20220203 00:30:34.897" endtime="20220203 00:30:34.909"/>
</kw>
<status status="PASS" starttime="20220203 00:30:26.464" endtime="20220203 00:30:34.909"/>
</kw>
<kw name="Check Item In Cart" library="Cart">
<arg>Custom T-Shirt</arg>
<arg>custom_text=My New Shirt</arg>
<doc>Checks if item is present in the cart.${expected_item} is the name of the product seen in the cart.
${count} is the count of ${expected_item} in the cart.${custom text} is the custom text if custom shirt is ${expected_item}
${size} is the size of ${expected_item}. ${color} is the color of ${expected_item}
${print} is the print if Nike Floral Shoes is the ${expected_item}</doc>
<kw name="Page Should Contain" library="SeleniumLibrary">
<arg>Shopping cart</arg>
<doc>Verifies that current page contains ``text``.</doc>
<msg timestamp="20220203 00:30:34.945" level="INFO">Current page contains text 'Shopping cart'.</msg>
<status status="PASS" starttime="20220203 00:30:34.929" endtime="20220203 00:30:34.945"/>
</kw>
<if>
<branch type="IF" condition="&quot;${size}&quot; != &quot;Size:&quot;">
<kw name="Catenate" library="BuiltIn">
<var>${size}</var>
<arg>Size:</arg>
<arg>${size}</arg>
<doc>Catenates the given items together and returns the resulted string.</doc>
<status status="NOT RUN" starttime="20220203 00:30:34.945" endtime="20220203 00:30:34.945"/>
</kw>
<kw name="Table Column Should Contain" library="SeleniumLibrary">
<arg>${shopping_cart}[cart_table]</arg>
<arg>3</arg>
<arg>${size}</arg>
<doc>Verifies table column contains text ``expected``.</doc>
<status status="NOT RUN" starttime="20220203 00:30:34.949" endtime="20220203 00:30:34.949"/>
</kw>
<status status="NOT RUN" starttime="20220203 00:30:34.945" endtime="20220203 00:30:34.949"/>
</branch>
<status status="PASS" starttime="20220203 00:30:34.945" endtime="20220203 00:30:34.949"/>
</if>
<if>
<branch type="IF" condition="&quot;${color}&quot; != &quot;Color:&quot;">
<kw name="Catenate" library="BuiltIn">
<var>${color}</var>
<arg>Color:</arg>
<arg>${color}</arg>
<doc>Catenates the given items together and returns the resulted string.</doc>
<status status="NOT RUN" starttime="20220203 00:30:34.949" endtime="20220203 00:30:34.949"/>
</kw>
<kw name="Table Column Should Contain" library="SeleniumLibrary">
<arg>${shopping_cart}[cart_table]</arg>
<arg>3</arg>
<arg>${color}</arg>
<doc>Verifies table column contains text ``expected``.</doc>
<status status="NOT RUN" starttime="20220203 00:30:34.949" endtime="20220203 00:30:34.949"/>
</kw>
<status status="NOT RUN" starttime="20220203 00:30:34.949" endtime="20220203 00:30:34.949"/>
</branch>
<status status="PASS" starttime="20220203 00:30:34.949" endtime="20220203 00:30:34.949"/>
</if>
<if>
<branch type="IF" condition="&quot;${print}&quot; != &quot;Print:&quot;">
<kw name="Catenate" library="BuiltIn">
<var>${print}</var>
<arg>Print:</arg>
<arg>${print}</arg>
<doc>Catenates the given items together and returns the resulted string.</doc>
<status status="NOT RUN" starttime="20220203 00:30:34.949" endtime="20220203 00:30:34.949"/>
</kw>
<kw name="Table Column Should Contain" library="SeleniumLibrary">
<arg>${shopping_cart}[cart_table]</arg>
<arg>3</arg>
<arg>${print}</arg>
<doc>Verifies table column contains text ``expected``.</doc>
<status status="NOT RUN" starttime="20220203 00:30:34.949" endtime="20220203 00:30:34.949"/>
</kw>
<status status="NOT RUN" starttime="20220203 00:30:34.949" endtime="20220203 00:30:34.949"/>
</branch>
<status status="PASS" starttime="20220203 00:30:34.949" endtime="20220203 00:30:34.949"/>
</if>
<if>
<branch type="IF" condition="&quot;${custom_text}&quot; != &quot;Custom text:&quot;">
<kw name="Catenate" library="BuiltIn">
<var>${custom_text}</var>
<arg>Custom Text:</arg>
<arg>${custom_text}</arg>
<doc>Catenates the given items together and returns the resulted string.</doc>
<msg timestamp="20220203 00:30:34.949" level="INFO">${custom_text} = Custom Text: My New Shirt</msg>
<status status="PASS" starttime="20220203 00:30:34.949" endtime="20220203 00:30:34.949"/>
</kw>
<kw name="Table Column Should Contain" library="SeleniumLibrary">
<arg>${shopping_cart}[cart_table]</arg>
<arg>3</arg>
<arg>${custom_text}</arg>
<doc>Verifies table column contains text ``expected``.</doc>
<status status="PASS" starttime="20220203 00:30:34.949" endtime="20220203 00:30:35.016"/>
</kw>
<status status="PASS" starttime="20220203 00:30:34.949" endtime="20220203 00:30:35.016"/>
</branch>
<status status="PASS" starttime="20220203 00:30:34.949" endtime="20220203 00:30:35.016"/>
</if>
<kw name="Wait Until Element Is Visible" library="SeleniumLibrary">
<arg>${shopping_cart}[cart_table]</arg>
<doc>Waits until the element ``locator`` is visible.</doc>
<status status="PASS" starttime="20220203 00:30:35.016" endtime="20220203 00:30:35.036"/>
</kw>
<kw name="Table Column Should Contain" library="SeleniumLibrary">
<arg>${shopping_cart}[cart_table]</arg>
<arg>3</arg>
<arg>${expected_item}</arg>
<doc>Verifies table column contains text ``expected``.</doc>
<status status="PASS" starttime="20220203 00:30:35.036" endtime="20220203 00:30:35.088"/>
</kw>
<if>
<branch type="IF" condition="${count}!=0">
<kw name="Replace String" library="String">
<var>${count_input}</var>
<arg>${shopping_cart}[count_input]</arg>
<arg>PLACEHOLDER_REPLACE_ME</arg>
<arg>${expected_item}</arg>
<doc>Replaces ``search_for`` in the given ``string`` with ``replace_with``.</doc>
<status status="NOT RUN" starttime="20220203 00:30:35.088" endtime="20220203 00:30:35.088"/>
</kw>
<kw name="Wait Until Keyword Succeeds" library="BuiltIn">
<arg>2</arg>
<arg>10 seconds</arg>
<arg>Element Should Be Enabled</arg>
<arg>${count_input}</arg>
<doc>Runs the specified keyword and retries if it fails.</doc>
<status status="NOT RUN" starttime="20220203 00:30:35.088" endtime="20220203 00:30:35.088"/>
</kw>
<kw name="Get Value" library="SeleniumLibrary">
<var>${displayed_count}</var>
<arg>${count_input}</arg>
<doc>Returns the value attribute of the element identified by ``locator``.</doc>
<status status="NOT RUN" starttime="20220203 00:30:35.088" endtime="20220203 00:30:35.088"/>
</kw>
<kw name="Log To Console" library="BuiltIn">
<arg>${displayed_count}</arg>
<doc>Logs the given message to the console.</doc>
<status status="NOT RUN" starttime="20220203 00:30:35.088" endtime="20220203 00:30:35.088"/>
</kw>
<kw name="Should Be Equal" library="BuiltIn">
<arg>${count}</arg>
<arg>${displayed_count}</arg>
<doc>Fails if the given objects are unequal.</doc>
<status status="NOT RUN" starttime="20220203 00:30:35.088" endtime="20220203 00:30:35.088"/>
</kw>
<status status="NOT RUN" starttime="20220203 00:30:35.088" endtime="20220203 00:30:35.088"/>
</branch>
<status status="PASS" starttime="20220203 00:30:35.088" endtime="20220203 00:30:35.088"/>
</if>
<status status="PASS" starttime="20220203 00:30:34.925" endtime="20220203 00:30:35.088"/>
</kw>
<kw name="Get Total Cart value" library="Cart">
<var>${price_str}</var>
<doc>Gets the total price of all the items in the card_type</doc>
<kw name="Wait Until Keyword Succeeds" library="BuiltIn">
<arg>2 times</arg>
<arg>10 seconds</arg>
<arg>Page Should Contain Element</arg>
<arg>${shopping_cart}[total_price]</arg>
<doc>Runs the specified keyword and retries if it fails.</doc>
<kw name="Page Should Contain Element" library="SeleniumLibrary">
<arg>${shopping_cart}[total_price]</arg>
<doc>Verifies that element ``locator`` is found on the current page.</doc>
<msg timestamp="20220203 00:30:35.104" level="INFO">Current page contains element '//*[@class="order-total"]//child::*[@class="value-summary"]//*'.</msg>
<status status="PASS" starttime="20220203 00:30:35.088" endtime="20220203 00:30:35.104"/>
</kw>
<status status="PASS" starttime="20220203 00:30:35.088" endtime="20220203 00:30:35.104"/>
</kw>
<kw name="Get Text" library="SeleniumLibrary">
<var>${price}</var>
<arg>${shopping_cart}[total_price]</arg>
<doc>Returns the text value of the element identified by ``locator``.</doc>
<msg timestamp="20220203 00:30:35.128" level="INFO">${price} = $45.00</msg>
<status status="PASS" starttime="20220203 00:30:35.104" endtime="20220203 00:30:35.128"/>
</kw>
<kw name="Return From Keyword" library="BuiltIn">
<arg>${price}</arg>
<doc>Returns from the enclosing user keyword.</doc>
<msg timestamp="20220203 00:30:35.128" level="INFO">Returning from the enclosing user keyword.</msg>
<status status="PASS" starttime="20220203 00:30:35.128" endtime="20220203 00:30:35.128"/>
</kw>
<msg timestamp="20220203 00:30:35.128" level="INFO">${price_str} = $45.00</msg>
<status status="PASS" starttime="20220203 00:30:35.088" endtime="20220203 00:30:35.128"/>
</kw>
<kw name="Get Substring" library="String">
<var>${expected_price}</var>
<arg>${price_str}</arg>
<arg>1</arg>
<doc>Returns a substring from ``start`` index to ``end`` index.</doc>
<msg timestamp="20220203 00:30:35.128" level="INFO">${expected_price} = 45.00</msg>
<status status="PASS" starttime="20220203 00:30:35.128" endtime="20220203 00:30:35.128"/>
</kw>
<kw name="Convert To Number" library="BuiltIn">
<arg>${expected_price}</arg>
<doc>Converts the given item to a floating point number.</doc>
<status status="PASS" starttime="20220203 00:30:35.132" endtime="20220203 00:30:35.132"/>
</kw>
<kw name="Should Be Equal As Numbers" library="BuiltIn">
<arg>${price}</arg>
<arg>${expected_price}</arg>
<doc>Fails if objects are unequal after converting them to real numbers.</doc>
<msg timestamp="20220203 00:30:35.132" level="INFO">Argument types are:
&lt;class 'float'&gt;
&lt;type 'unicode'&gt;</msg>
<status status="PASS" starttime="20220203 00:30:35.132" endtime="20220203 00:30:35.132"/>
</kw>
<kw name="Close All Browsers" library="SeleniumLibrary">
<doc>Closes all open browsers and resets the browser cache.</doc>
<status status="PASS" starttime="20220203 00:30:35.134" endtime="20220203 00:30:37.301"/>
</kw>
<doc>Successfully adding Custom T-shirt into the Cart</doc>
<tag>Successful_Addition</tag>
<tag>TC2</tag>
<tag>WebUI_Clothing</tag>
<status status="PASS" starttime="20220203 00:30:12.836" endtime="20220203 00:30:37.301"/>
</test>
<test id="s1-t3" name="Successfully Adding Nike T-Shirt into cart">
<kw name="Open Webui" library="Common_Utils">
<arg>${browser}</arg>
<arg>${url}</arg>
<doc>Open demo nopcommerce WebUI</doc>
<kw name="Log" library="BuiltIn">
<arg>Browser: ${browser}</arg>
<arg>HTML</arg>
<arg>console=true</arg>
<doc>Logs the given message with the given level.</doc>
<msg timestamp="20220203 00:30:37.305" level="INFO" html="true">Browser: Chrome</msg>
<status status="PASS" starttime="20220203 00:30:37.305" endtime="20220203 00:30:37.305"/>
</kw>
<kw name="Log" library="BuiltIn">
<arg>URL: ${url}</arg>
<arg>HTML</arg>
<arg>console=true</arg>
<doc>Logs the given message with the given level.</doc>
<msg timestamp="20220203 00:30:37.305" level="INFO" html="true">URL: https://demo.nopcommerce.com/</msg>
<status status="PASS" starttime="20220203 00:30:37.305" endtime="20220203 00:30:37.305"/>
</kw>
<kw name="Wait Until Keyword Succeeds" library="BuiltIn">
<arg>3 times</arg>
<arg>5 seconds</arg>
<arg>Open Webui Repeat</arg>
<arg>${browser}</arg>
<arg>${url}</arg>
<doc>Runs the specified keyword and retries if it fails.</doc>
<kw name="Open Webui Repeat" library="Common_Utils">
<arg>${browser}</arg>
<arg>${url}</arg>
<kw name="Run Keyword If" library="BuiltIn">
<arg>'${browser}'=='Firefox'</arg>
<arg>Setup Firefox</arg>
<arg>${url}</arg>
<arg>ELSE IF</arg>
<arg>'${browser}'=='Chrome'</arg>
<arg>Setup Chrome</arg>
<arg>${url}</arg>
<arg>ELSE IF</arg>
<arg>'${browser}'=='Edge'</arg>
<arg>Setup Edge</arg>
<arg>${url}</arg>
<doc>Runs the given keyword with the given arguments, if ``condition`` is true.</doc>
<kw name="Setup Chrome" library="Common_Utils">
<arg>${url}</arg>
<kw name="Log" library="BuiltIn">
<arg>Setting up Chrome</arg>
<arg>console=${True}</arg>
<doc>Logs the given message with the given level.</doc>
<msg timestamp="20220203 00:30:37.313" level="INFO">Setting up Chrome</msg>
<status status="PASS" starttime="20220203 00:30:37.309" endtime="20220203 00:30:37.313"/>
</kw>
<kw name="Log To Console" library="BuiltIn">
<arg>Opening browser with popup blocking disabled and ignoring certificate error</arg>
<doc>Logs the given message to the console.</doc>
<status status="PASS" starttime="20220203 00:30:37.313" endtime="20220203 00:30:37.313"/>
</kw>
<kw name="Open Browser" library="SeleniumLibrary">
<arg>${url}</arg>
<arg>Chrome</arg>
<arg>options=add_argument("--disable-popup-blocking"); add_argument("--ignore-certificate-errors")</arg>
<doc>Opens a new browser instance to the optional ``url``.</doc>
<msg timestamp="20220203 00:30:37.313" level="INFO">Opening browser 'Chrome' to base url 'https://demo.nopcommerce.com/'.</msg>
<status status="PASS" starttime="20220203 00:30:37.313" endtime="20220203 00:30:41.061"/>
</kw>
<status status="PASS" starttime="20220203 00:30:37.309" endtime="20220203 00:30:41.061"/>
</kw>
<status status="PASS" starttime="20220203 00:30:37.309" endtime="20220203 00:30:41.061"/>
</kw>
<kw name="Log To Console" library="BuiltIn">
<arg>Setting window size to 1920x1000 for standard execution across displays</arg>
<doc>Logs the given message to the console.</doc>
<status status="PASS" starttime="20220203 00:30:41.061" endtime="20220203 00:30:41.061"/>
</kw>
<kw name="Set Window Size" library="SeleniumLibrary">
<arg>1920</arg>
<arg>1000</arg>
<doc>Sets current windows size to given ``width`` and ``height``.</doc>
<status status="PASS" starttime="20220203 00:30:41.061" endtime="20220203 00:30:41.186"/>
</kw>
<kw name="Get Window Size" library="SeleniumLibrary">
<var>${width}</var>
<var>${height}</var>
<doc>Returns current window width and height as integers.</doc>
<msg timestamp="20220203 00:30:41.190" level="INFO">${width} = 1386</msg>
<msg timestamp="20220203 00:30:41.190" level="INFO">${height} = 788</msg>
<status status="PASS" starttime="20220203 00:30:41.186" endtime="20220203 00:30:41.190"/>
</kw>
<kw name="Log To Console" library="BuiltIn">
<arg>Window: width: ${width} height: ${height}</arg>
<doc>Logs the given message to the console.</doc>
<status status="PASS" starttime="20220203 00:30:41.190" endtime="20220203 00:30:41.191"/>
</kw>
<kw name="Wait Until Element Is Enabled" library="SeleniumLibrary">
<arg>${home}[logo_image]</arg>
<arg>timeout=30</arg>
<doc>Waits until the element ``locator`` is enabled.</doc>
<status status="PASS" starttime="20220203 00:30:41.191" endtime="20220203 00:30:41.242"/>
</kw>
<status status="PASS" starttime="20220203 00:30:37.309" endtime="20220203 00:30:41.242"/>
</kw>
<status status="PASS" starttime="20220203 00:30:37.309" endtime="20220203 00:30:41.242"/>
</kw>
<status status="PASS" starttime="20220203 00:30:37.305" endtime="20220203 00:30:41.242"/>
</kw>
<kw name="Proceed To Apparel Page" library="Home">
<doc>Navigating to Apparel Page</doc>
<kw name="Wait Until Keyword Succeeds" library="BuiltIn">
<arg>5 times</arg>
<arg>10 seconds</arg>
<arg>Click Link</arg>
<arg>${home}[apparel]</arg>
<doc>Runs the specified keyword and retries if it fails.</doc>
<kw name="Click Link" library="SeleniumLibrary">
<arg>${home}[apparel]</arg>
<doc>Clicks a link identified by ``locator``.</doc>
<msg timestamp="20220203 00:30:41.242" level="INFO">Clicking link '//*[@class='top-menu notmobile']//a[contains(text(),'Apparel')]'.</msg>
<status status="PASS" starttime="20220203 00:30:41.242" endtime="20220203 00:30:42.020"/>
</kw>
<status status="PASS" starttime="20220203 00:30:41.242" endtime="20220203 00:30:42.020"/>
</kw>
<kw name="Wait Until Keyword Succeeds" library="BuiltIn">
<arg>5 times</arg>
<arg>10 seconds</arg>
<arg>Title Should Be</arg>
<arg>nopCommerce demo store. Apparel</arg>
<doc>Runs the specified keyword and retries if it fails.</doc>
<kw name="Title Should Be" library="SeleniumLibrary">
<arg>nopCommerce demo store. Apparel</arg>
<doc>Verifies that the current page title equals ``title``.</doc>
<msg timestamp="20220203 00:30:42.036" level="INFO">Page title is 'nopCommerce demo store. Apparel'.</msg>
<status status="PASS" starttime="20220203 00:30:42.020" endtime="20220203 00:30:42.040"/>
</kw>
<status status="PASS" starttime="20220203 00:30:42.020" endtime="20220203 00:30:42.040"/>
</kw>
<status status="PASS" starttime="20220203 00:30:41.242" endtime="20220203 00:30:42.040"/>
</kw>
<kw name="Proceed To Clothing Page" library="Apparel">
<doc>Navigating to Clothing Page</doc>
<kw name="Wait Until Keyword Succeeds" library="BuiltIn">
<arg>5 times</arg>
<arg>10 seconds</arg>
<arg>Click Element</arg>
<arg>${apparel}[clothing]</arg>
<doc>Runs the specified keyword and retries if it fails.</doc>
<kw name="Click Element" library="SeleniumLibrary">
<arg>${apparel}[clothing]</arg>
<doc>Click the element identified by ``locator``.</doc>
<msg timestamp="20220203 00:30:42.040" level="INFO">Clicking element '//div[@class='item-grid']//div[@class='item-box'][2]'.</msg>
<status status="PASS" starttime="20220203 00:30:42.040" endtime="20220203 00:30:42.737"/>
</kw>
<status status="PASS" starttime="20220203 00:30:42.040" endtime="20220203 00:30:42.737"/>
</kw>
<kw name="Wait Until Keyword Succeeds" library="BuiltIn">
<arg>5 times</arg>
<arg>10 seconds</arg>
<arg>Title Should Be</arg>
<arg>nopCommerce demo store. Clothing</arg>
<doc>Runs the specified keyword and retries if it fails.</doc>
<kw name="Title Should Be" library="SeleniumLibrary">
<arg>nopCommerce demo store. Clothing</arg>
<doc>Verifies that the current page title equals ``title``.</doc>
<msg timestamp="20220203 00:30:42.750" level="INFO">Page title is 'nopCommerce demo store. Clothing'.</msg>
<status status="PASS" starttime="20220203 00:30:42.737" endtime="20220203 00:30:42.750"/>
</kw>
<status status="PASS" starttime="20220203 00:30:42.737" endtime="20220203 00:30:42.750"/>
</kw>
<status status="PASS" starttime="20220203 00:30:42.040" endtime="20220203 00:30:42.750"/>
</kw>
<kw name="Add Clothes" library="Clothing">
<var>${price}</var>
<arg>Nike Tailwind Loose Short-Sleeve Running Shirt</arg>
<arg>size=1X</arg>
<doc>Add Clothes according to the product name</doc>
<if>
<branch type="IF" condition="&quot;${title}&quot; == &quot;Custom T-Shirt&quot;">
<kw name="Add Custom Tshirt" library="Clothing">
<var>${price}</var>
<arg>${custom_text}</arg>
<arg>${count}</arg>
<doc>Adding Custom tshirt into the cart</doc>
<status status="NOT RUN" starttime="20220203 00:30:42.754" endtime="20220203 00:30:42.754"/>
</kw>
<status status="NOT RUN" starttime="20220203 00:30:42.754" endtime="20220203 00:30:42.754"/>
</branch>
<branch type="ELSE IF" condition="&quot;${title}&quot; == &quot;Nike Tailwind Loose Short-Sleeve Running Shirt&quot;">
<kw name="Add Nike Shirt" library="Clothing">
<var>${price}</var>
<arg>${size}</arg>
<arg>${count}</arg>
<doc>Adding Nike Tailwind Loose Short-Sleeve Running Shirt into the Cart</doc>
<kw name="Select Item" library="Clothing">
<arg>Nike Tailwind Loose Short-Sleeve Running Shirt</arg>
<doc>To select an item with given product id</doc>
<kw name="Wait Until Element Is Visible" library="SeleniumLibrary">
<arg>//a[contains(text(),"${text}")]</arg>
<arg>timeout=10</arg>
<doc>Waits until the element ``locator`` is visible.</doc>
<status status="PASS" starttime="20220203 00:30:42.754" endtime="20220203 00:30:42.786"/>
</kw>
<kw name="Click Element" library="SeleniumLibrary">
<arg>//a[contains(text(),"${text}")]</arg>
<doc>Click the element identified by ``locator``.</doc>
<msg timestamp="20220203 00:30:42.786" level="INFO">Clicking element '//a[contains(text(),"Nike Tailwind Loose Short-Sleeve Running Shirt")]'.</msg>
<status status="PASS" starttime="20220203 00:30:42.786" endtime="20220203 00:30:44.137"/>
</kw>
<status status="PASS" starttime="20220203 00:30:42.754" endtime="20220203 00:30:44.137"/>
</kw>
<kw name="Wait Until Keyword Succeeds" library="BuiltIn">
<arg>5 times</arg>
<arg>10 seconds</arg>
<arg>Page Should Contain</arg>
<arg>Nike Tailwind Loose Short-Sleeve Running Shirt</arg>
<doc>Runs the specified keyword and retries if it fails.</doc>
<kw name="Page Should Contain" library="SeleniumLibrary">
<arg>Nike Tailwind Loose Short-Sleeve Running Shirt</arg>
<doc>Verifies that current page contains ``text``.</doc>
<msg timestamp="20220203 00:30:44.157" level="INFO">Current page contains text 'Nike Tailwind Loose Short-Sleeve Running Shirt'.</msg>
<status status="PASS" starttime="20220203 00:30:44.137" endtime="20220203 00:30:44.157"/>
</kw>
<status status="PASS" starttime="20220203 00:30:44.137" endtime="20220203 00:30:44.161"/>
</kw>
<if>
<branch type="IF" condition="&quot;${size}&quot; != &quot;None&quot;">
<kw name="Select Size Option" library="Clothing">
<arg>${size}</arg>
<arg>${clothing}[nike_shirt][size_selector]</arg>
<doc>Select size from dropdown list</doc>
<kw name="Wait Until Keyword Succeeds" library="BuiltIn">
<arg>5times</arg>
<arg>10seconds</arg>
<arg>Select From List By Label</arg>
<arg>name:${name}</arg>
<arg>${size}</arg>
<doc>Runs the specified keyword and retries if it fails.</doc>
<kw name="Select From List By Label" library="SeleniumLibrary">
<arg>name:${name}</arg>
<arg>${size}</arg>
<doc>Selects options from selection list ``locator`` by ``labels``.</doc>
<msg timestamp="20220203 00:30:44.161" level="INFO">Selecting options from selection list 'name:product_attribute_11' by label 1X.</msg>
<status status="PASS" starttime="20220203 00:30:44.161" endtime="20220203 00:30:44.253"/>
</kw>
<status status="PASS" starttime="20220203 00:30:44.161" endtime="20220203 00:30:44.253"/>
</kw>
<kw name="Wait Until Keyword Succeeds" library="BuiltIn">
<arg>2times</arg>
<arg>10seconds</arg>
<arg>Element Should Contain</arg>
<arg>${name}</arg>
<arg>${size}</arg>
<doc>Runs the specified keyword and retries if it fails.</doc>
<kw name="Element Should Contain" library="SeleniumLibrary">
<arg>${name}</arg>
<arg>${size}</arg>
<doc>Verifies that element ``locator`` contains text ``expected``.</doc>
<msg timestamp="20220203 00:30:44.301" level="INFO">Element 'product_attribute_11' contains text '1X'.</msg>
<status status="PASS" starttime="20220203 00:30:44.257" endtime="20220203 00:30:44.301"/>
</kw>
<status status="PASS" starttime="20220203 00:30:44.253" endtime="20220203 00:30:44.301"/>
</kw>
<status status="PASS" starttime="20220203 00:30:44.161" endtime="20220203 00:30:44.301"/>
</kw>
<status status="PASS" starttime="20220203 00:30:44.161" endtime="20220203 00:30:44.301"/>
</branch>
<status status="PASS" starttime="20220203 00:30:44.161" endtime="20220203 00:30:44.301"/>
</if>
<kw name="Enter Quantity" library="Clothing">
<arg>${count}</arg>
<doc>Enter number of items to be added to cart</doc>
<kw name="Wait Until Element Is Visible" library="SeleniumLibrary">
<arg>${clothing}[quantity_box]</arg>
<arg>timeout=10</arg>
<doc>Waits until the element ``locator`` is visible.</doc>
<status status="PASS" starttime="20220203 00:30:44.301" endtime="20220203 00:30:44.337"/>
</kw>
<kw name="Input Text" library="SeleniumLibrary">
<arg>${clothing}[quantity_box]</arg>
<arg>${count}</arg>
<doc>Types the given ``text`` into the text field identified by ``locator``.</doc>
<msg timestamp="20220203 00:30:44.337" level="INFO">Typing text '1' into text field '//div[@class="add-to-cart"]//input'.</msg>
<status status="PASS" starttime="20220203 00:30:44.337" endtime="20220203 00:30:44.454"/>
</kw>
<status status="PASS" starttime="20220203 00:30:44.301" endtime="20220203 00:30:44.454"/>
</kw>
<kw name="Find Price" library="Clothing">
<var>${price}</var>
<arg>${count}</arg>
<doc>Finding price of the item</doc>
<kw name="Get Text" library="SeleniumLibrary">
<var>${price_str}</var>
<arg>//div[@class="product-price"]//span</arg>
<doc>Returns the text value of the element identified by ``locator``.</doc>
<msg timestamp="20220203 00:30:44.490" level="INFO">${price_str} = $15.00</msg>
<status status="PASS" starttime="20220203 00:30:44.458" endtime="20220203 00:30:44.490"/>
</kw>
<kw name="Get Substring" library="String">
<var>${price}</var>
<arg>${price_str}</arg>
<arg>1</arg>
<doc>Returns a substring from ``start`` index to ``end`` index.</doc>
<msg timestamp="20220203 00:30:44.490" level="INFO">${price} = 15.00</msg>
<status status="PASS" starttime="20220203 00:30:44.490" endtime="20220203 00:30:44.490"/>
</kw>
<kw name="Convert To Number" library="BuiltIn">
<arg>${price}</arg>
<doc>Converts the given item to a floating point number.</doc>
<status status="PASS" starttime="20220203 00:30:44.490" endtime="20220203 00:30:44.490"/>
</kw>
<kw name="Evaluate" library="BuiltIn">
<var>${total}</var>
<arg>${price} * ${count}</arg>
<doc>Evaluates the given expression in Python and returns the result.</doc>
<msg timestamp="20220203 00:30:44.490" level="INFO">${total} = 15.0</msg>
<status status="PASS" starttime="20220203 00:30:44.490" endtime="20220203 00:30:44.490"/>
</kw>
<msg timestamp="20220203 00:30:44.494" level="INFO">${price} = 15.0</msg>
<status status="PASS" starttime="20220203 00:30:44.454" endtime="20220203 00:30:44.494"/>
</kw>
<kw name="Sleep" library="BuiltIn">
<arg>3</arg>
<doc>Pauses the test executed for the given time.</doc>
<msg timestamp="20220203 00:30:47.501" level="INFO">Slept 3 seconds</msg>
<status status="PASS" starttime="20220203 00:30:44.494" endtime="20220203 00:30:47.501"/>
</kw>
<kw name="Click Add To Cart Button" library="Clothing">
<doc>Clicking Add To cart button</doc>
<kw name="Wait Until Element Is Visible" library="SeleniumLibrary">
<arg>${clothing}[add_to_cart_btn]</arg>
<arg>timeout=10</arg>
<doc>Waits until the element ``locator`` is visible.</doc>
<status status="PASS" starttime="20220203 00:30:47.501" endtime="20220203 00:30:47.533"/>
</kw>
<kw name="Click Button" library="SeleniumLibrary">
<arg>${clothing}[add_to_cart_btn]</arg>
<doc>Clicks the button identified by ``locator``.</doc>
<msg timestamp="20220203 00:30:47.533" level="INFO">Clicking button '//div[@class="add-to-cart"]//button'.</msg>
<status status="PASS" starttime="20220203 00:30:47.533" endtime="20220203 00:30:47.633"/>
</kw>
<kw name="Sleep" library="BuiltIn">
<arg>3</arg>
<doc>Pauses the test executed for the given time.</doc>
<msg timestamp="20220203 00:30:50.643" level="INFO">Slept 3 seconds</msg>
<status status="PASS" starttime="20220203 00:30:47.633" endtime="20220203 00:30:50.643"/>
</kw>
<status status="PASS" starttime="20220203 00:30:47.501" endtime="20220203 00:30:50.643"/>
</kw>
<msg timestamp="20220203 00:30:50.643" level="INFO">${price} = 15.0</msg>
<status status="PASS" starttime="20220203 00:30:42.754" endtime="20220203 00:30:50.643"/>
</kw>
<status status="PASS" starttime="20220203 00:30:42.754" endtime="20220203 00:30:50.643"/>
</branch>
<status status="PASS" starttime="20220203 00:30:42.754" endtime="20220203 00:30:50.643"/>
</if>
<msg timestamp="20220203 00:30:50.643" level="INFO">${price} = 15.0</msg>
<status status="PASS" starttime="20220203 00:30:42.750" endtime="20220203 00:30:50.643"/>
</kw>
<kw name="Verify Successful Addition" library="Clothing">
<doc>Verifying that item is successfully added to cart</doc>
<kw name="Wait Until Keyword Succeeds" library="BuiltIn">
<arg>3 times</arg>
<arg>10 seconds</arg>
<arg>Page Should Contain Element</arg>
<arg>${clothing}[success_message]</arg>
<doc>Runs the specified keyword and retries if it fails.</doc>
<kw name="Page Should Contain Element" library="SeleniumLibrary">
<arg>${clothing}[success_message]</arg>
<doc>Verifies that element ``locator`` is found on the current page.</doc>
<msg timestamp="20220203 00:30:50.655" level="INFO">Current page contains element '//div[@class='bar-notification success']//p[contains(text(),'The product has been added to your ')]'.</msg>
<status status="PASS" starttime="20220203 00:30:50.643" endtime="20220203 00:30:50.655"/>
</kw>
<status status="PASS" starttime="20220203 00:30:50.643" endtime="20220203 00:30:50.655"/>
</kw>
<status status="PASS" starttime="20220203 00:30:50.643" endtime="20220203 00:30:50.655"/>
</kw>
<kw name="Proceed To Shopping Cart" library="Home">
<doc>Navigating to Shopping Cart Page</doc>
<kw name="Wait Until Keyword Succeeds" library="BuiltIn">
<arg>5 times</arg>
<arg>5 seconds</arg>
<arg>Click Link</arg>
<arg>${home}[cart]</arg>
<doc>Runs the specified keyword and retries if it fails.</doc>
<kw name="Click Link" library="SeleniumLibrary">
<arg>${home}[cart]</arg>
<doc>Clicks a link identified by ``locator``.</doc>
<msg timestamp="20220203 00:30:50.655" level="INFO">Clicking link '//*[@id="topcartlink"]/a'.</msg>
<msg timestamp="20220203 00:30:51.870" level="INFO" html="true">&lt;/td&gt;&lt;/tr&gt;&lt;tr&gt;&lt;td colspan="3"&gt;&lt;a href="selenium-screenshot-24.png"&gt;&lt;img src="selenium-screenshot-24.png" width="800px"&gt;&lt;/a&gt;</msg>
<msg timestamp="20220203 00:30:51.874" level="FAIL">ElementClickInterceptedException: Message: element click intercepted: Element &lt;a href="/cart" class="ico-cart"&gt;...&lt;/a&gt; is not clickable at point (1202, 22). Other element would receive the click: &lt;p class="content"&gt;...&lt;/p&gt;
  (Session info: chrome=97.0.4692.99)
Stacktrace:
Backtrace:
	Ordinal0 [0x009BFDC3+2555331]
	Ordinal0 [0x009577F1+2127857]
	Ordinal0 [0x00852E08+1060360]
	Ordinal0 [0x008848CF+1263823]
	Ordinal0 [0x00882B10+1256208]
	Ordinal0 [0x0088076B+1247083]
	Ordinal0 [0x0087F559+1242457]
	Ordinal0 [0x00874FB3+1200051]
	Ordinal0 [0x00897B0C+1342220]
	Ordinal0 [0x00874984+1198468]
	Ordinal0 [0x00897C14+1342484]
	Ordinal0 [0x008A75FA+1406458]
	Ordinal0 [0x00897976+1341814]
	Ordinal0 [0x008736B6+1193654]
	Ordinal0 [0x00874546+1197382]
	GetHandleVerifier [0x00B59622+1619522]
	GetHandleVerifier [0x00C0882C+2336844]
	GetHandleVerifier [0x00A523E1+541697]
	GetHandleVerifier [0x00A51443+537699]
	Ordinal0 [0x0095D18E+2150798]
	Ordinal0 [0x00961518+2168088]
	Ordinal0 [0x00961660+2168416]
	Ordinal0 [0x0096B330+2208560]
	BaseThreadInitThunk [0x7582FA29+25]
	RtlGetAppContainerNamedObjectPath [0x77A47A9E+286]
	RtlGetAppContainerNamedObjectPath [0x77A47A6E+238]
</msg>
<status status="FAIL" starttime="20220203 00:30:50.655" endtime="20220203 00:30:51.874"/>
</kw>
<kw name="Click Link" library="SeleniumLibrary">
<arg>${home}[cart]</arg>
<doc>Clicks a link identified by ``locator``.</doc>
<msg timestamp="20220203 00:30:56.879" level="INFO">Clicking link '//*[@id="topcartlink"]/a'.</msg>
<status status="PASS" starttime="20220203 00:30:56.879" endtime="20220203 00:30:57.832"/>
</kw>
<status status="PASS" starttime="20220203 00:30:50.655" endtime="20220203 00:30:57.832"/>
</kw>
<kw name="Wait Until Keyword Succeeds" library="BuiltIn">
<arg>5 times</arg>
<arg>10 seconds</arg>
<arg>Title Should Be</arg>
<arg>nopCommerce demo store. Shopping Cart</arg>
<doc>Runs the specified keyword and retries if it fails.</doc>
<kw name="Title Should Be" library="SeleniumLibrary">
<arg>nopCommerce demo store. Shopping Cart</arg>
<doc>Verifies that the current page title equals ``title``.</doc>
<msg timestamp="20220203 00:30:57.842" level="INFO">Page title is 'nopCommerce demo store. Shopping Cart'.</msg>
<status status="PASS" starttime="20220203 00:30:57.836" endtime="20220203 00:30:57.842"/>
</kw>
<status status="PASS" starttime="20220203 00:30:57.832" endtime="20220203 00:30:57.842"/>
</kw>
<status status="PASS" starttime="20220203 00:30:50.655" endtime="20220203 00:30:57.842"/>
</kw>
<kw name="Check Item In Cart" library="Cart">
<arg>Nike Tailwind Loose Short-Sleeve Running Shirt</arg>
<arg>size=1X</arg>
<doc>Checks if item is present in the cart.${expected_item} is the name of the product seen in the cart.
${count} is the count of ${expected_item} in the cart.${custom text} is the custom text if custom shirt is ${expected_item}
${size} is the size of ${expected_item}. ${color} is the color of ${expected_item}
${print} is the print if Nike Floral Shoes is the ${expected_item}</doc>
<kw name="Page Should Contain" library="SeleniumLibrary">
<arg>Shopping cart</arg>
<doc>Verifies that current page contains ``text``.</doc>
<msg timestamp="20220203 00:30:57.875" level="INFO">Current page contains text 'Shopping cart'.</msg>
<status status="PASS" starttime="20220203 00:30:57.854" endtime="20220203 00:30:57.875"/>
</kw>
<if>
<branch type="IF" condition="&quot;${size}&quot; != &quot;Size:&quot;">
<kw name="Catenate" library="BuiltIn">
<var>${size}</var>
<arg>Size:</arg>
<arg>${size}</arg>
<doc>Catenates the given items together and returns the resulted string.</doc>
<msg timestamp="20220203 00:30:57.879" level="INFO">${size} = Size: 1X</msg>
<status status="PASS" starttime="20220203 00:30:57.875" endtime="20220203 00:30:57.879"/>
</kw>
<kw name="Table Column Should Contain" library="SeleniumLibrary">
<arg>${shopping_cart}[cart_table]</arg>
<arg>3</arg>
<arg>${size}</arg>
<doc>Verifies table column contains text ``expected``.</doc>
<status status="PASS" starttime="20220203 00:30:57.879" endtime="20220203 00:30:57.965"/>
</kw>
<status status="PASS" starttime="20220203 00:30:57.875" endtime="20220203 00:30:57.965"/>
</branch>
<status status="PASS" starttime="20220203 00:30:57.875" endtime="20220203 00:30:57.965"/>
</if>
<if>
<branch type="IF" condition="&quot;${color}&quot; != &quot;Color:&quot;">
<kw name="Catenate" library="BuiltIn">
<var>${color}</var>
<arg>Color:</arg>
<arg>${color}</arg>
<doc>Catenates the given items together and returns the resulted string.</doc>
<status status="NOT RUN" starttime="20220203 00:30:57.969" endtime="20220203 00:30:57.969"/>
</kw>
<kw name="Table Column Should Contain" library="SeleniumLibrary">
<arg>${shopping_cart}[cart_table]</arg>
<arg>3</arg>
<arg>${color}</arg>
<doc>Verifies table column contains text ``expected``.</doc>
<status status="NOT RUN" starttime="20220203 00:30:57.969" endtime="20220203 00:30:57.969"/>
</kw>
<status status="NOT RUN" starttime="20220203 00:30:57.969" endtime="20220203 00:30:57.969"/>
</branch>
<status status="PASS" starttime="20220203 00:30:57.965" endtime="20220203 00:30:57.969"/>
</if>
<if>
<branch type="IF" condition="&quot;${print}&quot; != &quot;Print:&quot;">
<kw name="Catenate" library="BuiltIn">
<var>${print}</var>
<arg>Print:</arg>
<arg>${print}</arg>
<doc>Catenates the given items together and returns the resulted string.</doc>
<status status="NOT RUN" starttime="20220203 00:30:57.969" endtime="20220203 00:30:57.969"/>
</kw>
<kw name="Table Column Should Contain" library="SeleniumLibrary">
<arg>${shopping_cart}[cart_table]</arg>
<arg>3</arg>
<arg>${print}</arg>
<doc>Verifies table column contains text ``expected``.</doc>
<status status="NOT RUN" starttime="20220203 00:30:57.969" endtime="20220203 00:30:57.969"/>
</kw>
<status status="NOT RUN" starttime="20220203 00:30:57.969" endtime="20220203 00:30:57.969"/>
</branch>
<status status="PASS" starttime="20220203 00:30:57.969" endtime="20220203 00:30:57.969"/>
</if>
<if>
<branch type="IF" condition="&quot;${custom_text}&quot; != &quot;Custom text:&quot;">
<kw name="Catenate" library="BuiltIn">
<var>${custom_text}</var>
<arg>Custom Text:</arg>
<arg>${custom_text}</arg>
<doc>Catenates the given items together and returns the resulted string.</doc>
<status status="NOT RUN" starttime="20220203 00:30:57.969" endtime="20220203 00:30:57.969"/>
</kw>
<kw name="Table Column Should Contain" library="SeleniumLibrary">
<arg>${shopping_cart}[cart_table]</arg>
<arg>3</arg>
<arg>${custom_text}</arg>
<doc>Verifies table column contains text ``expected``.</doc>
<status status="NOT RUN" starttime="20220203 00:30:57.969" endtime="20220203 00:30:57.969"/>
</kw>
<status status="NOT RUN" starttime="20220203 00:30:57.969" endtime="20220203 00:30:57.969"/>
</branch>
<status status="PASS" starttime="20220203 00:30:57.969" endtime="20220203 00:30:57.969"/>
</if>
<kw name="Wait Until Element Is Visible" library="SeleniumLibrary">
<arg>${shopping_cart}[cart_table]</arg>
<doc>Waits until the element ``locator`` is visible.</doc>
<status status="PASS" starttime="20220203 00:30:57.973" endtime="20220203 00:30:57.995"/>
</kw>
<kw name="Table Column Should Contain" library="SeleniumLibrary">
<arg>${shopping_cart}[cart_table]</arg>
<arg>3</arg>
<arg>${expected_item}</arg>
<doc>Verifies table column contains text ``expected``.</doc>
<status status="PASS" starttime="20220203 00:30:57.995" endtime="20220203 00:30:58.053"/>
</kw>
<if>
<branch type="IF" condition="${count}!=0">
<kw name="Replace String" library="String">
<var>${count_input}</var>
<arg>${shopping_cart}[count_input]</arg>
<arg>PLACEHOLDER_REPLACE_ME</arg>
<arg>${expected_item}</arg>
<doc>Replaces ``search_for`` in the given ``string`` with ``replace_with``.</doc>
<status status="NOT RUN" starttime="20220203 00:30:58.053" endtime="20220203 00:30:58.057"/>
</kw>
<kw name="Wait Until Keyword Succeeds" library="BuiltIn">
<arg>2</arg>
<arg>10 seconds</arg>
<arg>Element Should Be Enabled</arg>
<arg>${count_input}</arg>
<doc>Runs the specified keyword and retries if it fails.</doc>
<status status="NOT RUN" starttime="20220203 00:30:58.057" endtime="20220203 00:30:58.057"/>
</kw>
<kw name="Get Value" library="SeleniumLibrary">
<var>${displayed_count}</var>
<arg>${count_input}</arg>
<doc>Returns the value attribute of the element identified by ``locator``.</doc>
<status status="NOT RUN" starttime="20220203 00:30:58.057" endtime="20220203 00:30:58.057"/>
</kw>
<kw name="Log To Console" library="BuiltIn">
<arg>${displayed_count}</arg>
<doc>Logs the given message to the console.</doc>
<status status="NOT RUN" starttime="20220203 00:30:58.057" endtime="20220203 00:30:58.057"/>
</kw>
<kw name="Should Be Equal" library="BuiltIn">
<arg>${count}</arg>
<arg>${displayed_count}</arg>
<doc>Fails if the given objects are unequal.</doc>
<status status="NOT RUN" starttime="20220203 00:30:58.057" endtime="20220203 00:30:58.057"/>
</kw>
<status status="NOT RUN" starttime="20220203 00:30:58.053" endtime="20220203 00:30:58.057"/>
</branch>
<status status="PASS" starttime="20220203 00:30:58.053" endtime="20220203 00:30:58.057"/>
</if>
<status status="PASS" starttime="20220203 00:30:57.854" endtime="20220203 00:30:58.057"/>
</kw>
<kw name="Get Total Cart value" library="Cart">
<var>${price_str}</var>
<doc>Gets the total price of all the items in the card_type</doc>
<kw name="Wait Until Keyword Succeeds" library="BuiltIn">
<arg>2 times</arg>
<arg>10 seconds</arg>
<arg>Page Should Contain Element</arg>
<arg>${shopping_cart}[total_price]</arg>
<doc>Runs the specified keyword and retries if it fails.</doc>
<kw name="Page Should Contain Element" library="SeleniumLibrary">
<arg>${shopping_cart}[total_price]</arg>
<doc>Verifies that element ``locator`` is found on the current page.</doc>
<msg timestamp="20220203 00:30:58.072" level="INFO">Current page contains element '//*[@class="order-total"]//child::*[@class="value-summary"]//*'.</msg>
<status status="PASS" starttime="20220203 00:30:58.057" endtime="20220203 00:30:58.072"/>
</kw>
<status status="PASS" starttime="20220203 00:30:58.057" endtime="20220203 00:30:58.072"/>
</kw>
<kw name="Get Text" library="SeleniumLibrary">
<var>${price}</var>
<arg>${shopping_cart}[total_price]</arg>
<doc>Returns the text value of the element identified by ``locator``.</doc>
<msg timestamp="20220203 00:30:58.098" level="INFO">${price} = $15.00</msg>
<status status="PASS" starttime="20220203 00:30:58.072" endtime="20220203 00:30:58.098"/>
</kw>
<kw name="Return From Keyword" library="BuiltIn">
<arg>${price}</arg>
<doc>Returns from the enclosing user keyword.</doc>
<msg timestamp="20220203 00:30:58.098" level="INFO">Returning from the enclosing user keyword.</msg>
<status status="PASS" starttime="20220203 00:30:58.098" endtime="20220203 00:30:58.098"/>
</kw>
<msg timestamp="20220203 00:30:58.098" level="INFO">${price_str} = $15.00</msg>
<status status="PASS" starttime="20220203 00:30:58.057" endtime="20220203 00:30:58.098"/>
</kw>
<kw name="Get Substring" library="String">
<var>${expected_price}</var>
<arg>${price_str}</arg>
<arg>1</arg>
<doc>Returns a substring from ``start`` index to ``end`` index.</doc>
<msg timestamp="20220203 00:30:58.098" level="INFO">${expected_price} = 15.00</msg>
<status status="PASS" starttime="20220203 00:30:58.098" endtime="20220203 00:30:58.098"/>
</kw>
<kw name="Convert To Number" library="BuiltIn">
<arg>${expected_price}</arg>
<doc>Converts the given item to a floating point number.</doc>
<status status="PASS" starttime="20220203 00:30:58.102" endtime="20220203 00:30:58.102"/>
</kw>
<kw name="Should Be Equal As Numbers" library="BuiltIn">
<arg>${price}</arg>
<arg>${expected_price}</arg>
<doc>Fails if objects are unequal after converting them to real numbers.</doc>
<msg timestamp="20220203 00:30:58.102" level="INFO">Argument types are:
&lt;class 'float'&gt;
&lt;type 'unicode'&gt;</msg>
<status status="PASS" starttime="20220203 00:30:58.102" endtime="20220203 00:30:58.102"/>
</kw>
<kw name="Close All Browsers" library="SeleniumLibrary">
<doc>Closes all open browsers and resets the browser cache.</doc>
<status status="PASS" starttime="20220203 00:30:58.102" endtime="20220203 00:31:00.300"/>
</kw>
<doc>Successfully adding Nike T-shirt into the Cart</doc>
<tag>Successful_Addition</tag>
<tag>TC3</tag>
<tag>WebUI_Clothing</tag>
<status status="PASS" starttime="20220203 00:30:37.301" endtime="20220203 00:31:00.302"/>
</test>
<test id="s1-t4" name="Successfully Adding Many Clothes into cart">
<kw name="Open Webui" library="Common_Utils">
<arg>${browser}</arg>
<arg>${url}</arg>
<doc>Open demo nopcommerce WebUI</doc>
<kw name="Log" library="BuiltIn">
<arg>Browser: ${browser}</arg>
<arg>HTML</arg>
<arg>console=true</arg>
<doc>Logs the given message with the given level.</doc>
<msg timestamp="20220203 00:31:00.308" level="INFO" html="true">Browser: Chrome</msg>
<status status="PASS" starttime="20220203 00:31:00.308" endtime="20220203 00:31:00.308"/>
</kw>
<kw name="Log" library="BuiltIn">
<arg>URL: ${url}</arg>
<arg>HTML</arg>
<arg>console=true</arg>
<doc>Logs the given message with the given level.</doc>
<msg timestamp="20220203 00:31:00.312" level="INFO" html="true">URL: https://demo.nopcommerce.com/</msg>
<status status="PASS" starttime="20220203 00:31:00.312" endtime="20220203 00:31:00.312"/>
</kw>
<kw name="Wait Until Keyword Succeeds" library="BuiltIn">
<arg>3 times</arg>
<arg>5 seconds</arg>
<arg>Open Webui Repeat</arg>
<arg>${browser}</arg>
<arg>${url}</arg>
<doc>Runs the specified keyword and retries if it fails.</doc>
<kw name="Open Webui Repeat" library="Common_Utils">
<arg>${browser}</arg>
<arg>${url}</arg>
<kw name="Run Keyword If" library="BuiltIn">
<arg>'${browser}'=='Firefox'</arg>
<arg>Setup Firefox</arg>
<arg>${url}</arg>
<arg>ELSE IF</arg>
<arg>'${browser}'=='Chrome'</arg>
<arg>Setup Chrome</arg>
<arg>${url}</arg>
<arg>ELSE IF</arg>
<arg>'${browser}'=='Edge'</arg>
<arg>Setup Edge</arg>
<arg>${url}</arg>
<doc>Runs the given keyword with the given arguments, if ``condition`` is true.</doc>
<kw name="Setup Chrome" library="Common_Utils">
<arg>${url}</arg>
<kw name="Log" library="BuiltIn">
<arg>Setting up Chrome</arg>
<arg>console=${True}</arg>
<doc>Logs the given message with the given level.</doc>
<msg timestamp="20220203 00:31:00.321" level="INFO">Setting up Chrome</msg>
<status status="PASS" starttime="20220203 00:31:00.321" endtime="20220203 00:31:00.321"/>
</kw>
<kw name="Log To Console" library="BuiltIn">
<arg>Opening browser with popup blocking disabled and ignoring certificate error</arg>
<doc>Logs the given message to the console.</doc>
<status status="PASS" starttime="20220203 00:31:00.321" endtime="20220203 00:31:00.324"/>
</kw>
<kw name="Open Browser" library="SeleniumLibrary">
<arg>${url}</arg>
<arg>Chrome</arg>
<arg>options=add_argument("--disable-popup-blocking"); add_argument("--ignore-certificate-errors")</arg>
<doc>Opens a new browser instance to the optional ``url``.</doc>
<msg timestamp="20220203 00:31:00.324" level="INFO">Opening browser 'Chrome' to base url 'https://demo.nopcommerce.com/'.</msg>
<status status="PASS" starttime="20220203 00:31:00.324" endtime="20220203 00:31:05.205"/>
</kw>
<status status="PASS" starttime="20220203 00:31:00.316" endtime="20220203 00:31:05.205"/>
</kw>
<status status="PASS" starttime="20220203 00:31:00.316" endtime="20220203 00:31:05.205"/>
</kw>
<kw name="Log To Console" library="BuiltIn">
<arg>Setting window size to 1920x1000 for standard execution across displays</arg>
<doc>Logs the given message to the console.</doc>
[...]
<doc>Adding Nike Tailwind Loose Short-Sleeve Running Shirt into the Cart</doc>
<kw name="Select Item" library="Clothing">
<arg>Nike Tailwind Loose Short-Sleeve Running Shirt</arg>
<doc>To select an item with given product id</doc>
<kw name="Wait Until Element Is Visible" library="SeleniumLibrary">
<arg>//a[contains(text(),"${text}")]</arg>
<arg>timeout=10</arg>
<doc>Waits until the element ``locator`` is visible.</doc>
<status status="PASS" starttime="20220203 00:32:26.486" endtime="20220203 00:32:26.520"/>
</kw>
<kw name="Click Element" library="SeleniumLibrary">
<arg>//a[contains(text(),"${text}")]</arg>
<doc>Click the element identified by ``locator``.</doc>
<msg timestamp="20220203 00:32:26.520" level="INFO">Clicking element '//a[contains(text(),"Nike Tailwind Loose Short-Sleeve Running Shirt")]'.</msg>
<status status="PASS" starttime="20220203 00:32:26.520" endtime="20220203 00:32:29.137"/>
</kw>
<status status="PASS" starttime="20220203 00:32:26.486" endtime="20220203 00:32:29.141"/>
</kw>
<kw name="Wait Until Keyword Succeeds" library="BuiltIn">
<arg>5 times</arg>
<arg>10 seconds</arg>
<arg>Page Should Contain</arg>
<arg>Nike Tailwind Loose Short-Sleeve Running Shirt</arg>
<doc>Runs the specified keyword and retries if it fails.</doc>
<kw name="Page Should Contain" library="SeleniumLibrary">
<arg>Nike Tailwind Loose Short-Sleeve Running Shirt</arg>
<doc>Verifies that current page contains ``text``.</doc>
<msg timestamp="20220203 00:32:29.171" level="INFO">Current page contains text 'Nike Tailwind Loose Short-Sleeve Running Shirt'.</msg>
<status status="PASS" starttime="20220203 00:32:29.141" endtime="20220203 00:32:29.171"/>
</kw>
<status status="PASS" starttime="20220203 00:32:29.141" endtime="20220203 00:32:29.171"/>
</kw>
<if>
<branch type="IF" condition="&quot;${size}&quot; != &quot;None&quot;">
<kw name="Select Size Option" library="Clothing">
<arg>${size}</arg>
<arg>${clothing}[nike_shirt][size_selector]</arg>
<doc>Select size from dropdown list</doc>
<kw name="Wait Until Keyword Succeeds" library="BuiltIn">
<arg>5times</arg>
<arg>10seconds</arg>
<arg>Select From List By Label</arg>
<arg>name:${name}</arg>
<arg>${size}</arg>
<doc>Runs the specified keyword and retries if it fails.</doc>
<kw name="Select From List By Label" library="SeleniumLibrary">
<arg>name:${name}</arg>
<arg>${size}</arg>
<doc>Selects options from selection list ``locator`` by ``labels``.</doc>
<msg timestamp="20220203 00:32:29.173" level="INFO">Selecting options from selection list 'name:product_attribute_11' by label Small.</msg>
<status status="PASS" starttime="20220203 00:32:29.173" endtime="20220203 00:32:29.296"/>
</kw>
<status status="PASS" starttime="20220203 00:32:29.173" endtime="20220203 00:32:29.296"/>
</kw>
<kw name="Wait Until Keyword Succeeds" library="BuiltIn">
<arg>2times</arg>
<arg>10seconds</arg>
<arg>Element Should Contain</arg>
<arg>${name}</arg>
<arg>${size}</arg>
<doc>Runs the specified keyword and retries if it fails.</doc>
<kw name="Element Should Contain" library="SeleniumLibrary">
<arg>${name}</arg>
<arg>${size}</arg>
<doc>Verifies that element ``locator`` contains text ``expected``.</doc>
<msg timestamp="20220203 00:32:29.320" level="INFO">Element 'product_attribute_11' contains text 'Small'.</msg>
<status status="PASS" starttime="20220203 00:32:29.296" endtime="20220203 00:32:29.320"/>
</kw>
<status status="PASS" starttime="20220203 00:32:29.296" endtime="20220203 00:32:29.320"/>
</kw>
<status status="PASS" starttime="20220203 00:32:29.171" endtime="20220203 00:32:29.320"/>
</kw>
<status status="PASS" starttime="20220203 00:32:29.171" endtime="20220203 00:32:29.320"/>
</branch>
<status status="PASS" starttime="20220203 00:32:29.171" endtime="20220203 00:32:29.320"/>
</if>
<kw name="Enter Quantity" library="Clothing">
<arg>${count}</arg>
<doc>Enter number of items to be added to cart</doc>
<kw name="Wait Until Element Is Visible" library="SeleniumLibrary">
<arg>${clothing}[quantity_box]</arg>
<arg>timeout=10</arg>
<doc>Waits until the element ``locator`` is visible.</doc>
<status status="PASS" starttime="20220203 00:32:29.320" endtime="20220203 00:32:29.348"/>
</kw>
<kw name="Input Text" library="SeleniumLibrary">
<arg>${clothing}[quantity_box]</arg>
<arg>${count}</arg>
<doc>Types the given ``text`` into the text field identified by ``locator``.</doc>
<msg timestamp="20220203 00:32:29.348" level="INFO">Typing text '0' into text field '//div[@class="add-to-cart"]//input'.</msg>
<status status="PASS" starttime="20220203 00:32:29.348" endtime="20220203 00:32:29.448"/>
</kw>
<status status="PASS" starttime="20220203 00:32:29.320" endtime="20220203 00:32:29.448"/>
</kw>
<kw name="Find Price" library="Clothing">
<var>${price}</var>
<arg>${count}</arg>
<doc>Finding price of the item</doc>
<kw name="Get Text" library="SeleniumLibrary">
<var>${price_str}</var>
<arg>//div[@class="product-price"]//span</arg>
<doc>Returns the text value of the element identified by ``locator``.</doc>
<msg timestamp="20220203 00:32:29.476" level="INFO">${price_str} = $15.00</msg>
<status status="PASS" starttime="20220203 00:32:29.448" endtime="20220203 00:32:29.476"/>
</kw>
<kw name="Get Substring" library="String">
<var>${price}</var>
<arg>${price_str}</arg>
<arg>1</arg>
<doc>Returns a substring from ``start`` index to ``end`` index.</doc>
<msg timestamp="20220203 00:32:29.480" level="INFO">${price} = 15.00</msg>
<status status="PASS" starttime="20220203 00:32:29.476" endtime="20220203 00:32:29.480"/>
</kw>
<kw name="Convert To Number" library="BuiltIn">
<arg>${price}</arg>
<doc>Converts the given item to a floating point number.</doc>
<status status="PASS" starttime="20220203 00:32:29.480" endtime="20220203 00:32:29.480"/>
</kw>
<kw name="Evaluate" library="BuiltIn">
<var>${total}</var>
<arg>${price} * ${count}</arg>
<doc>Evaluates the given expression in Python and returns the result.</doc>
<msg timestamp="20220203 00:32:29.480" level="INFO">${total} = 0.0</msg>
<status status="PASS" starttime="20220203 00:32:29.480" endtime="20220203 00:32:29.480"/>
</kw>
<msg timestamp="20220203 00:32:29.480" level="INFO">${price} = 0.0</msg>
<status status="PASS" starttime="20220203 00:32:29.448" endtime="20220203 00:32:29.480"/>
</kw>
<kw name="Sleep" library="BuiltIn">
<arg>3</arg>
<doc>Pauses the test executed for the given time.</doc>
<msg timestamp="20220203 00:32:32.493" level="INFO">Slept 3 seconds</msg>
<status status="PASS" starttime="20220203 00:32:29.480" endtime="20220203 00:32:32.493"/>
</kw>
<kw name="Click Add To Cart Button" library="Clothing">
<doc>Clicking Add To cart button</doc>
<kw name="Wait Until Element Is Visible" library="SeleniumLibrary">
<arg>${clothing}[add_to_cart_btn]</arg>
<arg>timeout=10</arg>
<doc>Waits until the element ``locator`` is visible.</doc>
<status status="PASS" starttime="20220203 00:32:32.493" endtime="20220203 00:32:32.525"/>
</kw>
<kw name="Click Button" library="SeleniumLibrary">
<arg>${clothing}[add_to_cart_btn]</arg>
<doc>Clicks the button identified by ``locator``.</doc>
<msg timestamp="20220203 00:32:32.525" level="INFO">Clicking button '//div[@class="add-to-cart"]//button'.</msg>
<status status="PASS" starttime="20220203 00:32:32.525" endtime="20220203 00:32:32.625"/>
</kw>
<kw name="Sleep" library="BuiltIn">
<arg>3</arg>
<doc>Pauses the test executed for the given time.</doc>
<msg timestamp="20220203 00:32:35.626" level="INFO">Slept 3 seconds</msg>
<status status="PASS" starttime="20220203 00:32:32.625" endtime="20220203 00:32:35.626"/>
</kw>
<status status="PASS" starttime="20220203 00:32:32.493" endtime="20220203 00:32:35.626"/>
</kw>
<msg timestamp="20220203 00:32:35.626" level="INFO">${price} = 0.0</msg>
<status status="PASS" starttime="20220203 00:32:26.486" endtime="20220203 00:32:35.626"/>
</kw>
<status status="PASS" starttime="20220203 00:32:26.486" endtime="20220203 00:32:35.626"/>
</branch>
<status status="PASS" starttime="20220203 00:32:26.486" endtime="20220203 00:32:35.626"/>
</if>
<status status="PASS" starttime="20220203 00:32:26.486" endtime="20220203 00:32:35.626"/>
</kw>
<kw name="Verify Positive Quantity Error" library="Clothing">
<doc>Verifying that "Positive Quantity" Error message is Visible</doc>
<kw name="Wait Until Keyword Succeeds" library="BuiltIn">
<arg>3 times</arg>
<arg>10 seconds</arg>
<arg>Page Should Contain Element</arg>
<arg>${clothing}[postive_quantity_error]</arg>
<doc>Runs the specified keyword and retries if it fails.</doc>
<kw name="Page Should Contain Element" library="SeleniumLibrary">
<arg>${clothing}[postive_quantity_error]</arg>
<doc>Verifies that element ``locator`` is found on the current page.</doc>
<msg timestamp="20220203 00:32:35.638" level="INFO">Current page contains element '//div[@class='bar-notification error']//p[contains(text(),'Quantity should be positive')]'.</msg>
<status status="PASS" starttime="20220203 00:32:35.626" endtime="20220203 00:32:35.638"/>
</kw>
<status status="PASS" starttime="20220203 00:32:35.626" endtime="20220203 00:32:35.638"/>
</kw>
<status status="PASS" starttime="20220203 00:32:35.626" endtime="20220203 00:32:35.638"/>
</kw>
<kw name="Go Back" library="SeleniumLibrary">
<doc>Simulates the user clicking the back button on their browser.</doc>
<status status="PASS" starttime="20220203 00:32:35.638" endtime="20220203 00:32:37.383"/>
</kw>
<kw name="Add Clothes" library="Clothing">
<arg>Custom T-Shirt</arg>
<arg>custom_text=Hie</arg>
<arg>count=-1</arg>
<doc>Add Clothes according to the product name</doc>
<if>
<branch type="IF" condition="&quot;${title}&quot; == &quot;Custom T-Shirt&quot;">
<kw name="Add Custom Tshirt" library="Clothing">
<var>${price}</var>
<arg>${custom_text}</arg>
<arg>${count}</arg>
<doc>Adding Custom tshirt into the cart</doc>
<kw name="Select Item" library="Clothing">
<arg>Custom T-Shirt</arg>
<doc>To select an item with given product id</doc>
<kw name="Wait Until Element Is Visible" library="SeleniumLibrary">
<arg>//a[contains(text(),"${text}")]</arg>
<arg>timeout=10</arg>
<doc>Waits until the element ``locator`` is visible.</doc>
<status status="PASS" starttime="20220203 00:32:37.387" endtime="20220203 00:32:37.415"/>
</kw>
<kw name="Click Element" library="SeleniumLibrary">
<arg>//a[contains(text(),"${text}")]</arg>
<doc>Click the element identified by ``locator``.</doc>
<msg timestamp="20220203 00:32:37.419" level="INFO">Clicking element '//a[contains(text(),"Custom T-Shirt")]'.</msg>
<status status="PASS" starttime="20220203 00:32:37.419" endtime="20220203 00:32:38.396"/>
</kw>
<status status="PASS" starttime="20220203 00:32:37.383" endtime="20220203 00:32:38.396"/>
</kw>
<kw name="Wait Until Keyword Succeeds" library="BuiltIn">
<arg>5 times</arg>
<arg>10seconds</arg>
<arg>Page Should Contain</arg>
<arg>Custom T-Shirt</arg>
<doc>Runs the specified keyword and retries if it fails.</doc>
<kw name="Page Should Contain" library="SeleniumLibrary">
<arg>Custom T-Shirt</arg>
<doc>Verifies that current page contains ``text``.</doc>
<msg timestamp="20220203 00:32:38.508" level="INFO">Current page contains text 'Custom T-Shirt'.</msg>
<status status="PASS" starttime="20220203 00:32:38.400" endtime="20220203 00:32:38.508"/>
</kw>
<status status="PASS" starttime="20220203 00:32:38.400" endtime="20220203 00:32:38.508"/>
</kw>
<if>
<branch type="IF" condition="&quot;${custom_text}&quot; != &quot;None&quot;">
<kw name="Wait Until Element Is Visible" library="SeleniumLibrary">
<arg>${clothing}[custom_tshirt][text]</arg>
<arg>timeout=10</arg>
<doc>Waits until the element ``locator`` is visible.</doc>
<status status="PASS" starttime="20220203 00:32:38.508" endtime="20220203 00:32:38.536"/>
</kw>
<kw name="Input Text" library="SeleniumLibrary">
<arg>${clothing}[custom_tshirt][text]</arg>
<arg>${custom_text}</arg>
<doc>Types the given ``text`` into the text field identified by ``locator``.</doc>
<msg timestamp="20220203 00:32:38.540" level="INFO">Typing text 'Hie' into text field '//div[@class="attributes"]//input[@class="textbox"]'.</msg>
<status status="PASS" starttime="20220203 00:32:38.536" endtime="20220203 00:32:38.632"/>
</kw>
<status status="PASS" starttime="20220203 00:32:38.508" endtime="20220203 00:32:38.632"/>
</branch>
<status status="PASS" starttime="20220203 00:32:38.508" endtime="20220203 00:32:38.632"/>
</if>
<kw name="Enter Quantity" library="Clothing">
<arg>${count}</arg>
<doc>Enter number of items to be added to cart</doc>
<kw name="Wait Until Element Is Visible" library="SeleniumLibrary">
<arg>${clothing}[quantity_box]</arg>
<arg>timeout=10</arg>
<doc>Waits until the element ``locator`` is visible.</doc>
<status status="PASS" starttime="20220203 00:32:38.632" endtime="20220203 00:32:38.652"/>
</kw>
<kw name="Input Text" library="SeleniumLibrary">
<arg>${clothing}[quantity_box]</arg>
<arg>${count}</arg>
<doc>Types the given ``text`` into the text field identified by ``locator``.</doc>
<msg timestamp="20220203 00:32:38.652" level="INFO">Typing text '-1' into text field '//div[@class="add-to-cart"]//input'.</msg>
<status status="PASS" starttime="20220203 00:32:38.652" endtime="20220203 00:32:38.745"/>
</kw>
<status status="PASS" starttime="20220203 00:32:38.632" endtime="20220203 00:32:38.745"/>
</kw>
<kw name="Sleep" library="BuiltIn">
<arg>3</arg>
<doc>Pauses the test executed for the given time.</doc>
<msg timestamp="20220203 00:32:41.757" level="INFO">Slept 3 seconds</msg>
<status status="PASS" starttime="20220203 00:32:38.745" endtime="20220203 00:32:41.757"/>
</kw>
<kw name="Find Price" library="Clothing">
<var>${price}</var>
<arg>${count}</arg>
<doc>Finding price of the item</doc>
<kw name="Get Text" library="SeleniumLibrary">
<var>${price_str}</var>
<arg>//div[@class="product-price"]//span</arg>
<doc>Returns the text value of the element identified by ``locator``.</doc>
<msg timestamp="20220203 00:32:41.830" level="INFO">${price_str} = $15.00</msg>
<status status="PASS" starttime="20220203 00:32:41.757" endtime="20220203 00:32:41.830"/>
</kw>
<kw name="Get Substring" library="String">
<var>${price}</var>
<arg>${price_str}</arg>
<arg>1</arg>
<doc>Returns a substring from ``start`` index to ``end`` index.</doc>
<msg timestamp="20220203 00:32:41.830" level="INFO">${price} = 15.00</msg>
<status status="PASS" starttime="20220203 00:32:41.830" endtime="20220203 00:32:41.830"/>
</kw>
<kw name="Convert To Number" library="BuiltIn">
<arg>${price}</arg>
<doc>Converts the given item to a floating point number.</doc>
<status status="PASS" starttime="20220203 00:32:41.830" endtime="20220203 00:32:41.834"/>
</kw>
<kw name="Evaluate" library="BuiltIn">
<var>${total}</var>
<arg>${price} * ${count}</arg>
<doc>Evaluates the given expression in Python and returns the result.</doc>
<msg timestamp="20220203 00:32:41.834" level="INFO">${total} = -15.0</msg>
<status status="PASS" starttime="20220203 00:32:41.834" endtime="20220203 00:32:41.834"/>
</kw>
<msg timestamp="20220203 00:32:41.834" level="INFO">${price} = -15.0</msg>
<status status="PASS" starttime="20220203 00:32:41.757" endtime="20220203 00:32:41.834"/>
</kw>
<kw name="Click Add To Cart Button" library="Clothing">
<doc>Clicking Add To cart button</doc>
<kw name="Wait Until Element Is Visible" library="SeleniumLibrary">
<arg>${clothing}[add_to_cart_btn]</arg>
<arg>timeout=10</arg>
<doc>Waits until the element ``locator`` is visible.</doc>
<status status="PASS" starttime="20220203 00:32:41.838" endtime="20220203 00:32:41.880"/>
</kw>
<kw name="Click Button" library="SeleniumLibrary">
<arg>${clothing}[add_to_cart_btn]</arg>
<doc>Clicks the button identified by ``locator``.</doc>
<msg timestamp="20220203 00:32:41.880" level="INFO">Clicking button '//div[@class="add-to-cart"]//button'.</msg>
<status status="PASS" starttime="20220203 00:32:41.880" endtime="20220203 00:32:42.042"/>
</kw>
<kw name="Sleep" library="BuiltIn">
<arg>3</arg>
<doc>Pauses the test executed for the given time.</doc>
<msg timestamp="20220203 00:32:45.048" level="INFO">Slept 3 seconds</msg>
<status status="PASS" starttime="20220203 00:32:42.042" endtime="20220203 00:32:45.048"/>
</kw>
<status status="PASS" starttime="20220203 00:32:41.834" endtime="20220203 00:32:45.048"/>
</kw>
<msg timestamp="20220203 00:32:45.048" level="INFO">${price} = -15.0</msg>
<status status="PASS" starttime="20220203 00:32:37.383" endtime="20220203 00:32:45.048"/>
</kw>
<status status="PASS" starttime="20220203 00:32:37.383" endtime="20220203 00:32:45.048"/>
</branch>
<branch type="ELSE IF" condition="&quot;${title}&quot; == &quot;Nike Tailwind Loose Short-Sleeve Running Shirt&quot;">
<kw name="Add Nike Shirt" library="Clothing">
<var>${price}</var>
<arg>${size}</arg>
<arg>${count}</arg>
<doc>Adding Nike Tailwind Loose Short-Sleeve Running Shirt into the Cart</doc>
<status status="NOT RUN" starttime="20220203 00:32:45.052" endtime="20220203 00:32:45.052"/>
</kw>
<status status="NOT RUN" starttime="20220203 00:32:45.048" endtime="20220203 00:32:45.052"/>
</branch>
<status status="PASS" starttime="20220203 00:32:37.383" endtime="20220203 00:32:45.052"/>
</if>
<status status="PASS" starttime="20220203 00:32:37.383" endtime="20220203 00:32:45.052"/>
</kw>
<kw name="Verify Positive Quantity Error" library="Clothing">
<doc>Verifying that "Positive Quantity" Error message is Visible</doc>
<kw name="Wait Until Keyword Succeeds" library="BuiltIn">
<arg>3 times</arg>
<arg>10 seconds</arg>
<arg>Page Should Contain Element</arg>
<arg>${clothing}[postive_quantity_error]</arg>
<doc>Runs the specified keyword and retries if it fails.</doc>
<kw name="Page Should Contain Element" library="SeleniumLibrary">
<arg>${clothing}[postive_quantity_error]</arg>
<doc>Verifies that element ``locator`` is found on the current page.</doc>
<msg timestamp="20220203 00:32:45.072" level="INFO">Current page contains element '//div[@class='bar-notification error']//p[contains(text(),'Quantity should be positive')]'.</msg>
<status status="PASS" starttime="20220203 00:32:45.052" endtime="20220203 00:32:45.072"/>
</kw>
<status status="PASS" starttime="20220203 00:32:45.052" endtime="20220203 00:32:45.072"/>
</kw>
<status status="PASS" starttime="20220203 00:32:45.052" endtime="20220203 00:32:45.072"/>
</kw>
<kw name="Sleep" library="BuiltIn">
<arg>3</arg>
<doc>Pauses the test executed for the given time.</doc>
<msg timestamp="20220203 00:32:48.078" level="INFO">Slept 3 seconds</msg>
<status status="PASS" starttime="20220203 00:32:45.072" endtime="20220203 00:32:48.078"/>
</kw>
<kw name="Close All Browsers" library="SeleniumLibrary">
<doc>Closes all open browsers and resets the browser cache.</doc>
<status status="PASS" starttime="20220203 00:32:48.078" endtime="20220203 00:32:50.320"/>
</kw>
<doc>Unsuccessful in adding clothes into the Cart due to negative or zero count of items</doc>
<tag>NegativeCountError</tag>
<tag>TC7</tag>
<tag>Unsuccessful_Addition</tag>
<tag>WebUI_Clothing</tag>
<status status="PASS" starttime="20220203 00:32:17.976" endtime="20220203 00:32:50.324"/>
</test>
<status status="PASS" starttime="20220203 00:29:31.716" endtime="20220203 00:32:50.332"/>
</suite>
<statistics>
<total>
<stat pass="7" fail="0" skip="0">All Tests</stat>
</total>
<tag>
<stat pass="1" fail="0" skip="0">Different_Views</stat>
<stat pass="1" fail="0" skip="0">EmptyCustomTextbox</stat>
<stat pass="1" fail="0" skip="0">EmptySize</stat>
<stat pass="1" fail="0" skip="0">NegativeCountError</stat>
<stat pass="3" fail="0" skip="0">Successful_Addition</stat>
<stat pass="1" fail="0" skip="0">TC1</stat>
<stat pass="1" fail="0" skip="0">TC2</stat>
<stat pass="1" fail="0" skip="0">TC3</stat>
<stat pass="1" fail="0" skip="0">TC4</stat>
<stat pass="1" fail="0" skip="0">TC5</stat>
<stat pass="1" fail="0" skip="0">TC6</stat>
<stat pass="1" fail="0" skip="0">TC7</stat>
<stat pass="3" fail="0" skip="0">Unsuccessful_Addition</stat>
<stat pass="7" fail="0" skip="0">WebUI_Clothing</stat>
</tag>
<suite>
<stat pass="7" fail="0" skip="0" id="s1" name="Apparel Clothing Page">Apparel Clothing Page</stat>
</suite>
</statistics>
<errors>
</errors>
</robot>
