<?xml version="1.0" encoding="UTF-8"?>
<robot generator="Robot 4.1.3 (Python 3.9.7 on win32)" generated="20220131 13:42:15.178" rpa="false" schemaversion="2">
<suite id="s1" name="Workflow" source="D:\TruMinds\nopcommerce\TestSuite\workflow.robot">
<test id="s1-t1" name="Shopping for Nike Shoes As Guest Using Ground Shipping And Check Or Money Order Payment">
<kw name="Open Webui" library="Common_Utils">
<arg>${browser}</arg>
<arg>${url}</arg>
<doc>Open demo nopcommerce WebUI</doc>
<kw name="Log" library="BuiltIn">
<arg>Browser: ${browser}</arg>
<arg>HTML</arg>
<arg>console=true</arg>
<doc>Logs the given message with the given level.</doc>
<msg timestamp="20220131 13:42:15.553" level="INFO" html="true">Browser: Chrome</msg>
<status status="PASS" starttime="20220131 13:42:15.553" endtime="20220131 13:42:15.553"/>
</kw>
<kw name="Log" library="BuiltIn">
<arg>URL: ${url}</arg>
<arg>HTML</arg>
<arg>console=true</arg>
<doc>Logs the given message with the given level.</doc>
<msg timestamp="20220131 13:42:15.553" level="INFO" html="true">URL: https://demo.nopcommerce.com/</msg>
<status status="PASS" starttime="20220131 13:42:15.553" endtime="20220131 13:42:15.553"/>
</kw>
<kw name="Wait Until Keyword Succeeds" library="BuiltIn">
<arg>3 times</arg>
<arg>5 seconds</arg>
<arg>Open Webui Repeat</arg>
<arg>${browser}</arg>
<arg>${url}</arg>
<doc>Runs the specified keyword and retries if it fails.</doc>
<kw name="Open Webui Repeat" library="Common_Utils">
<arg>${browser}</arg>
<arg>${url}</arg>
<kw name="Run Keyword If" library="BuiltIn">
<arg>'${browser}'=='Firefox'</arg>
<arg>Setup Firefox</arg>
<arg>${url}</arg>
<arg>ELSE IF</arg>
<arg>'${browser}'=='Chrome'</arg>
<arg>Setup Chrome</arg>
<arg>${url}</arg>
<arg>ELSE IF</arg>
<arg>'${browser}'=='Edge'</arg>
<arg>Setup Edge</arg>
<arg>${url}</arg>
<doc>Runs the given keyword with the given arguments, if ``condition`` is true.</doc>
<kw name="Setup Chrome" library="Common_Utils">
<arg>${url}</arg>
<kw name="Log" library="BuiltIn">
<arg>Setting up Chrome</arg>
<arg>console=${True}</arg>
<doc>Logs the given message with the given level.</doc>
<msg timestamp="20220131 13:42:15.553" level="INFO">Setting up Chrome</msg>
<status status="PASS" starttime="20220131 13:42:15.553" endtime="20220131 13:42:15.553"/>
</kw>
<kw name="Log To Console" library="BuiltIn">
<arg>Opening browser with popup blocking disabled and ignoring certificate error</arg>
<doc>Logs the given message to the console.</doc>
<status status="PASS" starttime="20220131 13:42:15.553" endtime="20220131 13:42:15.553"/>
</kw>
<kw name="Open Browser" library="SeleniumLibrary">
<arg>${url}</arg>
<arg>Chrome</arg>
<arg>options=add_argument("--disable-popup-blocking"); add_argument("--ignore-certificate-errors")</arg>
<doc>Opens a new browser instance to the optional ``url``.</doc>
<msg timestamp="20220131 13:42:15.553" level="INFO">Opening browser 'Chrome' to base url 'https://demo.nopcommerce.com/'.</msg>
<status status="PASS" starttime="20220131 13:42:15.553" endtime="20220131 13:42:20.355"/>
</kw>
<status status="PASS" starttime="20220131 13:42:15.553" endtime="20220131 13:42:20.355"/>
</kw>
<status status="PASS" starttime="20220131 13:42:15.553" endtime="20220131 13:42:20.355"/>
</kw>
<kw name="Log To Console" library="BuiltIn">
<arg>Setting window size to 1920x1000 for standard execution across displays</arg>
<doc>Logs the given message to the console.</doc>
<status status="PASS" starttime="20220131 13:42:20.355" endtime="20220131 13:42:20.355"/>
</kw>
<kw name="Set Window Size" library="SeleniumLibrary">
<arg>1920</arg>
<arg>1000</arg>
<doc>Sets current windows size to given ``width`` and ``height``.</doc>
<status status="PASS" starttime="20220131 13:42:20.355" endtime="20220131 13:42:20.485"/>
</kw>
<kw name="Get Window Size" library="SeleniumLibrary">
<var>${width}</var>
<var>${height}</var>
<doc>Returns current window width and height as integers.</doc>
<msg timestamp="20220131 13:42:20.485" level="INFO">${width} = 1386</msg>
<msg timestamp="20220131 13:42:20.485" level="INFO">${height} = 788</msg>
<status status="PASS" starttime="20220131 13:42:20.485" endtime="20220131 13:42:20.485"/>
</kw>
<kw name="Log To Console" library="BuiltIn">
<arg>Window: width: ${width} height: ${height}</arg>
<doc>Logs the given message to the console.</doc>
<status status="PASS" starttime="20220131 13:42:20.485" endtime="20220131 13:42:20.485"/>
</kw>
<kw name="Wait Until Element Is Enabled" library="SeleniumLibrary">
<arg>${home}[logo_image]</arg>
<arg>timeout=30</arg>
<doc>Waits until the element ``locator`` is enabled.</doc>
<status status="PASS" starttime="20220131 13:42:20.485" endtime="20220131 13:42:20.525"/>
</kw>
<status status="PASS" starttime="20220131 13:42:15.553" endtime="20220131 13:42:20.525"/>
</kw>
<status status="PASS" starttime="20220131 13:42:15.553" endtime="20220131 13:42:20.525"/>
</kw>
<status status="PASS" starttime="20220131 13:42:15.553" endtime="20220131 13:42:20.525"/>
</kw>
<kw name="Proceed To Apparel Page" library="Home">
<doc>Navigating to Apparel Page</doc>
<kw name="Wait Until Keyword Succeeds" library="BuiltIn">
<arg>5 times</arg>
<arg>10 seconds</arg>
<arg>Click Link</arg>
<arg>${home}[apparel]</arg>
<doc>Runs the specified keyword and retries if it fails.</doc>
<kw name="Click Link" library="SeleniumLibrary">
<arg>${home}[apparel]</arg>
<doc>Clicks a link identified by ``locator``.</doc>
<msg timestamp="20220131 13:42:20.533" level="INFO">Clicking link '//*[@class='top-menu notmobile']//a[contains(text(),'Apparel')]'.</msg>
<status status="PASS" starttime="20220131 13:42:20.533" endtime="20220131 13:42:21.270"/>
</kw>
<status status="PASS" starttime="20220131 13:42:20.533" endtime="20220131 13:42:21.270"/>
</kw>
<kw name="Wait Until Keyword Succeeds" library="BuiltIn">
<arg>5 times</arg>
<arg>10 seconds</arg>
<arg>Title Should Be</arg>
<arg>nopCommerce demo store. Apparel</arg>
<doc>Runs the specified keyword and retries if it fails.</doc>
<kw name="Title Should Be" library="SeleniumLibrary">
<arg>nopCommerce demo store. Apparel</arg>
<doc>Verifies that the current page title equals ``title``.</doc>
<msg timestamp="20220131 13:42:21.286" level="INFO">Page title is 'nopCommerce demo store. Apparel'.</msg>
<status status="PASS" starttime="20220131 13:42:21.270" endtime="20220131 13:42:21.294"/>
</kw>
<status status="PASS" starttime="20220131 13:42:21.270" endtime="20220131 13:42:21.294"/>
</kw>
<status status="PASS" starttime="20220131 13:42:20.525" endtime="20220131 13:42:21.294"/>
</kw>
<kw name="Proceed To Shoes Page" library="Apparel">
<doc>Navigating to Shoes Page</doc>
<kw name="Wait Until Keyword Succeeds" library="BuiltIn">
<arg>5 times</arg>
<arg>10 seconds</arg>
<arg>Click Element</arg>
<arg>${apparel}[shoes]</arg>
<doc>Runs the specified keyword and retries if it fails.</doc>
<kw name="Click Element" library="SeleniumLibrary">
<arg>${apparel}[shoes]</arg>
<doc>Click the element identified by ``locator``.</doc>
<msg timestamp="20220131 13:42:21.294" level="INFO">Clicking element '//div[@class='item-grid']//div[@class='item-box'][1]'.</msg>
<status status="PASS" starttime="20220131 13:42:21.294" endtime="20220131 13:42:22.006"/>
</kw>
<status status="PASS" starttime="20220131 13:42:21.294" endtime="20220131 13:42:22.006"/>
</kw>
<kw name="Wait Until Keyword Succeeds" library="BuiltIn">
<arg>5 times</arg>
<arg>10 seconds</arg>
<arg>Title Should Be</arg>
<arg>nopCommerce demo store. Shoes</arg>
<doc>Runs the specified keyword and retries if it fails.</doc>
<kw name="Title Should Be" library="SeleniumLibrary">
<arg>nopCommerce demo store. Shoes</arg>
<doc>Verifies that the current page title equals ``title``.</doc>
<msg timestamp="20220131 13:42:22.014" level="INFO">Page title is 'nopCommerce demo store. Shoes'.</msg>
<status status="PASS" starttime="20220131 13:42:22.006" endtime="20220131 13:42:22.014"/>
</kw>
<status status="PASS" starttime="20220131 13:42:22.006" endtime="20220131 13:42:22.014"/>
</kw>
<status status="PASS" starttime="20220131 13:42:21.294" endtime="20220131 13:42:22.014"/>
</kw>
<kw name="Add Shoes" library="Shoes">
<arg>Nike Floral Roshe Customized Running Shoes</arg>
<arg>list_color=White/Blue</arg>
<arg>size=9</arg>
<arg>print=Fresh</arg>
<doc>Add Shoes according to the product name</doc>
<if>
<branch type="IF" condition="&quot;${title}&quot; == &quot;adidas Consortium Campus 80s Running Shoes&quot;">
<kw name="Add Adidas Shoes" library="Shoes">
<arg>${size}</arg>
<arg>${square_color}</arg>
<arg>${count}</arg>
<doc>Add Adidas Shoes into the cart</doc>
<status status="NOT RUN" starttime="20220131 13:42:22.014" endtime="20220131 13:42:22.014"/>
</kw>
<status status="NOT RUN" starttime="20220131 13:42:22.014" endtime="20220131 13:42:22.014"/>
</branch>
<branch type="ELSE IF" condition="&quot;${title}&quot; == &quot;Nike Floral Roshe Customized Running Shoes&quot;">
<kw name="Add Nike Floral Shoes" library="Shoes">
<arg>${size}</arg>
<arg>${list_color}</arg>
<arg>${print}</arg>
<arg>${count}</arg>
<doc>Add Nike Floral Shoes into the cart</doc>
<kw name="Select Item" library="Clothing">
<arg>${shoes}[nike_floral_shoes][productid]</arg>
<doc>To select an item with given product id</doc>
<kw name="Wait Until Element Is Visible" library="SeleniumLibrary">
<arg>//div[@data-productid=${product_id}]//div[@class='picture']</arg>
<arg>timeout=10</arg>
<doc>Waits until the element ``locator`` is visible.</doc>
<status status="PASS" starttime="20220131 13:42:22.014" endtime="20220131 13:42:22.046"/>
</kw>
<kw name="Click Element" library="SeleniumLibrary">
<arg>//div[@data-productid=${product_id}]//div[@class='picture']</arg>
<doc>Click the element identified by ``locator``.</doc>
<msg timestamp="20220131 13:42:22.046" level="INFO">Clicking element '//div[@data-productid=24]//div[@class='picture']'.</msg>
<status status="PASS" starttime="20220131 13:42:22.046" endtime="20220131 13:42:24.747"/>
</kw>
<status status="PASS" starttime="20220131 13:42:22.014" endtime="20220131 13:42:24.747"/>
</kw>
<kw name="Wait Until Keyword Succeeds" library="BuiltIn">
<arg>5 times</arg>
<arg>10 seconds</arg>
<arg>Page Should Contain</arg>
<arg>Nike Floral Roshe Customized Running Shoes</arg>
<doc>Runs the specified keyword and retries if it fails.</doc>
<kw name="Page Should Contain" library="SeleniumLibrary">
<arg>Nike Floral Roshe Customized Running Shoes</arg>
<doc>Verifies that current page contains ``text``.</doc>
<msg timestamp="20220131 13:42:24.811" level="INFO">Current page contains text 'Nike Floral Roshe Customized Running Shoes'.</msg>
<status status="PASS" starttime="20220131 13:42:24.755" endtime="20220131 13:42:24.811"/>
</kw>
<status status="PASS" starttime="20220131 13:42:24.755" endtime="20220131 13:42:24.811"/>
</kw>
<if>
<branch type="IF" condition="&quot;${size}&quot; != &quot;None&quot;">
<kw name="Select Size Option" library="Clothing">
<arg>${size}</arg>
<arg>${shoes}[nike_floral_shoes][size_selector]</arg>
<doc>Select size from dropdown list</doc>
<kw name="Wait Until Keyword Succeeds" library="BuiltIn">
<arg>5times</arg>
<arg>10seconds</arg>
<arg>Select From List By Label</arg>
<arg>name:${name}</arg>
<arg>${size}</arg>
<doc>Runs the specified keyword and retries if it fails.</doc>
<kw name="Select From List By Label" library="SeleniumLibrary">
<arg>name:${name}</arg>
<arg>${size}</arg>
<doc>Selects options from selection list ``locator`` by ``labels``.</doc>
<msg timestamp="20220131 13:42:24.819" level="INFO">Selecting options from selection list 'name:product_attribute_6' by label 9.</msg>
<status status="PASS" starttime="20220131 13:42:24.819" endtime="20220131 13:42:24.987"/>
</kw>
<status status="PASS" starttime="20220131 13:42:24.811" endtime="20220131 13:42:24.987"/>
</kw>
<kw name="Wait Until Keyword Succeeds" library="BuiltIn">
<arg>2times</arg>
<arg>10seconds</arg>
<arg>Element Should Contain</arg>
<arg>${name}</arg>
<arg>${size}</arg>
<doc>Runs the specified keyword and retries if it fails.</doc>
<kw name="Element Should Contain" library="SeleniumLibrary">
<arg>${name}</arg>
<arg>${size}</arg>
<doc>Verifies that element ``locator`` contains text ``expected``.</doc>
<msg timestamp="20220131 13:42:25.019" level="INFO">Element 'product_attribute_6' contains text '9'.</msg>
<status status="PASS" starttime="20220131 13:42:24.987" endtime="20220131 13:42:25.019"/>
</kw>
<status status="PASS" starttime="20220131 13:42:24.987" endtime="20220131 13:42:25.019"/>
</kw>
<status status="PASS" starttime="20220131 13:42:24.811" endtime="20220131 13:42:25.019"/>
</kw>
<status status="PASS" starttime="20220131 13:42:24.811" endtime="20220131 13:42:25.019"/>
</branch>
<status status="PASS" starttime="20220131 13:42:24.811" endtime="20220131 13:42:25.019"/>
</if>
<if>
<branch type="IF" condition="&quot;${list_color}&quot; != &quot;None&quot;">
<kw name="Select List Color" library="Shoes">
<arg>${list_color}</arg>
<doc>Selecting Color from dropdown menu</doc>
<kw name="Wait Until Keyword Succeeds" library="BuiltIn">
<arg>5times</arg>
<arg>10seconds</arg>
<arg>Select From List By Label</arg>
<arg>name:${shoes}[nike_floral_shoes][color_selector]</arg>
<arg>${list_color}</arg>
<doc>Runs the specified keyword and retries if it fails.</doc>
<kw name="Select From List By Label" library="SeleniumLibrary">
<arg>name:${shoes}[nike_floral_shoes][color_selector]</arg>
<arg>${list_color}</arg>
<doc>Selects options from selection list ``locator`` by ``labels``.</doc>
<msg timestamp="20220131 13:42:25.027" level="INFO">Selecting options from selection list 'name:product_attribute_7' by label White/Blue.</msg>
<status status="PASS" starttime="20220131 13:42:25.019" endtime="20220131 13:42:25.090"/>
</kw>
<status status="PASS" starttime="20220131 13:42:25.019" endtime="20220131 13:42:25.090"/>
</kw>
<kw name="Wait Until Keyword Succeeds" library="BuiltIn">
<arg>2times</arg>
<arg>10seconds</arg>
<arg>Element Should Contain</arg>
<arg>${shoes}[nike_floral_shoes][color_selector]</arg>
<arg>${list_color}</arg>
<doc>Runs the specified keyword and retries if it fails.</doc>
<kw name="Element Should Contain" library="SeleniumLibrary">
<arg>${shoes}[nike_floral_shoes][color_selector]</arg>
<arg>${list_color}</arg>
<doc>Verifies that element ``locator`` contains text ``expected``.</doc>
<msg timestamp="20220131 13:42:25.115" level="INFO">Element 'product_attribute_7' contains text 'White/Blue'.</msg>
<status status="PASS" starttime="20220131 13:42:25.090" endtime="20220131 13:42:25.115"/>
</kw>
<status status="PASS" starttime="20220131 13:42:25.090" endtime="20220131 13:42:25.115"/>
</kw>
<status status="PASS" starttime="20220131 13:42:25.019" endtime="20220131 13:42:25.115"/>
</kw>
<status status="PASS" starttime="20220131 13:42:25.019" endtime="20220131 13:42:25.115"/>
</branch>
<status status="PASS" starttime="20220131 13:42:25.019" endtime="20220131 13:42:25.115"/>
</if>
<if>
<branch type="IF" condition="&quot;${print}&quot; != &quot;None&quot;">
<kw name="Select Print Option" library="Shoes">
<arg>${print}</arg>
<doc>Select print of shoes</doc>
<if>
<branch type="IF" condition="&quot;${print}&quot; == &quot;Natural&quot;">
<kw name="Select Natural Print" library="Shoes">
<doc>Selecting Natural print of shoes</doc>
<status status="NOT RUN" starttime="20220131 13:42:25.115" endtime="20220131 13:42:25.115"/>
</kw>
<status status="NOT RUN" starttime="20220131 13:42:25.115" endtime="20220131 13:42:25.115"/>
</branch>
<branch type="ELSE">
<kw name="Select Fresh Print" library="Shoes">
<doc>Selecting Fresh print of shoes</doc>
<kw name="Wait Until Keyword Succeeds" library="BuiltIn">
<arg>5 times</arg>
<arg>10 seconds</arg>
<arg>Click Element</arg>
<arg>${shoes}[nike_floral_shoes][fresh_print]</arg>
<doc>Runs the specified keyword and retries if it fails.</doc>
<kw name="Click Element" library="SeleniumLibrary">
<arg>${shoes}[nike_floral_shoes][fresh_print]</arg>
<doc>Click the element identified by ``locator``.</doc>
<msg timestamp="20220131 13:42:25.115" level="INFO">Clicking element '//ul[@class='option-list attribute-squares image-squares']//li[@data-attr-value='20']'.</msg>
<status status="PASS" starttime="20220131 13:42:25.115" endtime="20220131 13:42:25.163"/>
</kw>
<status status="PASS" starttime="20220131 13:42:25.115" endtime="20220131 13:42:25.163"/>
</kw>
<kw name="Element Attribute Value Should Be" library="SeleniumLibrary">
<arg>${shoes}[nike_floral_shoes][fresh_print]</arg>
<arg>class</arg>
<arg>selected-value</arg>
<doc>Verifies element identified by ``locator`` contains expected attribute value.</doc>
<msg timestamp="20220131 13:42:25.179" level="INFO">Element '//ul[@class='option-list attribute-squares image-squares']//li[@data-attr-value='20']' attribute 'class' contains value 'selected-value'.</msg>
<status status="PASS" starttime="20220131 13:42:25.163" endtime="20220131 13:42:25.179"/>
</kw>
<status status="PASS" starttime="20220131 13:42:25.115" endtime="20220131 13:42:25.179"/>
</kw>
<status status="PASS" starttime="20220131 13:42:25.115" endtime="20220131 13:42:25.179"/>
</branch>
<status status="PASS" starttime="20220131 13:42:25.115" endtime="20220131 13:42:25.179"/>
</if>
<status status="PASS" starttime="20220131 13:42:25.115" endtime="20220131 13:42:25.179"/>
</kw>
<status status="PASS" starttime="20220131 13:42:25.115" endtime="20220131 13:42:25.179"/>
</branch>
<status status="PASS" starttime="20220131 13:42:25.115" endtime="20220131 13:42:25.179"/>
</if>
<kw name="Enter Quantity" library="Clothing">
<arg>${count}</arg>
<doc>Enter number of items to be added to cart</doc>
<kw name="Wait Until Element Is Visible" library="SeleniumLibrary">
<arg>${clothing}[quantity_box]</arg>
<arg>timeout=10</arg>
<doc>Waits until the element ``locator`` is visible.</doc>
<status status="PASS" starttime="20220131 13:42:25.179" endtime="20220131 13:42:25.203"/>
</kw>
<kw name="Input Text" library="SeleniumLibrary">
<arg>${clothing}[quantity_box]</arg>
<arg>${count}</arg>
<doc>Types the given ``text`` into the text field identified by ``locator``.</doc>
<msg timestamp="20220131 13:42:25.203" level="INFO">Typing text '1' into text field '//input[@class='qty-input']'.</msg>
<status status="PASS" starttime="20220131 13:42:25.203" endtime="20220131 13:42:25.286"/>
</kw>
<status status="PASS" starttime="20220131 13:42:25.179" endtime="20220131 13:42:25.286"/>
</kw>
<kw name="Sleep" library="BuiltIn">
<arg>3</arg>
<doc>Pauses the test executed for the given time.</doc>
<msg timestamp="20220131 13:42:28.290" level="INFO">Slept 3 seconds</msg>
<status status="PASS" starttime="20220131 13:42:25.286" endtime="20220131 13:42:28.290"/>
</kw>
<kw name="Mouse Out" library="SeleniumLibrary">
<arg>${shoes}[nike_floral_shoes][fresh_print]</arg>
<doc>Simulates moving the mouse away from the element ``locator``.</doc>
<msg timestamp="20220131 13:42:28.290" level="INFO">Simulating Mouse Out on element '//ul[@class='option-list attribute-squares image-squares']//li[@data-attr-value='20']'.</msg>
<status status="PASS" starttime="20220131 13:42:28.290" endtime="20220131 13:42:28.880"/>
</kw>
<kw name="Enter Add To Cart" library="Clothing">
<doc>Clicking Add To cart button</doc>
<kw name="Wait Until Element Is Visible" library="SeleniumLibrary">
<arg>${clothing}[add_to_cart_btn]</arg>
<arg>timeout=10</arg>
<doc>Waits until the element ``locator`` is visible.</doc>
<status status="PASS" starttime="20220131 13:42:28.880" endtime="20220131 13:42:28.896"/>
</kw>
<kw name="Click Button" library="SeleniumLibrary">
<arg>${clothing}[add_to_cart_btn]</arg>
<doc>Clicks the button identified by ``locator``.</doc>
<msg timestamp="20220131 13:42:28.896" level="INFO">Clicking button '//button[@class='button-1 add-to-cart-button']'.</msg>
<status status="PASS" starttime="20220131 13:42:28.896" endtime="20220131 13:42:28.968"/>
</kw>
<kw name="Sleep" library="BuiltIn">
<arg>3</arg>
<doc>Pauses the test executed for the given time.</doc>
<msg timestamp="20220131 13:42:31.970" level="INFO">Slept 3 seconds</msg>
<status status="PASS" starttime="20220131 13:42:28.968" endtime="20220131 13:42:31.970"/>
</kw>
<status status="PASS" starttime="20220131 13:42:28.880" endtime="20220131 13:42:31.970"/>
</kw>
<status status="PASS" starttime="20220131 13:42:22.014" endtime="20220131 13:42:31.970"/>
</kw>
<status status="PASS" starttime="20220131 13:42:22.014" endtime="20220131 13:42:31.970"/>
</branch>
<branch type="ELSE IF" condition="&quot;${title}&quot; == &quot;Nike SB Zoom Stefan Janoski&quot;">
<kw name="Add Nike Zoom Shoes" library="Shoes">
<arg>${count}</arg>
<doc>Add Nike Zoom Shoes into the cart</doc>
<status status="NOT RUN" starttime="20220131 13:42:31.970" endtime="20220131 13:42:31.970"/>
</kw>
<status status="NOT RUN" starttime="20220131 13:42:31.970" endtime="20220131 13:42:31.970"/>
</branch>
<status status="PASS" starttime="20220131 13:42:22.014" endtime="20220131 13:42:31.970"/>
</if>
<status status="PASS" starttime="20220131 13:42:22.014" endtime="20220131 13:42:31.970"/>
</kw>
<kw name="Verify Successful Addition" library="Clothing">
<doc>Verifying that item is successfully added to cart</doc>
<kw name="Wait Until Keyword Succeeds" library="BuiltIn">
<arg>3 times</arg>
<arg>10 seconds</arg>
<arg>Page Should Contain Element</arg>
<arg>${clothing}[success_message]</arg>
<doc>Runs the specified keyword and retries if it fails.</doc>
<kw name="Page Should Contain Element" library="SeleniumLibrary">
<arg>${clothing}[success_message]</arg>
<doc>Verifies that element ``locator`` is found on the current page.</doc>
<msg timestamp="20220131 13:42:31.978" level="INFO">Current page contains element '//div[@class='bar-notification success']//p[contains(text(),'The product has been added to your ')]'.</msg>
<status status="PASS" starttime="20220131 13:42:31.970" endtime="20220131 13:42:31.986"/>
</kw>
<status status="PASS" starttime="20220131 13:42:31.970" endtime="20220131 13:42:31.986"/>
</kw>
<status status="PASS" starttime="20220131 13:42:31.970" endtime="20220131 13:42:31.986"/>
</kw>
<kw name="Proceed To Shopping Cart" library="Home">
<doc>Navigating to Shopping Cart Page</doc>
<kw name="Wait Until Keyword Succeeds" library="BuiltIn">
<arg>5 times</arg>
<arg>5 seconds</arg>
<arg>Click Link</arg>
<arg>${home}[cart]</arg>
<doc>Runs the specified keyword and retries if it fails.</doc>
<kw name="Click Link" library="SeleniumLibrary">
<arg>${home}[cart]</arg>
<doc>Clicks a link identified by ``locator``.</doc>
<msg timestamp="20220131 13:42:31.986" level="INFO">Clicking link '//*[@id="topcartlink"]/a'.</msg>
<msg timestamp="20220131 13:42:33.392" level="INFO" html="true">&lt;/td&gt;&lt;/tr&gt;&lt;tr&gt;&lt;td colspan="3"&gt;&lt;a href="selenium-screenshot-16.png"&gt;&lt;img src="selenium-screenshot-16.png" width="800px"&gt;&lt;/a&gt;</msg>
<msg timestamp="20220131 13:42:33.400" level="FAIL">ElementClickInterceptedException: Message: element click intercepted: Element &lt;a href="/cart" class="ico-cart"&gt;...&lt;/a&gt; is not clickable at point (1202, 22). Other element would receive the click: &lt;p class="content"&gt;...&lt;/p&gt;
  (Session info: chrome=97.0.4692.99)
Stacktrace:
Backtrace:
	Ordinal0 [0x003FFDC3+2555331]
	Ordinal0 [0x003977F1+2127857]
	Ordinal0 [0x00292E08+1060360]
	Ordinal0 [0x002C48CF+1263823]
	Ordinal0 [0x002C2B10+1256208]
	Ordinal0 [0x002C076B+1247083]
	Ordinal0 [0x002BF559+1242457]
	Ordinal0 [0x002B4FB3+1200051]
	Ordinal0 [0x002D7B0C+1342220]
	Ordinal0 [0x002B4984+1198468]
	Ordinal0 [0x002D7C14+1342484]
	Ordinal0 [0x002E75FA+1406458]
	Ordinal0 [0x002D7976+1341814]
	Ordinal0 [0x002B36B6+1193654]
	Ordinal0 [0x002B4546+1197382]
	GetHandleVerifier [0x00599622+1619522]
	GetHandleVerifier [0x0064882C+2336844]
	GetHandleVerifier [0x004923E1+541697]
	GetHandleVerifier [0x00491443+537699]
	Ordinal0 [0x0039D18E+2150798]
	Ordinal0 [0x003A1518+2168088]
	Ordinal0 [0x003A1660+2168416]
	Ordinal0 [0x003AB330+2208560]
	BaseThreadInitThunk [0x7582FA29+25]
	RtlGetAppContainerNamedObjectPath [0x77A47A9E+286]
	RtlGetAppContainerNamedObjectPath [0x77A47A6E+238]
</msg>
<status status="FAIL" starttime="20220131 13:42:31.986" endtime="20220131 13:42:33.400"/>
</kw>
<kw name="Click Link" library="SeleniumLibrary">
<arg>${home}[cart]</arg>
<doc>Clicks a link identified by ``locator``.</doc>
<msg timestamp="20220131 13:42:38.401" level="INFO">Clicking link '//*[@id="topcartlink"]/a'.</msg>
<status status="PASS" starttime="20220131 13:42:38.401" endtime="20220131 13:42:39.197"/>
</kw>
<status status="PASS" starttime="20220131 13:42:31.986" endtime="20220131 13:42:39.197"/>
</kw>
<kw name="Wait Until Keyword Succeeds" library="BuiltIn">
<arg>5 times</arg>
<arg>10 seconds</arg>
<arg>Title Should Be</arg>
<arg>nopCommerce demo store. Shopping Cart</arg>
<doc>Runs the specified keyword and retries if it fails.</doc>
<kw name="Title Should Be" library="SeleniumLibrary">
<arg>nopCommerce demo store. Shopping Cart</arg>
<doc>Verifies that the current page title equals ``title``.</doc>
<msg timestamp="20220131 13:42:39.205" level="INFO">Page title is 'nopCommerce demo store. Shopping Cart'.</msg>
<status status="PASS" starttime="20220131 13:42:39.197" endtime="20220131 13:42:39.205"/>
</kw>
<status status="PASS" starttime="20220131 13:42:39.197" endtime="20220131 13:42:39.205"/>
</kw>
<status status="PASS" starttime="20220131 13:42:31.986" endtime="20220131 13:42:39.205"/>
</kw>
<kw name="Proceed To Checkout">
<kw name="Wait Until Keyword Succeeds" library="BuiltIn">
<arg>5 times</arg>
<arg>10 seconds</arg>
<arg>Select Checkbox</arg>
<arg>//*[@id="termsofservice"]</arg>
<doc>Runs the specified keyword and retries if it fails.</doc>
<kw name="Select Checkbox" library="SeleniumLibrary">
<arg>//*[@id="termsofservice"]</arg>
<doc>Selects the checkbox identified by ``locator``.</doc>
<msg timestamp="20220131 13:42:39.213" level="INFO">Selecting checkbox '//*[@id="termsofservice"]'.</msg>
<status status="PASS" starttime="20220131 13:42:39.213" endtime="20220131 13:42:39.291"/>
</kw>
<status status="PASS" starttime="20220131 13:42:39.205" endtime="20220131 13:42:39.291"/>
</kw>
<kw name="Wait Until Keyword Succeeds" library="BuiltIn">
<arg>5 times</arg>
<arg>10 seconds</arg>
<arg>Click Button</arg>
<arg>//*[@id="checkout"]</arg>
<doc>Runs the specified keyword and retries if it fails.</doc>
<kw name="Click Button" library="SeleniumLibrary">
<arg>//*[@id="checkout"]</arg>
<doc>Clicks the button identified by ``locator``.</doc>
<msg timestamp="20220131 13:42:39.291" level="INFO">Clicking button '//*[@id="checkout"]'.</msg>
<status status="PASS" starttime="20220131 13:42:39.291" endtime="20220131 13:42:41.433"/>
</kw>
<status status="PASS" starttime="20220131 13:42:39.291" endtime="20220131 13:42:41.433"/>
</kw>
<status status="PASS" starttime="20220131 13:42:39.205" endtime="20220131 13:42:41.433"/>
</kw>
<kw name="Click Checkout As Guest Button" library="Checkout">
<kw name="Wait Until Keyword Succeeds" library="BuiltIn">
<arg>5 times</arg>
<arg>10 seconds</arg>
<arg>Click Button</arg>
<arg>${checkout}[checkout_as_guest_button]</arg>
<doc>Runs the specified keyword and retries if it fails.</doc>
<kw name="Click Button" library="SeleniumLibrary">
<arg>${checkout}[checkout_as_guest_button]</arg>
<doc>Clicks the button identified by ``locator``.</doc>
<msg timestamp="20220131 13:42:41.441" level="INFO">Clicking button 'class:checkout-as-guest-button'.</msg>
<status status="PASS" starttime="20220131 13:42:41.441" endtime="20220131 13:42:42.974"/>
</kw>
<status status="PASS" starttime="20220131 13:42:41.441" endtime="20220131 13:42:42.974"/>
</kw>
<status status="PASS" starttime="20220131 13:42:41.441" endtime="20220131 13:42:42.974"/>
</kw>
<kw name="Fill Default Checkout Details And Confirm Order">
<arg>shipping_type=Ground</arg>
<arg>payment_method=Check/Money Order</arg>
<doc>Higher level function to perform all checkout operations</doc>
<if>
<branch type="IF" condition="&quot;${same_shipping_addr}&quot;==&quot;True&quot;">
<kw name="Select Same Shipping Address Checkbox" library="Checkout">
<kw name="Wait Until Element Is Visible" library="SeleniumLibrary">
<arg>${checkout}[billing_addr][ship_to_same_addr]</arg>
<arg>10s</arg>
<doc>Waits until the element ``locator`` is visible.</doc>
<status status="PASS" starttime="20220131 13:42:42.982" endtime="20220131 13:42:43.070"/>
</kw>
<kw name="Run Keyword And Return Status" library="BuiltIn">
<var>${is_checked}</var>
<arg>Checkbox Should Be Selected</arg>
<arg>${checkout}[billing_addr][ship_to_same_addr]</arg>
<doc>Runs the given keyword with given arguments and returns the status as a Boolean value.</doc>
<kw name="Checkbox Should Be Selected" library="SeleniumLibrary">
<arg>${checkout}[billing_addr][ship_to_same_addr]</arg>
<doc>Verifies checkbox ``locator`` is selected/checked.</doc>
<msg timestamp="20220131 13:42:43.070" level="INFO">Verifying checkbox '//*[@id="ShipToSameAddress"]' is selected.</msg>
<status status="PASS" starttime="20220131 13:42:43.070" endtime="20220131 13:42:43.170"/>
</kw>
<msg timestamp="20220131 13:42:43.170" level="INFO">${is_checked} = True</msg>
<status status="PASS" starttime="20220131 13:42:43.070" endtime="20220131 13:42:43.170"/>
</kw>
<if>
<branch type="IF" condition="${is_checked} == ${False}">
<kw name="Select Checkbox" library="SeleniumLibrary">
<arg>${checkout}[billing_addr][ship_to_same_addr]</arg>
<doc>Selects the checkbox identified by ``locator``.</doc>
<status status="NOT RUN" starttime="20220131 13:42:43.170" endtime="20220131 13:42:43.170"/>
</kw>
<status status="NOT RUN" starttime="20220131 13:42:43.170" endtime="20220131 13:42:43.170"/>
</branch>
<status status="PASS" starttime="20220131 13:42:43.170" endtime="20220131 13:42:43.170"/>
</if>
<kw name="Checkbox Should Be Selected" library="SeleniumLibrary">
<arg>${checkout}[billing_addr][ship_to_same_addr]</arg>
<doc>Verifies checkbox ``locator`` is selected/checked.</doc>
<msg timestamp="20220131 13:42:43.178" level="INFO">Verifying checkbox '//*[@id="ShipToSameAddress"]' is selected.</msg>
<status status="PASS" starttime="20220131 13:42:43.170" endtime="20220131 13:42:43.245"/>
</kw>
<status status="PASS" starttime="20220131 13:42:42.982" endtime="20220131 13:42:43.245"/>
</kw>
<status status="PASS" starttime="20220131 13:42:42.982" endtime="20220131 13:42:43.245"/>
</branch>
<branch type="ELSE">
<kw name="Unselect Same Shipping Address Checkbox" library="Checkout">
<status status="NOT RUN" starttime="20220131 13:42:43.245" endtime="20220131 13:42:43.245"/>
</kw>
<status status="NOT RUN" starttime="20220131 13:42:43.245" endtime="20220131 13:42:43.245"/>
</branch>
<status status="PASS" starttime="20220131 13:42:42.982" endtime="20220131 13:42:43.245"/>
</if>
<kw name="Fill Default Billing Address Form And Continue">
<kw name="Fill Billing Address Form" library="Checkout">
<arg>firstName=${test_data}[checkout][firstname]</arg>
<arg>lastName=${test_data}[checkout][lastname]</arg>
<arg>email=${test_data}[checkout][valid_email]</arg>
<arg>country=${test_data}[checkout][country]</arg>
<arg>state=${test_data}[checkout][state]</arg>
<arg>city=${test_data}[checkout][city]</arg>
<arg>addr1=${test_data}[checkout][addr1]</arg>
<arg>addr2=${test_data}[checkout][addr2]</arg>
<arg>zip=${test_data}[checkout][zip]</arg>
<arg>phone=${test_data}[checkout][phone]</arg>
<arg>company=${test_data}[checkout][company]</arg>
<arg>fax=${test_data}[checkout][fax]</arg>
<kw name="Fill Address Form" library="Checkout">
<arg>addr_type=billing_addr</arg>
<arg>firstName=${firstName}</arg>
<arg>lastName=${lastName}</arg>
<arg>email=${email}</arg>
<arg>country=${country}</arg>
<arg>city=${city}</arg>
<arg>addr1=${addr1}</arg>
<arg>zip=${zip}</arg>
<arg>phone=${phone}</arg>
<arg>state=${state}</arg>
<arg>company=${company}</arg>
<arg>addr2=${addr2}</arg>
<arg>fax=${fax}</arg>
<kw name="Input Address Form FirstName" library="Checkout">
<arg>${addr_type}</arg>
<arg>${firstName}</arg>
<kw name="Wait Until Keyword Succeeds" library="BuiltIn">
<arg>5 times</arg>
<arg>10 seconds</arg>
<arg>Input Text</arg>
<arg>${checkout}[${addr_type}][firstname]</arg>
<arg>${firstName}</arg>
<doc>Runs the specified keyword and retries if it fails.</doc>
<kw name="Input Text" library="SeleniumLibrary">
<arg>${checkout}[${addr_type}][firstname]</arg>
<arg>${firstName}</arg>
<doc>Types the given ``text`` into the text field identified by ``locator``.</doc>
<msg timestamp="20220131 13:42:43.261" level="INFO">Typing text 'david' into text field '//*[@id="BillingNewAddress_FirstName"]'.</msg>
<status status="PASS" starttime="20220131 13:42:43.261" endtime="20220131 13:42:43.519"/>
</kw>
<status status="PASS" starttime="20220131 13:42:43.261" endtime="20220131 13:42:43.519"/>
</kw>
<status status="PASS" starttime="20220131 13:42:43.261" endtime="20220131 13:42:43.519"/>
</kw>
<kw name="Input Address Form LastName" library="Checkout">
<arg>${addr_type}</arg>
<arg>${lastName}</arg>
<kw name="Wait Until Keyword Succeeds" library="BuiltIn">
<arg>5 times</arg>
<arg>10 seconds</arg>
<arg>Input Text</arg>
<arg>${checkout}[${addr_type}][lastname]</arg>
<arg>${lastName}</arg>
<doc>Runs the specified keyword and retries if it fails.</doc>
<kw name="Input Text" library="SeleniumLibrary">
<arg>${checkout}[${addr_type}][lastname]</arg>
<arg>${lastName}</arg>
<doc>Types the given ``text`` into the text field identified by ``locator``.</doc>
<msg timestamp="20220131 13:42:43.527" level="INFO">Typing text 'knuth' into text field '//*[@id="BillingNewAddress_LastName"]'.</msg>
<status status="PASS" starttime="20220131 13:42:43.519" endtime="20220131 13:42:43.619"/>
</kw>
<status status="PASS" starttime="20220131 13:42:43.519" endtime="20220131 13:42:43.619"/>
</kw>
<status status="PASS" starttime="20220131 13:42:43.519" endtime="20220131 13:42:43.619"/>
</kw>
<kw name="Input Address Form Email" library="Checkout">
<arg>${addr_type}</arg>
<arg>${email}</arg>
<kw name="Wait Until Keyword Succeeds" library="BuiltIn">
<arg>5 times</arg>
<arg>10 seconds</arg>
<arg>Input Text</arg>
<arg>${checkout}[${addr_type}][email]</arg>
<arg>${email}</arg>
<doc>Runs the specified keyword and retries if it fails.</doc>
<kw name="Input Text" library="SeleniumLibrary">
<arg>${checkout}[${addr_type}][email]</arg>
<arg>${email}</arg>
<doc>Types the given ``text`` into the text field identified by ``locator``.</doc>
<msg timestamp="20220131 13:42:43.619" level="INFO">Typing text 'davidknuth@mail.com' into text field '//*[@id="BillingNewAddress_Email"]'.</msg>
<status status="PASS" starttime="20220131 13:42:43.619" endtime="20220131 13:42:43.724"/>
</kw>
<status status="PASS" starttime="20220131 13:42:43.619" endtime="20220131 13:42:43.724"/>
</kw>
<status status="PASS" starttime="20220131 13:42:43.619" endtime="20220131 13:42:43.724"/>
</kw>
<if>
<branch type="IF" condition="&quot;${company}&quot; != &quot;${None}&quot;">
<kw name="Input Address Form Company" library="Checkout">
<arg>${addr_type}</arg>
<arg>${company}</arg>
<kw name="Wait Until Keyword Succeeds" library="BuiltIn">
<arg>5 times</arg>
<arg>10 seconds</arg>
<arg>Input Text</arg>
<arg>${checkout}[${addr_type}][company]</arg>
<arg>${company}</arg>
<doc>Runs the specified keyword and retries if it fails.</doc>
<kw name="Input Text" library="SeleniumLibrary">
<arg>${checkout}[${addr_type}][company]</arg>
<arg>${company}</arg>
<doc>Types the given ``text`` into the text field identified by ``locator``.</doc>
<msg timestamp="20220131 13:42:43.724" level="INFO">Typing text 'acme' into text field '//*[@id="BillingNewAddress_Company"]'.</msg>
<status status="PASS" starttime="20220131 13:42:43.724" endtime="20220131 13:42:43.808"/>
</kw>
<status status="PASS" starttime="20220131 13:42:43.724" endtime="20220131 13:42:43.808"/>
</kw>
<status status="PASS" starttime="20220131 13:42:43.724" endtime="20220131 13:42:43.808"/>
</kw>
<status status="PASS" starttime="20220131 13:42:43.724" endtime="20220131 13:42:43.808"/>
</branch>
<status status="PASS" starttime="20220131 13:42:43.724" endtime="20220131 13:42:43.808"/>
</if>
<kw name="Select Address Form Country" library="Checkout">
<arg>${addr_type}</arg>
<arg>${country}</arg>
<kw name="Wait Until Keyword Succeeds" library="BuiltIn">
<arg>5 times</arg>
<arg>10 seconds</arg>
<arg>Select From List By Value</arg>
<arg>${checkout}[${addr_type}][country]</arg>
<arg>${country}</arg>
<doc>Runs the specified keyword and retries if it fails.</doc>
<kw name="Select From List By Value" library="SeleniumLibrary">
<arg>${checkout}[${addr_type}][country]</arg>
<arg>${country}</arg>
<doc>Selects options from selection list ``locator`` by ``values``.</doc>
<msg timestamp="20220131 13:42:43.816" level="INFO">Selecting options from selection list '//*[@id="BillingNewAddress_CountryId"]' by value 1.</msg>
<status status="PASS" starttime="20220131 13:42:43.816" endtime="20220131 13:42:43.876"/>
</kw>
<status status="PASS" starttime="20220131 13:42:43.808" endtime="20220131 13:42:43.876"/>
</kw>
<status status="PASS" starttime="20220131 13:42:43.808" endtime="20220131 13:42:43.876"/>
</kw>
<kw name="Select Address Form State" library="Checkout">
<arg>${addr_type}</arg>
<arg>${state}</arg>
<kw name="Wait Until Keyword Succeeds" library="BuiltIn">
<arg>5 times</arg>
<arg>10 seconds</arg>
<arg>Select From List By Value</arg>
<arg>${checkout}[${addr_type}][state]</arg>
<arg>${state}</arg>
<doc>Runs the specified keyword and retries if it fails.</doc>
<kw name="Select From List By Value" library="SeleniumLibrary">
<arg>${checkout}[${addr_type}][state]</arg>
<arg>${state}</arg>
<doc>Selects options from selection list ``locator`` by ``values``.</doc>
<msg timestamp="20220131 13:42:43.876" level="INFO">Selecting options from selection list '//*[@id="BillingNewAddress_StateProvinceId"]' by value 52.</msg>
<msg timestamp="20220131 13:42:44.012" level="INFO" html="true">&lt;/td&gt;&lt;/tr&gt;&lt;tr&gt;&lt;td colspan="3"&gt;&lt;a href="selenium-screenshot-17.png"&gt;&lt;img src="selenium-screenshot-17.png" width="800px"&gt;&lt;/a&gt;</msg>
<msg timestamp="20220131 13:42:44.012" level="FAIL">NoSuchElementException: Message: Cannot locate option with value: 52
</msg>
<status status="FAIL" starttime="20220131 13:42:43.876" endtime="20220131 13:42:44.012"/>
</kw>
<kw name="Select From List By Value" library="SeleniumLibrary">
<arg>${checkout}[${addr_type}][state]</arg>
<arg>${state}</arg>
<doc>Selects options from selection list ``locator`` by ``values``.</doc>
<msg timestamp="20220131 13:42:54.019" level="INFO">Selecting options from selection list '//*[@id="BillingNewAddress_StateProvinceId"]' by value 52.</msg>
<status status="PASS" starttime="20220131 13:42:54.019" endtime="20220131 13:42:54.173"/>
</kw>
<status status="PASS" starttime="20220131 13:42:43.876" endtime="20220131 13:42:54.173"/>
</kw>
<status status="PASS" starttime="20220131 13:42:43.876" endtime="20220131 13:42:54.173"/>
</kw>
<kw name="Input Address Form City" library="Checkout">
<arg>${addr_type}</arg>
<arg>${city}</arg>
<kw name="Wait Until Keyword Succeeds" library="BuiltIn">
<arg>5 times</arg>
<arg>10 seconds</arg>
<arg>Input Text</arg>
<arg>${checkout}[${addr_type}][city]</arg>
<arg>${city}</arg>
<doc>Runs the specified keyword and retries if it fails.</doc>
<kw name="Input Text" library="SeleniumLibrary">
<arg>${checkout}[${addr_type}][city]</arg>
<arg>${city}</arg>
<doc>Types the given ``text`` into the text field identified by ``locator``.</doc>
<msg timestamp="20220131 13:42:54.181" level="INFO">Typing text 'Anchorage' into text field '//*[@id="BillingNewAddress_City"]'.</msg>
<status status="PASS" starttime="20220131 13:42:54.181" endtime="20220131 13:42:54.316"/>
</kw>
<status status="PASS" starttime="20220131 13:42:54.181" endtime="20220131 13:42:54.316"/>
</kw>
<status status="PASS" starttime="20220131 13:42:54.173" endtime="20220131 13:42:54.316"/>
</kw>
<kw name="Input Address Form Addr1" library="Checkout">
<arg>${addr_type}</arg>
<arg>${addr1}</arg>
<kw name="Wait Until Keyword Succeeds" library="BuiltIn">
<arg>5 times</arg>
<arg>10 seconds</arg>
<arg>Input Text</arg>
<arg>${checkout}[${addr_type}][addr1]</arg>
<arg>${addr1}</arg>
<doc>Runs the specified keyword and retries if it fails.</doc>
<kw name="Input Text" library="SeleniumLibrary">
<arg>${checkout}[${addr_type}][addr1]</arg>
<arg>${addr1}</arg>
<doc>Types the given ``text`` into the text field identified by ``locator``.</doc>
<msg timestamp="20220131 13:42:54.316" level="INFO">Typing text 'house no. 123' into text field '//*[@id="BillingNewAddress_Address1"]'.</msg>
<status status="PASS" starttime="20220131 13:42:54.316" endtime="20220131 13:42:54.437"/>
</kw>
<status status="PASS" starttime="20220131 13:42:54.316" endtime="20220131 13:42:54.437"/>
</kw>
<status status="PASS" starttime="20220131 13:42:54.316" endtime="20220131 13:42:54.437"/>
</kw>
<if>
<branch type="IF" condition="&quot;${addr2}&quot; != &quot;${None}&quot;">
<kw name="Input Address Form Addr2" library="Checkout">
<arg>${addr_type}</arg>
<arg>${addr2}</arg>
<kw name="Wait Until Keyword Succeeds" library="BuiltIn">
<arg>5 times</arg>
<arg>10 seconds</arg>
<arg>Input Text</arg>
<arg>${checkout}[${addr_type}][addr2]</arg>
<arg>${addr2}</arg>
<doc>Runs the specified keyword and retries if it fails.</doc>
<kw name="Input Text" library="SeleniumLibrary">
<arg>${checkout}[${addr_type}][addr2]</arg>
<arg>${addr2}</arg>
<doc>Types the given ``text`` into the text field identified by ``locator``.</doc>
<msg timestamp="20220131 13:42:54.437" level="INFO">Typing text 'abc street' into text field '//*[@id="BillingNewAddress_Address2"]'.</msg>
<status status="PASS" starttime="20220131 13:42:54.437" endtime="20220131 13:42:54.535"/>
</kw>
<status status="PASS" starttime="20220131 13:42:54.437" endtime="20220131 13:42:54.535"/>
</kw>
<status status="PASS" starttime="20220131 13:42:54.437" endtime="20220131 13:42:54.535"/>
</kw>
<status status="PASS" starttime="20220131 13:42:54.437" endtime="20220131 13:42:54.535"/>
</branch>
<status status="PASS" starttime="20220131 13:42:54.437" endtime="20220131 13:42:54.535"/>
</if>
<kw name="Input Address Form Zip" library="Checkout">
<arg>${addr_type}</arg>
<arg>${zip}</arg>
<kw name="Wait Until Keyword Succeeds" library="BuiltIn">
<arg>5 times</arg>
<arg>10 seconds</arg>
<arg>Input Text</arg>
<arg>${checkout}[${addr_type}][zip]</arg>
<arg>${zip}</arg>
<doc>Runs the specified keyword and retries if it fails.</doc>
<kw name="Input Text" library="SeleniumLibrary">
<arg>${checkout}[${addr_type}][zip]</arg>
<arg>${zip}</arg>
<doc>Types the given ``text`` into the text field identified by ``locator``.</doc>
<msg timestamp="20220131 13:42:54.535" level="INFO">Typing text '99501' into text field '//*[@id="BillingNewAddress_ZipPostalCode"]'.</msg>
<status status="PASS" starttime="20220131 13:42:54.535" endtime="20220131 13:42:54.628"/>
</kw>
<status status="PASS" starttime="20220131 13:42:54.535" endtime="20220131 13:42:54.628"/>
</kw>
<status status="PASS" starttime="20220131 13:42:54.535" endtime="20220131 13:42:54.628"/>
</kw>
<kw name="Input Address Form Phone" library="Checkout">
<arg>${addr_type}</arg>
<arg>${phone}</arg>
<kw name="Wait Until Keyword Succeeds" library="BuiltIn">
<arg>5 times</arg>
<arg>10 seconds</arg>
<arg>Input Text</arg>
<arg>${checkout}[${addr_type}][phone]</arg>
<arg>${phone}</arg>
<doc>Runs the specified keyword and retries if it fails.</doc>
<kw name="Input Text" library="SeleniumLibrary">
<arg>${checkout}[${addr_type}][phone]</arg>
<arg>${phone}</arg>
<doc>Types the given ``text`` into the text field identified by ``locator``.</doc>
<msg timestamp="20220131 13:42:54.628" level="INFO">Typing text '98989282899' into text field '//*[@id="BillingNewAddress_PhoneNumber"]'.</msg>
<status status="PASS" starttime="20220131 13:42:54.628" endtime="20220131 13:42:54.717"/>
</kw>
<status status="PASS" starttime="20220131 13:42:54.628" endtime="20220131 13:42:54.717"/>
</kw>
<status status="PASS" starttime="20220131 13:42:54.628" endtime="20220131 13:42:54.717"/>
</kw>
<if>
<branch type="IF" condition="&quot;${fax}&quot; != &quot;${None}&quot;">
<kw name="Input Address Form Fax" library="Checkout">
<arg>${addr_type}</arg>
<arg>${fax}</arg>
<kw name="Wait Until Keyword Succeeds" library="BuiltIn">
<arg>5 times</arg>
<arg>10 seconds</arg>
<arg>Input Text</arg>
<arg>${checkout}[${addr_type}][fax]</arg>
<arg>${fax}</arg>
<doc>Runs the specified keyword and retries if it fails.</doc>
<kw name="Input Text" library="SeleniumLibrary">
<arg>${checkout}[${addr_type}][fax]</arg>
<arg>${fax}</arg>
<doc>Types the given ``text`` into the text field identified by ``locator``.</doc>
<msg timestamp="20220131 13:42:54.717" level="INFO">Typing text '123456' into text field '//*[@id="BillingNewAddress_FaxNumber"]'.</msg>
<status status="PASS" starttime="20220131 13:42:54.717" endtime="20220131 13:42:54.802"/>
</kw>
<status status="PASS" starttime="20220131 13:42:54.717" endtime="20220131 13:42:54.802"/>
</kw>
<status status="PASS" starttime="20220131 13:42:54.717" endtime="20220131 13:42:54.802"/>
</kw>
<status status="PASS" starttime="20220131 13:42:54.717" endtime="20220131 13:42:54.802"/>
</branch>
<status status="PASS" starttime="20220131 13:42:54.717" endtime="20220131 13:42:54.802"/>
</if>
<status status="PASS" starttime="20220131 13:42:43.245" endtime="20220131 13:42:54.802"/>
</kw>
<status status="PASS" starttime="20220131 13:42:43.245" endtime="20220131 13:42:54.802"/>
</kw>
<kw name="Click Billing Address Continue Button" library="Checkout">
<kw name="Wait Until Keyword Succeeds" library="BuiltIn">
<arg>5 times</arg>
<arg>10 seconds</arg>
<arg>Click Button</arg>
<arg>${checkout}[billing_addr][continue_button]</arg>
<doc>Runs the specified keyword and retries if it fails.</doc>
<kw name="Click Button" library="SeleniumLibrary">
<arg>${checkout}[billing_addr][continue_button]</arg>
<doc>Clicks the button identified by ``locator``.</doc>
<msg timestamp="20220131 13:42:54.810" level="INFO">Clicking button '//*[@id="billing-buttons-container"]/button[4]'.</msg>
<status status="PASS" starttime="20220131 13:42:54.810" endtime="20220131 13:42:54.865"/>
</kw>
<status status="PASS" starttime="20220131 13:42:54.802" endtime="20220131 13:42:54.865"/>
</kw>
<status status="PASS" starttime="20220131 13:42:54.802" endtime="20220131 13:42:54.865"/>
</kw>
<status status="PASS" starttime="20220131 13:42:43.245" endtime="20220131 13:42:54.865"/>
</kw>
<if>
<branch type="IF" condition="&quot;${same_shipping_addr}&quot;!=&quot;True&quot;">
<kw name="Verify Shipping Address Form Is Visible" library="Checkout">
<status status="NOT RUN" starttime="20220131 13:42:54.865" endtime="20220131 13:42:54.865"/>
</kw>
<kw name="Select Shipping Address As New Address" library="Checkout">
<status status="NOT RUN" starttime="20220131 13:42:54.865" endtime="20220131 13:42:54.865"/>
</kw>
<kw name="Fill Default Shipping Address Form And Continue">
<status status="NOT RUN" starttime="20220131 13:42:54.865" endtime="20220131 13:42:54.865"/>
</kw>
<status status="NOT RUN" starttime="20220131 13:42:54.865" endtime="20220131 13:42:54.865"/>
</branch>
<status status="PASS" starttime="20220131 13:42:54.865" endtime="20220131 13:42:54.865"/>
</if>
<kw name="Fill Shipping Method Form And Continue">
<arg>${shipping_type}</arg>
<kw name="Verify Shipping Method Form Is Visible" library="Checkout">
<kw name="Wait Until Keyword Succeeds" library="BuiltIn">
<arg>5 times</arg>
<arg>10 seconds</arg>
<arg>Element Should Be Visible</arg>
<arg>${checkout}[shipping_method][form]</arg>
<doc>Runs the specified keyword and retries if it fails.</doc>
<kw name="Element Should Be Visible" library="SeleniumLibrary">
<arg>${checkout}[shipping_method][form]</arg>
<doc>Verifies that the element identified by ``locator`` is visible.</doc>
<msg timestamp="20220131 13:42:54.988" level="INFO" html="true">&lt;/td&gt;&lt;/tr&gt;&lt;tr&gt;&lt;td colspan="3"&gt;&lt;a href="selenium-screenshot-18.png"&gt;&lt;img src="selenium-screenshot-18.png" width="800px"&gt;&lt;/a&gt;</msg>
<msg timestamp="20220131 13:42:54.988" level="FAIL">The element '//*[@id="co-shipping-method-form"]' should be visible, but it is not.</msg>
<status status="FAIL" starttime="20220131 13:42:54.865" endtime="20220131 13:42:54.988"/>
</kw>
<kw name="Element Should Be Visible" library="SeleniumLibrary">
<arg>${checkout}[shipping_method][form]</arg>
<doc>Verifies that the element identified by ``locator`` is visible.</doc>
<msg timestamp="20220131 13:43:05.030" level="INFO">Element '//*[@id="co-shipping-method-form"]' is displayed.</msg>
<status status="PASS" starttime="20220131 13:43:04.992" endtime="20220131 13:43:05.030"/>
</kw>
<status status="PASS" starttime="20220131 13:42:54.865" endtime="20220131 13:43:05.030"/>
</kw>
<status status="PASS" starttime="20220131 13:42:54.865" endtime="20220131 13:43:05.030"/>
</kw>
<if>
<branch type="IF" condition="&quot;${shipping_method}&quot; == &quot;Ground&quot;">
<kw name="Choose Shipping Method As Ground" library="Checkout">
<kw name="Wait Until Keyword Succeeds" library="BuiltIn">
<arg>5 times</arg>
<arg>10 seconds</arg>
<arg>Select Radio Button</arg>
<arg>${checkout}[shipping_method][radio_shipping_method]</arg>
<arg>Ground___Shipping.FixedByWeightByTotal</arg>
<doc>Runs the specified keyword and retries if it fails.</doc>
<kw name="Select Radio Button" library="SeleniumLibrary">
<arg>${checkout}[shipping_method][radio_shipping_method]</arg>
<arg>Ground___Shipping.FixedByWeightByTotal</arg>
<doc>Sets the radio button group ``group_name`` to ``value``.</doc>
<msg timestamp="20220131 13:43:05.030" level="INFO">Selecting 'Ground___Shipping.FixedByWeightByTotal' from radio button 'shippingoption'.</msg>
<status status="PASS" starttime="20220131 13:43:05.030" endtime="20220131 13:43:05.076"/>
</kw>
<status status="PASS" starttime="20220131 13:43:05.030" endtime="20220131 13:43:05.076"/>
</kw>
<kw name="Radio Button Should Be Set To" library="SeleniumLibrary">
<arg>${checkout}[shipping_method][radio_shipping_method]</arg>
<arg>Ground___Shipping.FixedByWeightByTotal</arg>
<doc>Verifies radio button group ``group_name`` is set to ``value``.</doc>
<msg timestamp="20220131 13:43:05.076" level="INFO">Verifying radio button 'shippingoption' has selection 'Ground___Shipping.FixedByWeightByTotal'.</msg>
<status status="PASS" starttime="20220131 13:43:05.076" endtime="20220131 13:43:05.130"/>
</kw>
<status status="PASS" starttime="20220131 13:43:05.030" endtime="20220131 13:43:05.130"/>
</kw>
<status status="PASS" starttime="20220131 13:43:05.030" endtime="20220131 13:43:05.130"/>
</branch>
<branch type="ELSE IF" condition="&quot;${shipping_method}&quot; == &quot;Next Day Air&quot;">
<kw name="Choose Shipping Method As Next Day Air" library="Checkout">
<status status="NOT RUN" starttime="20220131 13:43:05.130" endtime="20220131 13:43:05.130"/>
</kw>
<status status="NOT RUN" starttime="20220131 13:43:05.130" endtime="20220131 13:43:05.130"/>
</branch>
<branch type="ELSE IF" condition="&quot;${shipping_method}&quot; == &quot;Second Day Air&quot;">
<kw name="Choose Shipping Method As Second Day Air" library="Checkout">
<status status="NOT RUN" starttime="20220131 13:43:05.130" endtime="20220131 13:43:05.145"/>
</kw>
<status status="NOT RUN" starttime="20220131 13:43:05.130" endtime="20220131 13:43:05.145"/>
</branch>
<status status="PASS" starttime="20220131 13:43:05.030" endtime="20220131 13:43:05.145"/>
</if>
<kw name="Click Shipping Method Continue Button" library="Checkout">
<kw name="Wait Until Keyword Succeeds" library="BuiltIn">
<arg>5 times</arg>
<arg>10 seconds</arg>
<arg>Click Button</arg>
<arg>${checkout}[shipping_method][continue_button]</arg>
<doc>Runs the specified keyword and retries if it fails.</doc>
<kw name="Click Button" library="SeleniumLibrary">
<arg>${checkout}[shipping_method][continue_button]</arg>
<doc>Clicks the button identified by ``locator``.</doc>
<msg timestamp="20220131 13:43:05.145" level="INFO">Clicking button '//*[@id="shipping-method-buttons-container"]/button'.</msg>
<status status="PASS" starttime="20220131 13:43:05.145" endtime="20220131 13:43:05.258"/>
</kw>
<status status="PASS" starttime="20220131 13:43:05.145" endtime="20220131 13:43:05.258"/>
</kw>
<status status="PASS" starttime="20220131 13:43:05.145" endtime="20220131 13:43:05.258"/>
</kw>
<status status="PASS" starttime="20220131 13:42:54.865" endtime="20220131 13:43:05.258"/>
</kw>
<kw name="Fill Payment Method Form And Continue">
<arg>${payment_method}</arg>
<kw name="Verify Payment Method Form Is Visible" library="Checkout">
<kw name="Wait Until Keyword Succeeds" library="BuiltIn">
<arg>5 times</arg>
<arg>10 seconds</arg>
<arg>Element Should Be Visible</arg>
<arg>${checkout}[payment_method][form]</arg>
<doc>Runs the specified keyword and retries if it fails.</doc>
<kw name="Element Should Be Visible" library="SeleniumLibrary">
<arg>${checkout}[payment_method][form]</arg>
<doc>Verifies that the element identified by ``locator`` is visible.</doc>
<msg timestamp="20220131 13:43:05.385" level="INFO" html="true">&lt;/td&gt;&lt;/tr&gt;&lt;tr&gt;&lt;td colspan="3"&gt;&lt;a href="selenium-screenshot-19.png"&gt;&lt;img src="selenium-screenshot-19.png" width="800px"&gt;&lt;/a&gt;</msg>
<msg timestamp="20220131 13:43:05.385" level="FAIL">The element '//*[@id="co-payment-method-form"]' should be visible, but it is not.</msg>
<status status="FAIL" starttime="20220131 13:43:05.258" endtime="20220131 13:43:05.385"/>
</kw>
<kw name="Element Should Be Visible" library="SeleniumLibrary">
<arg>${checkout}[payment_method][form]</arg>
<doc>Verifies that the element identified by ``locator`` is visible.</doc>
<msg timestamp="20220131 13:43:15.434" level="INFO">Element '//*[@id="co-payment-method-form"]' is displayed.</msg>
<status status="PASS" starttime="20220131 13:43:15.403" endtime="20220131 13:43:15.434"/>
</kw>
<status status="PASS" starttime="20220131 13:43:05.258" endtime="20220131 13:43:15.434"/>
</kw>
<status status="PASS" starttime="20220131 13:43:05.258" endtime="20220131 13:43:15.434"/>
</kw>
<if>
<branch type="IF" condition="&quot;${payment_method}&quot; == &quot;Check/Money Order&quot;">
<kw name="Choose Payment Method As Check Or Money Order" library="Checkout">
<kw name="Wait Until Keyword Succeeds" library="BuiltIn">
<arg>5 times</arg>
<arg>10 seconds</arg>
<arg>Select Radio Button</arg>
<arg>${checkout}[payment_method][radio_payment_method]</arg>
<arg>Payments.CheckMoneyOrder</arg>
<doc>Runs the specified keyword and retries if it fails.</doc>
<kw name="Select Radio Button" library="SeleniumLibrary">
<arg>${checkout}[payment_method][radio_payment_method]</arg>
<arg>Payments.CheckMoneyOrder</arg>
<doc>Sets the radio button group ``group_name`` to ``value``.</doc>
<msg timestamp="20220131 13:43:15.449" level="INFO">Selecting 'Payments.CheckMoneyOrder' from radio button 'paymentmethod'.</msg>
<status status="PASS" starttime="20220131 13:43:15.449" endtime="20220131 13:43:15.487"/>
</kw>
<status status="PASS" starttime="20220131 13:43:15.449" endtime="20220131 13:43:15.487"/>
</kw>
<kw name="Radio Button Should Be Set To" library="SeleniumLibrary">
<arg>${checkout}[payment_method][radio_payment_method]</arg>
<arg>Payments.CheckMoneyOrder</arg>
<doc>Verifies radio button group ``group_name`` is set to ``value``.</doc>
<msg timestamp="20220131 13:43:15.487" level="INFO">Verifying radio button 'paymentmethod' has selection 'Payments.CheckMoneyOrder'.</msg>
<status status="PASS" starttime="20220131 13:43:15.487" endtime="20220131 13:43:15.554"/>
</kw>
<status status="PASS" starttime="20220131 13:43:15.449" endtime="20220131 13:43:15.554"/>
</kw>
<status status="PASS" starttime="20220131 13:43:15.434" endtime="20220131 13:43:15.554"/>
</branch>
<branch type="ELSE IF" condition="&quot;${payment_method}&quot; == &quot;Credit Card&quot;">
<kw name="Choose Payment Method As Credit Card" library="Checkout">
<status status="NOT RUN" starttime="20220131 13:43:15.554" endtime="20220131 13:43:15.554"/>
</kw>
<status status="NOT RUN" starttime="20220131 13:43:15.554" endtime="20220131 13:43:15.554"/>
</branch>
<status status="PASS" starttime="20220131 13:43:15.434" endtime="20220131 13:43:15.554"/>
</if>
<kw name="Click Payment Method Continue Button" library="Checkout">
<kw name="Wait Until Keyword Succeeds" library="BuiltIn">
<arg>5 times</arg>
<arg>10 seconds</arg>
<arg>Click Button</arg>
<arg>${checkout}[payment_method][continue_button]</arg>
<doc>Runs the specified keyword and retries if it fails.</doc>
<kw name="Click Button" library="SeleniumLibrary">
<arg>${checkout}[payment_method][continue_button]</arg>
<doc>Clicks the button identified by ``locator``.</doc>
<msg timestamp="20220131 13:43:15.554" level="INFO">Clicking button '//*[@id="payment-method-buttons-container"]/button'.</msg>
<status status="PASS" starttime="20220131 13:43:15.554" endtime="20220131 13:43:15.695"/>
</kw>
<status status="PASS" starttime="20220131 13:43:15.554" endtime="20220131 13:43:15.695"/>
</kw>
<status status="PASS" starttime="20220131 13:43:15.554" endtime="20220131 13:43:15.695"/>
</kw>
<status status="PASS" starttime="20220131 13:43:05.258" endtime="20220131 13:43:15.695"/>
</kw>
<kw name="Fill Payment Details Form And Continue">
<arg>${payment_method}</arg>
<kw name="Verify Payment Information Form Is Visible" library="Checkout">
<kw name="Wait Until Keyword Succeeds" library="BuiltIn">
<arg>5 times</arg>
<arg>10 seconds</arg>
<arg>Element Should Be Visible</arg>
<arg>${checkout}[payment_info][form]</arg>
<doc>Runs the specified keyword and retries if it fails.</doc>
<kw name="Element Should Be Visible" library="SeleniumLibrary">
<arg>${checkout}[payment_info][form]</arg>
<doc>Verifies that the element identified by ``locator`` is visible.</doc>
<msg timestamp="20220131 13:43:15.907" level="INFO" html="true">&lt;/td&gt;&lt;/tr&gt;&lt;tr&gt;&lt;td colspan="3"&gt;&lt;a href="selenium-screenshot-20.png"&gt;&lt;img src="selenium-screenshot-20.png" width="800px"&gt;&lt;/a&gt;</msg>
<msg timestamp="20220131 13:43:15.907" level="FAIL">The element '//*[@id="co-payment-info-form"]' should be visible, but it is not.</msg>
<status status="FAIL" starttime="20220131 13:43:15.695" endtime="20220131 13:43:15.907"/>
</kw>
<kw name="Element Should Be Visible" library="SeleniumLibrary">
<arg>${checkout}[payment_info][form]</arg>
<doc>Verifies that the element identified by ``locator`` is visible.</doc>
<msg timestamp="20220131 13:43:25.972" level="INFO">Element '//*[@id="co-payment-info-form"]' is displayed.</msg>
<status status="PASS" starttime="20220131 13:43:25.919" endtime="20220131 13:43:25.972"/>
</kw>
<status status="PASS" starttime="20220131 13:43:15.695" endtime="20220131 13:43:25.972"/>
</kw>
<status status="PASS" starttime="20220131 13:43:15.695" endtime="20220131 13:43:25.972"/>
</kw>
<if>
<branch type="IF" condition="&quot;${payment_method}&quot; == &quot;Check/Money Order&quot;">
<kw name="Verify Check Or Money Order Payment Information Message" library="Checkout">
<kw name="Wait Until Keyword Succeeds" library="BuiltIn">
<arg>5 times</arg>
<arg>10 seconds</arg>
<arg>Page Should Contain</arg>
<arg>Mail Personal or Business Check, Cashier's Check or money order to:</arg>
<doc>Runs the specified keyword and retries if it fails.</doc>
<kw name="Page Should Contain" library="SeleniumLibrary">
<arg>Mail Personal or Business Check, Cashier's Check or money order to:</arg>
<doc>Verifies that current page contains ``text``.</doc>
<msg timestamp="20220131 13:43:26.003" level="INFO">Current page contains text 'Mail Personal or Business Check, Cashier's Check or money order to:'.</msg>
<status status="PASS" starttime="20220131 13:43:25.972" endtime="20220131 13:43:26.003"/>
</kw>
<status status="PASS" starttime="20220131 13:43:25.972" endtime="20220131 13:43:26.003"/>
</kw>
<status status="PASS" starttime="20220131 13:43:25.972" endtime="20220131 13:43:26.003"/>
</kw>
<status status="PASS" starttime="20220131 13:43:25.972" endtime="20220131 13:43:26.003"/>
</branch>
<branch type="ELSE IF" condition="&quot;${payment_method}&quot; == &quot;Credit Card&quot;">
<kw name="Verify Credit Card Payment Information Message" library="Checkout">
<status status="NOT RUN" starttime="20220131 13:43:26.003" endtime="20220131 13:43:26.003"/>
</kw>
<kw name="Fill Payment Information Credit Card Form" library="Checkout">
<arg>card_type=${test_data}[checkout][card_type]</arg>
<arg>cardholder_name=${test_data}[checkout][cardholder_name]</arg>
<arg>card_number=${test_data}[checkout][card_number]</arg>
<arg>expiration_month=${test_data}[checkout][expiration_month]</arg>
<arg>expiration_year=${test_data}[checkout][expiration_year]</arg>
<arg>card_code=${test_data}[checkout][card_code]</arg>
<status status="NOT RUN" starttime="20220131 13:43:26.003" endtime="20220131 13:43:26.003"/>
</kw>
<status status="NOT RUN" starttime="20220131 13:43:26.003" endtime="20220131 13:43:26.003"/>
</branch>
<status status="PASS" starttime="20220131 13:43:25.972" endtime="20220131 13:43:26.003"/>
</if>
<kw name="Click Payment Information Continue Button" library="Checkout">
<kw name="Wait Until Keyword Succeeds" library="BuiltIn">
<arg>5 times</arg>
<arg>10 seconds</arg>
<arg>Click Button</arg>
<arg>${checkout}[payment_info][continue_button]</arg>
<doc>Runs the specified keyword and retries if it fails.</doc>
<kw name="Click Button" library="SeleniumLibrary">
<arg>${checkout}[payment_info][continue_button]</arg>
<doc>Clicks the button identified by ``locator``.</doc>
<msg timestamp="20220131 13:43:26.019" level="INFO">Clicking button '//*[@id="payment-info-buttons-container"]/button'.</msg>
<status status="PASS" starttime="20220131 13:43:26.003" endtime="20220131 13:43:26.144"/>
</kw>
<status status="PASS" starttime="20220131 13:43:26.003" endtime="20220131 13:43:26.144"/>
</kw>
<status status="PASS" starttime="20220131 13:43:26.003" endtime="20220131 13:43:26.144"/>
</kw>
<status status="PASS" starttime="20220131 13:43:15.695" endtime="20220131 13:43:26.144"/>
</kw>
<kw name="Verify Confirm Order Form Is Visible" library="Checkout">
<kw name="Wait Until Keyword Succeeds" library="BuiltIn">
<arg>5 times</arg>
<arg>10 seconds</arg>
<arg>Element Should Be Visible</arg>
<arg>${checkout}[confirm_order][form]</arg>
<doc>Runs the specified keyword and retries if it fails.</doc>
<kw name="Element Should Be Visible" library="SeleniumLibrary">
<arg>${checkout}[confirm_order][form]</arg>
<doc>Verifies that the element identified by ``locator`` is visible.</doc>
<msg timestamp="20220131 13:43:26.347" level="INFO" html="true">&lt;/td&gt;&lt;/tr&gt;&lt;tr&gt;&lt;td colspan="3"&gt;&lt;a href="selenium-screenshot-21.png"&gt;&lt;img src="selenium-screenshot-21.png" width="800px"&gt;&lt;/a&gt;</msg>
<msg timestamp="20220131 13:43:26.347" level="FAIL">The element '//*[@id="checkout-step-confirm-order"]' should be visible, but it is not.</msg>
<status status="FAIL" starttime="20220131 13:43:26.144" endtime="20220131 13:43:26.347"/>
</kw>
<kw name="Element Should Be Visible" library="SeleniumLibrary">
<arg>${checkout}[confirm_order][form]</arg>
<doc>Verifies that the element identified by ``locator`` is visible.</doc>
<msg timestamp="20220131 13:43:36.378" level="INFO">Element '//*[@id="checkout-step-confirm-order"]' is displayed.</msg>
<status status="PASS" starttime="20220131 13:43:36.347" endtime="20220131 13:43:36.378"/>
</kw>
<status status="PASS" starttime="20220131 13:43:26.144" endtime="20220131 13:43:36.378"/>
</kw>
<status status="PASS" starttime="20220131 13:43:26.144" endtime="20220131 13:43:36.378"/>
</kw>
<kw name="Click Confirm Order Button" library="Checkout">
<kw name="Wait Until Keyword Succeeds" library="BuiltIn">
<arg>5 times</arg>
<arg>10 seconds</arg>
<arg>Click Button</arg>
<arg>${checkout}[confirm_order][confirm_order_button]</arg>
<doc>Runs the specified keyword and retries if it fails.</doc>
<kw name="Click Button" library="SeleniumLibrary">
<arg>${checkout}[confirm_order][confirm_order_button]</arg>
<doc>Clicks the button identified by ``locator``.</doc>
<msg timestamp="20220131 13:43:36.401" level="INFO">Clicking button '//*[@id="confirm-order-buttons-container"]/button'.</msg>
<status status="PASS" starttime="20220131 13:43:36.401" endtime="20220131 13:43:36.553"/>
</kw>
<status status="PASS" starttime="20220131 13:43:36.378" endtime="20220131 13:43:36.553"/>
</kw>
<status status="PASS" starttime="20220131 13:43:36.378" endtime="20220131 13:43:36.553"/>
</kw>
<status status="PASS" starttime="20220131 13:42:42.974" endtime="20220131 13:43:36.553"/>
</kw>
<kw name="Verify Successful Checkout" library="Checkout">
<kw name="Wait Until Keyword Succeeds" library="BuiltIn">
<arg>5 times</arg>
<arg>10 seconds</arg>
<arg>Page Should Contain</arg>
<arg>Thank you</arg>
<doc>Runs the specified keyword and retries if it fails.</doc>
<kw name="Page Should Contain" library="SeleniumLibrary">
<arg>Thank you</arg>
<doc>Verifies that current page contains ``text``.</doc>
<msg timestamp="20220131 13:43:36.723" level="INFO" html="true">&lt;/td&gt;&lt;/tr&gt;&lt;tr&gt;&lt;td colspan="3"&gt;&lt;a href="selenium-screenshot-22.png"&gt;&lt;img src="selenium-screenshot-22.png" width="800px"&gt;&lt;/a&gt;</msg>
<msg timestamp="20220131 13:43:36.723" level="FAIL">Page should have contained text 'Thank you' but did not.</msg>
<status status="FAIL" starttime="20220131 13:43:36.561" endtime="20220131 13:43:36.723"/>
</kw>
<kw name="Page Should Contain" library="SeleniumLibrary">
<arg>Thank you</arg>
<doc>Verifies that current page contains ``text``.</doc>
<msg timestamp="20220131 13:43:46.750" level="INFO">Current page contains text 'Thank you'.</msg>
<status status="PASS" starttime="20220131 13:43:46.728" endtime="20220131 13:43:46.750"/>
</kw>
<status status="PASS" starttime="20220131 13:43:36.553" endtime="20220131 13:43:46.750"/>
</kw>
<kw name="Wait Until Keyword Succeeds" library="BuiltIn">
<arg>5 times</arg>
<arg>10 seconds</arg>
<arg>Page Should Contain</arg>
<arg>Your order has been successfully processed!</arg>
<doc>Runs the specified keyword and retries if it fails.</doc>
<kw name="Page Should Contain" library="SeleniumLibrary">
<arg>Your order has been successfully processed!</arg>
<doc>Verifies that current page contains ``text``.</doc>
<msg timestamp="20220131 13:43:46.781" level="INFO">Current page contains text 'Your order has been successfully processed!'.</msg>
<status status="PASS" starttime="20220131 13:43:46.750" endtime="20220131 13:43:46.781"/>
</kw>
<status status="PASS" starttime="20220131 13:43:46.750" endtime="20220131 13:43:46.781"/>
</kw>
<status status="PASS" starttime="20220131 13:43:36.553" endtime="20220131 13:43:46.781"/>
</kw>
<kw name="Proceed To Order Details Page" library="Checkout">
<kw name="Wait Until Keyword Succeeds" library="BuiltIn">
<arg>5 times</arg>
<arg>10 seconds</arg>
<arg>Click Link</arg>
<arg>${checkout}[order_details_link]</arg>
<doc>Runs the specified keyword and retries if it fails.</doc>
<kw name="Click Link" library="SeleniumLibrary">
<arg>${checkout}[order_details_link]</arg>
<doc>Clicks a link identified by ``locator``.</doc>
<msg timestamp="20220131 13:43:46.781" level="INFO">Clicking link '//a[contains(text(),'Click here for order details.')]'.</msg>
<status status="PASS" starttime="20220131 13:43:46.781" endtime="20220131 13:43:52.386"/>
</kw>
<status status="PASS" starttime="20220131 13:43:46.781" endtime="20220131 13:43:52.386"/>
</kw>
<status status="PASS" starttime="20220131 13:43:46.781" endtime="20220131 13:43:52.386"/>
</kw>
<kw name="Verify Order Details Are Visible" library="Checkout">
<kw name="Element Should Be Visible" library="SeleniumLibrary">
<arg>${checkout}[order_details_info]</arg>
<doc>Verifies that the element identified by ``locator`` is visible.</doc>
<msg timestamp="20220131 13:43:52.478" level="INFO">Element 'class:order-details-page' is displayed.</msg>
<status status="PASS" starttime="20220131 13:43:52.394" endtime="20220131 13:43:52.478"/>
</kw>
<kw name="Page Should Contain" library="SeleniumLibrary">
<arg>Order information</arg>
<doc>Verifies that current page contains ``text``.</doc>
<msg timestamp="20220131 13:43:52.525" level="INFO">Current page contains text 'Order information'.</msg>
<status status="PASS" starttime="20220131 13:43:52.478" endtime="20220131 13:43:52.525"/>
</kw>
<status status="PASS" starttime="20220131 13:43:52.394" endtime="20220131 13:43:52.525"/>
</kw>
<kw name="Close All Browsers" library="SeleniumLibrary">
<doc>Closes all open browsers and resets the browser cache.</doc>
<status status="PASS" starttime="20220131 13:43:52.525" endtime="20220131 13:43:54.701"/>
</kw>
<doc>Test the workflow of adding Nike shoes to cart, checking out as guest, using ground shipping and check or money order payment</doc>
<tag>TestCase1</tag>
<tag>WebUI</tag>
<tag>WebUI_Workflow</tag>
<status status="PASS" starttime="20220131 13:42:15.548" endtime="20220131 13:43:54.701"/>
</test>
<test id="s1-t2" name="Shopping for Custom T-shirt As Registered User Using Next Day Air Shipping And Check Or Money Order Payment">
<kw name="Open Webui" library="Common_Utils">
<arg>${browser}</arg>
<arg>${url}</arg>
<doc>Open demo nopcommerce WebUI</doc>
<kw name="Log" library="BuiltIn">
<arg>Browser: ${browser}</arg>
<arg>HTML</arg>
<arg>console=true</arg>
<doc>Logs the given message with the given level.</doc>
<msg timestamp="20220131 13:43:54.701" level="INFO" html="true">Browser: Chrome</msg>
<status status="PASS" starttime="20220131 13:43:54.701" endtime="20220131 13:43:54.701"/>
</kw>
<kw name="Log" library="BuiltIn">
<arg>URL: ${url}</arg>
<arg>HTML</arg>
<arg>console=true</arg>
<doc>Logs the given message with the given level.</doc>
<msg timestamp="20220131 13:43:54.716" level="INFO" html="true">URL: https://demo.nopcommerce.com/</msg>
<status status="PASS" starttime="20220131 13:43:54.716" endtime="20220131 13:43:54.716"/>
</kw>
<kw name="Wait Until Keyword Succeeds" library="BuiltIn">
<arg>3 times</arg>
<arg>5 seconds</arg>
<arg>Open Webui Repeat</arg>
<arg>${browser}</arg>
<arg>${url}</arg>
<doc>Runs the specified keyword and retries if it fails.</doc>
<kw name="Open Webui Repeat" library="Common_Utils">
<arg>${browser}</arg>
<arg>${url}</arg>
<kw name="Run Keyword If" library="BuiltIn">
<arg>'${browser}'=='Firefox'</arg>
<arg>Setup Firefox</arg>
<arg>${url}</arg>
<arg>ELSE IF</arg>
<arg>'${browser}'=='Chrome'</arg>
<arg>Setup Chrome</arg>
<arg>${url}</arg>
<arg>ELSE IF</arg>
<arg>'${browser}'=='Edge'</arg>
<arg>Setup Edge</arg>
<arg>${url}</arg>
<doc>Runs the given keyword with the given arguments, if ``condition`` is true.</doc>
<kw name="Setup Chrome" library="Common_Utils">
<arg>${url}</arg>
<kw name="Log" library="BuiltIn">
<arg>Setting up Chrome</arg>
<arg>console=${True}</arg>
<doc>Logs the given message with the given level.</doc>
<msg timestamp="20220131 13:43:54.732" level="INFO">Setting up Chrome</msg>
<status status="PASS" starttime="20220131 13:43:54.716" endtime="20220131 13:43:54.732"/>
</kw>
<kw name="Log To Console" library="BuiltIn">
<arg>Opening browser with popup blocking disabled and ignoring certificate error</arg>
<doc>Logs the given message to the console.</doc>
<status status="PASS" starttime="20220131 13:43:54.732" endtime="20220131 13:43:54.732"/>
</kw>
<kw name="Open Browser" library="SeleniumLibrary">
<arg>${url}</arg>
<arg>Chrome</arg>
<arg>options=add_argument("--disable-popup-blocking"); add_argument("--ignore-certificate-errors")</arg>
<doc>Opens a new browser instance to the optional ``url``.</doc>
<msg timestamp="20220131 13:43:54.732" level="INFO">Opening browser 'Chrome' to base url 'https://demo.nopcommerce.com/'.</msg>
<status status="PASS" starttime="20220131 13:43:54.732" endtime="20220131 13:44:00.561"/>
</kw>
<status status="PASS" starttime="20220131 13:43:54.716" endtime="20220131 13:44:00.561"/>
</kw>
<status status="PASS" starttime="20220131 13:43:54.716" endtime="20220131 13:44:00.561"/>
</kw>
<kw name="Log To Console" library="BuiltIn">
<arg>Setting window size to 1920x1000 for standard execution across displays</arg>
<doc>Logs the given message to the console.</doc>
<status status="PASS" starttime="20220131 13:44:00.561" endtime="20220131 13:44:00.561"/>
</kw>
<kw name="Set Window Size" library="SeleniumLibrary">
<arg>1920</arg>
<arg>1000</arg>
<doc>Sets current windows size to given ``width`` and ``height``.</doc>
<status status="PASS" starttime="20220131 13:44:00.561" endtime="20220131 13:44:00.696"/>
</kw>
<kw name="Get Window Size" library="SeleniumLibrary">
<var>${width}</var>
<var>${height}</var>
<doc>Returns current window width and height as integers.</doc>
<msg timestamp="20220131 13:44:00.696" level="INFO">${width} = 1386</msg>
<msg timestamp="20220131 13:44:00.696" level="INFO">${height} = 788</msg>
<status status="PASS" starttime="20220131 13:44:00.696" endtime="20220131 13:44:00.696"/>
</kw>
<kw name="Log To Console" library="BuiltIn">
<arg>Window: width: ${width} height: ${height}</arg>
<doc>Logs the given message to the console.</doc>
<status status="PASS" starttime="20220131 13:44:00.696" endtime="20220131 13:44:00.703"/>
</kw>
<kw name="Wait Until Element Is Enabled" library="SeleniumLibrary">
<arg>${home}[logo_image]</arg>
<arg>timeout=30</arg>
<doc>Waits until the element ``locator`` is enabled.</doc>
<status status="PASS" starttime="20220131 13:44:00.703" endtime="20220131 13:44:00.751"/>
</kw>
<status status="PASS" starttime="20220131 13:43:54.716" endtime="20220131 13:44:00.751"/>
</kw>
<status status="PASS" starttime="20220131 13:43:54.716" endtime="20220131 13:44:00.751"/>
</kw>
<status status="PASS" starttime="20220131 13:43:54.701" endtime="20220131 13:44:00.751"/>
</kw>
<kw name="Get Test Data From Pipe Separated String" library="Common_Utils">
<var>@{valid_emails}</var>
<arg>${test_data}[checkout][valid_emails]</arg>
<kw name="Split String" library="String">
<var>${data}</var>
<arg>${str}</arg>
<arg>|</arg>
<doc>Splits the ``string`` using ``separator`` as a delimiter string.</doc>
<msg timestamp="20220131 13:44:00.759" level="INFO">${data} = ['davidk@mail.com', 'dknuth@mail.com', 'dk@mail.com', 'dakn@mail.com', 'dk2@mail.com', 'davidknuth@mail.com']</msg>
<status status="PASS" starttime="20220131 13:44:00.759" endtime="20220131 13:44:00.759"/>
</kw>
<msg timestamp="20220131 13:44:00.759" level="INFO">@{valid_emails} = [ davidk@mail.com | dknuth@mail.com | dk@mail.com | dakn@mail.com | dk2@mail.com | davidknuth@mail.com ]</msg>
<status status="PASS" starttime="20220131 13:44:00.751" endtime="20220131 13:44:00.759"/>
</kw>
<kw name="Perform Default Registration And Continue">
<arg>email=${valid_emails}[0]</arg>
<doc>High level function to perform registration operations</doc>
<kw name="Proceed To Register Page" library="Home">
<doc>Navigate the browser to nopCommerce registration page</doc>
<kw name="Wait Until Keyword Succeeds" library="BuiltIn">
<arg>5 times</arg>
<arg>10 seconds</arg>
<arg>Click Link</arg>
<arg>${home}[register]</arg>
<doc>Runs the specified keyword and retries if it fails.</doc>
<kw name="Click Link" library="SeleniumLibrary">
<arg>${home}[register]</arg>
<doc>Clicks a link identified by ``locator``.</doc>
<msg timestamp="20220131 13:44:00.759" level="INFO">Clicking link '//a[contains(text(),'Register')]'.</msg>
<status status="PASS" starttime="20220131 13:44:00.759" endtime="20220131 13:44:02.673"/>
</kw>
<status status="PASS" starttime="20220131 13:44:00.759" endtime="20220131 13:44:02.673"/>
</kw>
<kw name="Wait Until Keyword Succeeds" library="BuiltIn">
<arg>5 times</arg>
<arg>10 seconds</arg>
<arg>Page Should Contain</arg>
<arg>Register</arg>
<doc>Runs the specified keyword and retries if it fails.</doc>
<kw name="Page Should Contain" library="SeleniumLibrary">
<arg>Register</arg>
<doc>Verifies that current page contains ``text``.</doc>
<msg timestamp="20220131 13:44:02.689" level="INFO">Current page contains text 'Register'.</msg>
<status status="PASS" starttime="20220131 13:44:02.673" endtime="20220131 13:44:02.689"/>
</kw>
<status status="PASS" starttime="20220131 13:44:02.673" endtime="20220131 13:44:02.689"/>
</kw>
<status status="PASS" starttime="20220131 13:44:00.759" endtime="20220131 13:44:02.689"/>
</kw>
<kw name="Fill Registration Form" library="Register">
<arg>firstName=${test_data}[register][firstname]</arg>
<arg>lastName=${test_data}[register][lastname]</arg>
<arg>email=${email}</arg>
<arg>password=${test_data}[register][valid_password]</arg>
<if>
<branch type="IF" condition="&quot;${gender}&quot; != &quot;${None}&quot;">
<if>
<branch type="IF" condition="&quot;${gender}&quot; == &quot;M&quot;">
<kw name="Choose Gender As Male" library="Register">
<status status="NOT RUN" starttime="20220131 13:44:02.689" endtime="20220131 13:44:02.689"/>
</kw>
<status status="NOT RUN" starttime="20220131 13:44:02.689" endtime="20220131 13:44:02.689"/>
</branch>
<branch type="ELSE">
<kw name="Choose Gender As Female" library="Register">
<status status="NOT RUN" starttime="20220131 13:44:02.689" endtime="20220131 13:44:02.689"/>
</kw>
<status status="NOT RUN" starttime="20220131 13:44:02.689" endtime="20220131 13:44:02.689"/>
</branch>
<status status="NOT RUN" starttime="20220131 13:44:02.689" endtime="20220131 13:44:02.697"/>
</if>
<status status="NOT RUN" starttime="20220131 13:44:02.689" endtime="20220131 13:44:02.697"/>
</branch>
<status status="PASS" starttime="20220131 13:44:02.689" endtime="20220131 13:44:02.697"/>
</if>
<kw name="Input FirstName" library="Register">
<arg>${firstName}</arg>
<kw name="Wait Until Keyword Succeeds" library="BuiltIn">
<arg>5 times</arg>
<arg>10 seconds</arg>
<arg>Input Text</arg>
<arg>${register}[firstname]</arg>
<arg>${firstName}</arg>
<doc>Runs the specified keyword and retries if it fails.</doc>
<kw name="Input Text" library="SeleniumLibrary">
<arg>${register}[firstname]</arg>
<arg>${firstName}</arg>
<doc>Types the given ``text`` into the text field identified by ``locator``.</doc>
<msg timestamp="20220131 13:44:02.697" level="INFO">Typing text 'david' into text field '//*[@id="FirstName"]'.</msg>
<status status="PASS" starttime="20220131 13:44:02.697" endtime="20220131 13:44:02.777"/>
</kw>
<status status="PASS" starttime="20220131 13:44:02.697" endtime="20220131 13:44:02.777"/>
</kw>
<status status="PASS" starttime="20220131 13:44:02.697" endtime="20220131 13:44:02.777"/>
</kw>
<kw name="Input LastName" library="Register">
<arg>${lastName}</arg>
<kw name="Wait Until Keyword Succeeds" library="BuiltIn">
<arg>5 times</arg>
<arg>10 seconds</arg>
<arg>Input Text</arg>
<arg>${register}[lastname]</arg>
<arg>${lastName}</arg>
<doc>Runs the specified keyword and retries if it fails.</doc>
<kw name="Input Text" library="SeleniumLibrary">
<arg>${register}[lastname]</arg>
<arg>${lastName}</arg>
<doc>Types the given ``text`` into the text field identified by ``locator``.</doc>
<msg timestamp="20220131 13:44:02.777" level="INFO">Typing text 'knuth' into text field '//*[@id="LastName"]'.</msg>
<status status="PASS" starttime="20220131 13:44:02.777" endtime="20220131 13:44:02.865"/>
</kw>
<status status="PASS" starttime="20220131 13:44:02.777" endtime="20220131 13:44:02.865"/>
</kw>
<status status="PASS" starttime="20220131 13:44:02.777" endtime="20220131 13:44:02.865"/>
</kw>
<kw name="Input Email" library="Register">
<arg>${email}</arg>
<kw name="Wait Until Keyword Succeeds" library="BuiltIn">
<arg>5 times</arg>
<arg>10 seconds</arg>
<arg>Input Text</arg>
<arg>${register}[email]</arg>
<arg>${email}</arg>
<doc>Runs the specified keyword and retries if it fails.</doc>
<kw name="Input Text" library="SeleniumLibrary">
<arg>${register}[email]</arg>
<arg>${email}</arg>
<doc>Types the given ``text`` into the text field identified by ``locator``.</doc>
<msg timestamp="20220131 13:44:02.873" level="INFO">Typing text 'davidk@mail.com' into text field '//*[@id="Email"]'.</msg>
<status status="PASS" starttime="20220131 13:44:02.865" endtime="20220131 13:44:02.965"/>
</kw>
<status status="PASS" starttime="20220131 13:44:02.865" endtime="20220131 13:44:02.965"/>
</kw>
[...]
<kw name="Choose Shipping Method As Next Day Air" library="Checkout">
<status status="NOT RUN" starttime="20220131 13:51:44.459" endtime="20220131 13:51:44.459"/>
</kw>
<status status="NOT RUN" starttime="20220131 13:51:44.459" endtime="20220131 13:51:44.459"/>
</branch>
<branch type="ELSE IF" condition="&quot;${shipping_method}&quot; == &quot;Second Day Air&quot;">
<kw name="Choose Shipping Method As Second Day Air" library="Checkout">
<status status="NOT RUN" starttime="20220131 13:51:44.459" endtime="20220131 13:51:44.459"/>
</kw>
<status status="NOT RUN" starttime="20220131 13:51:44.459" endtime="20220131 13:51:44.459"/>
</branch>
<status status="PASS" starttime="20220131 13:51:44.321" endtime="20220131 13:51:44.459"/>
</if>
<kw name="Click Shipping Method Continue Button" library="Checkout">
<kw name="Wait Until Keyword Succeeds" library="BuiltIn">
<arg>5 times</arg>
<arg>10 seconds</arg>
<arg>Click Button</arg>
<arg>${checkout}[shipping_method][continue_button]</arg>
<doc>Runs the specified keyword and retries if it fails.</doc>
<kw name="Click Button" library="SeleniumLibrary">
<arg>${checkout}[shipping_method][continue_button]</arg>
<doc>Clicks the button identified by ``locator``.</doc>
<msg timestamp="20220131 13:51:44.459" level="INFO">Clicking button '//*[@id="shipping-method-buttons-container"]/button'.</msg>
<status status="PASS" starttime="20220131 13:51:44.459" endtime="20220131 13:51:44.576"/>
</kw>
<status status="PASS" starttime="20220131 13:51:44.459" endtime="20220131 13:51:44.576"/>
</kw>
<status status="PASS" starttime="20220131 13:51:44.459" endtime="20220131 13:51:44.576"/>
</kw>
<status status="PASS" starttime="20220131 13:51:34.094" endtime="20220131 13:51:44.576"/>
</kw>
<kw name="Fill Payment Method Form And Continue">
<arg>${payment_method}</arg>
<kw name="Verify Payment Method Form Is Visible" library="Checkout">
<kw name="Wait Until Keyword Succeeds" library="BuiltIn">
<arg>5 times</arg>
<arg>10 seconds</arg>
<arg>Element Should Be Visible</arg>
<arg>${checkout}[payment_method][form]</arg>
<doc>Runs the specified keyword and retries if it fails.</doc>
<kw name="Element Should Be Visible" library="SeleniumLibrary">
<arg>${checkout}[payment_method][form]</arg>
<doc>Verifies that the element identified by ``locator`` is visible.</doc>
<msg timestamp="20220131 13:51:44.776" level="INFO" html="true">&lt;/td&gt;&lt;/tr&gt;&lt;tr&gt;&lt;td colspan="3"&gt;&lt;a href="selenium-screenshot-50.png"&gt;&lt;img src="selenium-screenshot-50.png" width="800px"&gt;&lt;/a&gt;</msg>
<msg timestamp="20220131 13:51:44.776" level="FAIL">The element '//*[@id="co-payment-method-form"]' should be visible, but it is not.</msg>
<status status="FAIL" starttime="20220131 13:51:44.576" endtime="20220131 13:51:44.776"/>
</kw>
<kw name="Element Should Be Visible" library="SeleniumLibrary">
<arg>${checkout}[payment_method][form]</arg>
<doc>Verifies that the element identified by ``locator`` is visible.</doc>
<msg timestamp="20220131 13:51:54.841" level="INFO">Element '//*[@id="co-payment-method-form"]' is displayed.</msg>
<status status="PASS" starttime="20220131 13:51:54.794" endtime="20220131 13:51:54.841"/>
</kw>
<status status="PASS" starttime="20220131 13:51:44.576" endtime="20220131 13:51:54.841"/>
</kw>
<status status="PASS" starttime="20220131 13:51:44.576" endtime="20220131 13:51:54.841"/>
</kw>
<if>
<branch type="IF" condition="&quot;${payment_method}&quot; == &quot;Check/Money Order&quot;">
<kw name="Choose Payment Method As Check Or Money Order" library="Checkout">
<kw name="Wait Until Keyword Succeeds" library="BuiltIn">
<arg>5 times</arg>
<arg>10 seconds</arg>
<arg>Select Radio Button</arg>
<arg>${checkout}[payment_method][radio_payment_method]</arg>
<arg>Payments.CheckMoneyOrder</arg>
<doc>Runs the specified keyword and retries if it fails.</doc>
<kw name="Select Radio Button" library="SeleniumLibrary">
<arg>${checkout}[payment_method][radio_payment_method]</arg>
<arg>Payments.CheckMoneyOrder</arg>
<doc>Sets the radio button group ``group_name`` to ``value``.</doc>
<msg timestamp="20220131 13:51:54.841" level="INFO">Selecting 'Payments.CheckMoneyOrder' from radio button 'paymentmethod'.</msg>
<status status="PASS" starttime="20220131 13:51:54.841" endtime="20220131 13:51:54.895"/>
</kw>
<status status="PASS" starttime="20220131 13:51:54.841" endtime="20220131 13:51:54.895"/>
</kw>
<kw name="Radio Button Should Be Set To" library="SeleniumLibrary">
<arg>${checkout}[payment_method][radio_payment_method]</arg>
<arg>Payments.CheckMoneyOrder</arg>
<doc>Verifies radio button group ``group_name`` is set to ``value``.</doc>
<msg timestamp="20220131 13:51:54.895" level="INFO">Verifying radio button 'paymentmethod' has selection 'Payments.CheckMoneyOrder'.</msg>
<status status="PASS" starttime="20220131 13:51:54.895" endtime="20220131 13:51:54.941"/>
</kw>
<status status="PASS" starttime="20220131 13:51:54.841" endtime="20220131 13:51:54.941"/>
</kw>
<status status="PASS" starttime="20220131 13:51:54.841" endtime="20220131 13:51:54.941"/>
</branch>
<branch type="ELSE IF" condition="&quot;${payment_method}&quot; == &quot;Credit Card&quot;">
<kw name="Choose Payment Method As Credit Card" library="Checkout">
<status status="NOT RUN" starttime="20220131 13:51:54.941" endtime="20220131 13:51:54.941"/>
</kw>
<status status="NOT RUN" starttime="20220131 13:51:54.941" endtime="20220131 13:51:54.941"/>
</branch>
<status status="PASS" starttime="20220131 13:51:54.841" endtime="20220131 13:51:54.941"/>
</if>
<kw name="Click Payment Method Continue Button" library="Checkout">
<kw name="Wait Until Keyword Succeeds" library="BuiltIn">
<arg>5 times</arg>
<arg>10 seconds</arg>
<arg>Click Button</arg>
<arg>${checkout}[payment_method][continue_button]</arg>
<doc>Runs the specified keyword and retries if it fails.</doc>
<kw name="Click Button" library="SeleniumLibrary">
<arg>${checkout}[payment_method][continue_button]</arg>
<doc>Clicks the button identified by ``locator``.</doc>
<msg timestamp="20220131 13:51:54.957" level="INFO">Clicking button '//*[@id="payment-method-buttons-container"]/button'.</msg>
<status status="PASS" starttime="20220131 13:51:54.941" endtime="20220131 13:51:55.060"/>
</kw>
<status status="PASS" starttime="20220131 13:51:54.941" endtime="20220131 13:51:55.060"/>
</kw>
<status status="PASS" starttime="20220131 13:51:54.941" endtime="20220131 13:51:55.060"/>
</kw>
<status status="PASS" starttime="20220131 13:51:44.576" endtime="20220131 13:51:55.060"/>
</kw>
<kw name="Fill Payment Details Form And Continue">
<arg>${payment_method}</arg>
<kw name="Verify Payment Information Form Is Visible" library="Checkout">
<kw name="Wait Until Keyword Succeeds" library="BuiltIn">
<arg>5 times</arg>
<arg>10 seconds</arg>
<arg>Element Should Be Visible</arg>
<arg>${checkout}[payment_info][form]</arg>
<doc>Runs the specified keyword and retries if it fails.</doc>
<kw name="Element Should Be Visible" library="SeleniumLibrary">
<arg>${checkout}[payment_info][form]</arg>
<doc>Verifies that the element identified by ``locator`` is visible.</doc>
<msg timestamp="20220131 13:51:55.198" level="INFO" html="true">&lt;/td&gt;&lt;/tr&gt;&lt;tr&gt;&lt;td colspan="3"&gt;&lt;a href="selenium-screenshot-51.png"&gt;&lt;img src="selenium-screenshot-51.png" width="800px"&gt;&lt;/a&gt;</msg>
<msg timestamp="20220131 13:51:55.214" level="FAIL">The element '//*[@id="co-payment-info-form"]' should be visible, but it is not.</msg>
<status status="FAIL" starttime="20220131 13:51:55.079" endtime="20220131 13:51:55.214"/>
</kw>
<kw name="Element Should Be Visible" library="SeleniumLibrary">
<arg>${checkout}[payment_info][form]</arg>
<doc>Verifies that the element identified by ``locator`` is visible.</doc>
<msg timestamp="20220131 13:52:05.254" level="INFO">Element '//*[@id="co-payment-info-form"]' is displayed.</msg>
<status status="PASS" starttime="20220131 13:52:05.217" endtime="20220131 13:52:05.254"/>
</kw>
<status status="PASS" starttime="20220131 13:51:55.076" endtime="20220131 13:52:05.254"/>
</kw>
<status status="PASS" starttime="20220131 13:51:55.076" endtime="20220131 13:52:05.254"/>
</kw>
<if>
<branch type="IF" condition="&quot;${payment_method}&quot; == &quot;Check/Money Order&quot;">
<kw name="Verify Check Or Money Order Payment Information Message" library="Checkout">
<kw name="Wait Until Keyword Succeeds" library="BuiltIn">
<arg>5 times</arg>
<arg>10 seconds</arg>
<arg>Page Should Contain</arg>
<arg>Mail Personal or Business Check, Cashier's Check or money order to:</arg>
<doc>Runs the specified keyword and retries if it fails.</doc>
<kw name="Page Should Contain" library="SeleniumLibrary">
<arg>Mail Personal or Business Check, Cashier's Check or money order to:</arg>
<doc>Verifies that current page contains ``text``.</doc>
<msg timestamp="20220131 13:52:05.301" level="INFO">Current page contains text 'Mail Personal or Business Check, Cashier's Check or money order to:'.</msg>
<status status="PASS" starttime="20220131 13:52:05.270" endtime="20220131 13:52:05.301"/>
</kw>
<status status="PASS" starttime="20220131 13:52:05.270" endtime="20220131 13:52:05.301"/>
</kw>
<status status="PASS" starttime="20220131 13:52:05.254" endtime="20220131 13:52:05.301"/>
</kw>
<status status="PASS" starttime="20220131 13:52:05.254" endtime="20220131 13:52:05.301"/>
</branch>
<branch type="ELSE IF" condition="&quot;${payment_method}&quot; == &quot;Credit Card&quot;">
<kw name="Verify Credit Card Payment Information Message" library="Checkout">
<status status="NOT RUN" starttime="20220131 13:52:05.301" endtime="20220131 13:52:05.301"/>
</kw>
<kw name="Fill Payment Information Credit Card Form" library="Checkout">
<arg>card_type=${test_data}[checkout][card_type]</arg>
<arg>cardholder_name=${test_data}[checkout][cardholder_name]</arg>
<arg>card_number=${test_data}[checkout][card_number]</arg>
<arg>expiration_month=${test_data}[checkout][expiration_month]</arg>
<arg>expiration_year=${test_data}[checkout][expiration_year]</arg>
<arg>card_code=${test_data}[checkout][card_code]</arg>
<status status="NOT RUN" starttime="20220131 13:52:05.301" endtime="20220131 13:52:05.301"/>
</kw>
<status status="NOT RUN" starttime="20220131 13:52:05.301" endtime="20220131 13:52:05.301"/>
</branch>
<status status="PASS" starttime="20220131 13:52:05.254" endtime="20220131 13:52:05.301"/>
</if>
<kw name="Click Payment Information Continue Button" library="Checkout">
<kw name="Wait Until Keyword Succeeds" library="BuiltIn">
<arg>5 times</arg>
<arg>10 seconds</arg>
<arg>Click Button</arg>
<arg>${checkout}[payment_info][continue_button]</arg>
<doc>Runs the specified keyword and retries if it fails.</doc>
<kw name="Click Button" library="SeleniumLibrary">
<arg>${checkout}[payment_info][continue_button]</arg>
<doc>Clicks the button identified by ``locator``.</doc>
<msg timestamp="20220131 13:52:05.317" level="INFO">Clicking button '//*[@id="payment-info-buttons-container"]/button'.</msg>
<status status="PASS" starttime="20220131 13:52:05.301" endtime="20220131 13:52:05.460"/>
</kw>
<status status="PASS" starttime="20220131 13:52:05.301" endtime="20220131 13:52:05.460"/>
</kw>
<status status="PASS" starttime="20220131 13:52:05.301" endtime="20220131 13:52:05.460"/>
</kw>
<status status="PASS" starttime="20220131 13:51:55.060" endtime="20220131 13:52:05.460"/>
</kw>
<kw name="Verify Confirm Order Form Is Visible" library="Checkout">
<kw name="Wait Until Keyword Succeeds" library="BuiltIn">
<arg>5 times</arg>
<arg>10 seconds</arg>
<arg>Element Should Be Visible</arg>
<arg>${checkout}[confirm_order][form]</arg>
<doc>Runs the specified keyword and retries if it fails.</doc>
<kw name="Element Should Be Visible" library="SeleniumLibrary">
<arg>${checkout}[confirm_order][form]</arg>
<doc>Verifies that the element identified by ``locator`` is visible.</doc>
<msg timestamp="20220131 13:52:05.614" level="INFO" html="true">&lt;/td&gt;&lt;/tr&gt;&lt;tr&gt;&lt;td colspan="3"&gt;&lt;a href="selenium-screenshot-52.png"&gt;&lt;img src="selenium-screenshot-52.png" width="800px"&gt;&lt;/a&gt;</msg>
<msg timestamp="20220131 13:52:05.614" level="FAIL">The element '//*[@id="checkout-step-confirm-order"]' should be visible, but it is not.</msg>
<status status="FAIL" starttime="20220131 13:52:05.468" endtime="20220131 13:52:05.614"/>
</kw>
<kw name="Element Should Be Visible" library="SeleniumLibrary">
<arg>${checkout}[confirm_order][form]</arg>
<doc>Verifies that the element identified by ``locator`` is visible.</doc>
<msg timestamp="20220131 13:52:15.641" level="INFO">Element '//*[@id="checkout-step-confirm-order"]' is displayed.</msg>
<status status="PASS" starttime="20220131 13:52:15.632" endtime="20220131 13:52:15.641"/>
</kw>
<status status="PASS" starttime="20220131 13:52:05.468" endtime="20220131 13:52:15.641"/>
</kw>
<status status="PASS" starttime="20220131 13:52:05.460" endtime="20220131 13:52:15.641"/>
</kw>
<kw name="Click Confirm Order Button" library="Checkout">
<kw name="Wait Until Keyword Succeeds" library="BuiltIn">
<arg>5 times</arg>
<arg>10 seconds</arg>
<arg>Click Button</arg>
<arg>${checkout}[confirm_order][confirm_order_button]</arg>
<doc>Runs the specified keyword and retries if it fails.</doc>
<kw name="Click Button" library="SeleniumLibrary">
<arg>${checkout}[confirm_order][confirm_order_button]</arg>
<doc>Clicks the button identified by ``locator``.</doc>
<msg timestamp="20220131 13:52:15.641" level="INFO">Clicking button '//*[@id="confirm-order-buttons-container"]/button'.</msg>
<status status="PASS" starttime="20220131 13:52:15.641" endtime="20220131 13:52:15.701"/>
</kw>
<status status="PASS" starttime="20220131 13:52:15.641" endtime="20220131 13:52:15.701"/>
</kw>
<status status="PASS" starttime="20220131 13:52:15.641" endtime="20220131 13:52:15.701"/>
</kw>
<status status="PASS" starttime="20220131 13:51:22.517" endtime="20220131 13:52:15.701"/>
</kw>
<kw name="Verify Successful Checkout" library="Checkout">
<kw name="Wait Until Keyword Succeeds" library="BuiltIn">
<arg>5 times</arg>
<arg>10 seconds</arg>
<arg>Page Should Contain</arg>
<arg>Thank you</arg>
<doc>Runs the specified keyword and retries if it fails.</doc>
<kw name="Page Should Contain" library="SeleniumLibrary">
<arg>Thank you</arg>
<doc>Verifies that current page contains ``text``.</doc>
<msg timestamp="20220131 13:52:15.861" level="INFO" html="true">&lt;/td&gt;&lt;/tr&gt;&lt;tr&gt;&lt;td colspan="3"&gt;&lt;a href="selenium-screenshot-53.png"&gt;&lt;img src="selenium-screenshot-53.png" width="800px"&gt;&lt;/a&gt;</msg>
<msg timestamp="20220131 13:52:15.861" level="FAIL">Page should have contained text 'Thank you' but did not.</msg>
<status status="FAIL" starttime="20220131 13:52:15.711" endtime="20220131 13:52:15.861"/>
</kw>
<kw name="Page Should Contain" library="SeleniumLibrary">
<arg>Thank you</arg>
<doc>Verifies that current page contains ``text``.</doc>
<msg timestamp="20220131 13:52:25.908" level="INFO">Current page contains text 'Thank you'.</msg>
<status status="PASS" starttime="20220131 13:52:25.871" endtime="20220131 13:52:25.908"/>
</kw>
<status status="PASS" starttime="20220131 13:52:15.711" endtime="20220131 13:52:25.924"/>
</kw>
<kw name="Wait Until Keyword Succeeds" library="BuiltIn">
<arg>5 times</arg>
<arg>10 seconds</arg>
<arg>Page Should Contain</arg>
<arg>Your order has been successfully processed!</arg>
<doc>Runs the specified keyword and retries if it fails.</doc>
<kw name="Page Should Contain" library="SeleniumLibrary">
<arg>Your order has been successfully processed!</arg>
<doc>Verifies that current page contains ``text``.</doc>
<msg timestamp="20220131 13:52:25.971" level="INFO">Current page contains text 'Your order has been successfully processed!'.</msg>
<status status="PASS" starttime="20220131 13:52:25.924" endtime="20220131 13:52:25.971"/>
</kw>
<status status="PASS" starttime="20220131 13:52:25.924" endtime="20220131 13:52:25.971"/>
</kw>
<status status="PASS" starttime="20220131 13:52:15.701" endtime="20220131 13:52:25.971"/>
</kw>
<kw name="Proceed To Order Details Page" library="Checkout">
<kw name="Wait Until Keyword Succeeds" library="BuiltIn">
<arg>5 times</arg>
<arg>10 seconds</arg>
<arg>Click Link</arg>
<arg>${checkout}[order_details_link]</arg>
<doc>Runs the specified keyword and retries if it fails.</doc>
<kw name="Click Link" library="SeleniumLibrary">
<arg>${checkout}[order_details_link]</arg>
<doc>Clicks a link identified by ``locator``.</doc>
<msg timestamp="20220131 13:52:25.971" level="INFO">Clicking link '//a[contains(text(),'Click here for order details.')]'.</msg>
<status status="PASS" starttime="20220131 13:52:25.971" endtime="20220131 13:52:26.876"/>
</kw>
<status status="PASS" starttime="20220131 13:52:25.971" endtime="20220131 13:52:26.876"/>
</kw>
<status status="PASS" starttime="20220131 13:52:25.971" endtime="20220131 13:52:26.876"/>
</kw>
<kw name="Verify Order Details Are Visible" library="Checkout">
<kw name="Element Should Be Visible" library="SeleniumLibrary">
<arg>${checkout}[order_details_info]</arg>
<doc>Verifies that the element identified by ``locator`` is visible.</doc>
<msg timestamp="20220131 13:52:26.908" level="INFO">Element 'class:order-details-page' is displayed.</msg>
<status status="PASS" starttime="20220131 13:52:26.876" endtime="20220131 13:52:26.908"/>
</kw>
<kw name="Page Should Contain" library="SeleniumLibrary">
<arg>Order information</arg>
<doc>Verifies that current page contains ``text``.</doc>
<msg timestamp="20220131 13:52:26.916" level="INFO">Current page contains text 'Order information'.</msg>
<status status="PASS" starttime="20220131 13:52:26.908" endtime="20220131 13:52:26.916"/>
</kw>
<status status="PASS" starttime="20220131 13:52:26.876" endtime="20220131 13:52:26.924"/>
</kw>
<kw name="Get Text" library="SeleniumLibrary">
<var>${order_num}</var>
<arg>//div[@class='order-number']//strong</arg>
<doc>Returns the text value of the element identified by ``locator``.</doc>
<msg timestamp="20220131 13:52:26.948" level="INFO">${order_num} = ORDER #1034</msg>
<status status="PASS" starttime="20220131 13:52:26.924" endtime="20220131 13:52:26.948"/>
</kw>
<kw name="Log To Console" library="BuiltIn">
<arg>${order_num}</arg>
<doc>Logs the given message to the console.</doc>
<status status="PASS" starttime="20220131 13:52:26.948" endtime="20220131 13:52:26.948"/>
</kw>
<kw name="Click Element" library="SeleniumLibrary">
<arg>//a[contains(text(),'PDF Invoice')]</arg>
<doc>Click the element identified by ``locator``.</doc>
<msg timestamp="20220131 13:52:26.948" level="INFO">Clicking element '//a[contains(text(),'PDF Invoice')]'.</msg>
<status status="PASS" starttime="20220131 13:52:26.948" endtime="20220131 13:52:28.138"/>
</kw>
<kw name="Close All Browsers" library="SeleniumLibrary">
<doc>Closes all open browsers and resets the browser cache.</doc>
<status status="PASS" starttime="20220131 13:52:28.138" endtime="20220131 13:52:30.451"/>
</kw>
<doc>Shopping for Shoes and Shirt as a new registered user(Registering After Shopping)</doc>
<tag>TestCase6</tag>
<tag>WebUI</tag>
<tag>WebUI_Workflow</tag>
<status status="PASS" starttime="20220131 13:49:47.964" endtime="20220131 13:52:30.451"/>
</test>
<doc>This resource file contains keywords for dealing with workflows</doc>
<status status="FAIL" starttime="20220131 13:42:15.178" endtime="20220131 13:52:30.457"/>
</suite>
<statistics>
<total>
<stat pass="5" fail="1" skip="0">All Tests</stat>
</total>
<tag>
<stat pass="1" fail="0" skip="0">TestCase1</stat>
<stat pass="0" fail="1" skip="0">TestCase2</stat>
<stat pass="1" fail="0" skip="0">TestCase3</stat>
<stat pass="1" fail="0" skip="0">Testcase4</stat>
<stat pass="1" fail="0" skip="0">TestCase5</stat>
<stat pass="1" fail="0" skip="0">TestCase6</stat>
<stat pass="5" fail="1" skip="0">WebUI</stat>
<stat pass="5" fail="1" skip="0">WebUI_Workflow</stat>
</tag>
<suite>
<stat pass="5" fail="1" skip="0" id="s1" name="Workflow">Workflow</stat>
</suite>
</statistics>
<errors>
</errors>
</robot>
